2025-10-05 02:20:19,019 - INFO - Cargadas 34 coordenadas desde caché
2025-10-05 02:20:19,019 - INFO - Cargadas 34 coordenadas desde caché
2025-10-05 02:20:19,022 - INFO - Logging configurado. Archivo: C:\Users\andre\OneDrive\Desktop\modelospaceapps\logs\training_20251005_022019.log
2025-10-05 02:20:19,023 - INFO - Cargadas 34 coordenadas desde caché
2025-10-05 02:20:19,026 - INFO - Usando aproximación para código postal 31146 (Chihuahua)
2025-10-05 02:20:19,026 - INFO - GENERANDO PRONOSTICO PARA 31146
2025-10-05 02:20:19,026 - INFO - Usando aproximación para código postal 31146 (Chihuahua)
2025-10-05 02:20:19,027 - INFO - Coordenadas encontradas: 28.632, -106.069
2025-10-05 02:20:19,027 - INFO - Cargando modelo y artefactos...
2025-10-05 02:20:19,028 - INFO - Información del dataset cargada: C:\Users\andre\OneDrive\Desktop\modelospaceapps\models\dataset_info.pkl
2025-10-05 02:20:19,102 - INFO - Hiperparámetros cargados: input_size=20, hidden_size=128, model_type=simple
2025-10-05 02:20:21,514 - INFO - Trainer inicializado en dispositivo: cuda
2025-10-05 02:20:21,677 - INFO - Validando hiperparámetros: guardados={'input_size': 20, 'hidden_size': 128, 'num_layers': 2, 'output_steps': 24, 'num_targets': 6, 'model_class': 'WeatherPredictorSimplified'}, actuales={'input_size': 20, 'hidden_size': 128, 'num_layers': 2, 'output_steps': 24, 'num_targets': 6, 'model_class': 'WeatherPredictorSimplified'}
2025-10-05 02:20:21,685 - INFO - Modelo cargado correctamente: C:\Users\andre\OneDrive\Desktop\modelospaceapps\models\weather_model.pt
2025-10-05 02:20:21,686 - INFO - Escalador cargado: C:\Users\andre\OneDrive\Desktop\modelospaceapps\models\scaler.pkl
2025-10-05 02:20:21,686 - WARNING - Error cargando columnas de características de C:\Users\andre\OneDrive\Desktop\modelospaceapps\models\feature_columns.pkl: pop from empty list. Usando lista vacía.
2025-10-05 02:20:21,686 - INFO - Columnas de features cargadas: 0 columnas
2025-10-05 02:20:21,687 - INFO - Modelo y artefactos cargados correctamente
2025-10-05 02:20:21,687 - INFO - Generando pronóstico para código postal: 31146
2025-10-05 02:20:21,687 - INFO - Usando aproximación para código postal 31146 (Chihuahua)
2025-10-05 02:20:21,688 - INFO - Coordenadas encontradas: (28.632, -106.069)
2025-10-05 02:20:21,688 - INFO - Creando dataset de predicción para 31146
2025-10-05 02:20:21,688 - INFO - Recopilando datos históricos para predicción en 31146
2025-10-05 02:20:21,689 - INFO - Usando fechas históricas: 2024-09-15 12:00:00 a 2024-09-15 18:00:00
2025-10-05 02:20:21,689 - WARNING - Error obteniendo datos ERA5 históricos: 'ERA5DataDownloader' object has no attribute 'get_data'
2025-10-05 02:20:21,689 - WARNING - Error obteniendo datos IMERG históricos: 'IMERGDataDownloader' object has no attribute 'get_data'
2025-10-05 02:20:21,690 - WARNING - Error obteniendo datos de estaciones históricos: 'MeteostatDataDownloader' object has no attribute 'get_data'
2025-10-05 02:20:21,690 - WARNING - No se pudieron obtener datos históricos de ninguna fuente, usando datos sintéticos
2025-10-05 02:20:21,690 - INFO - Generando datos sintéticos para (28.632, -106.069) del 2024-09-15 al 2024-09-15
2025-10-05 02:20:21,696 - INFO - Generados 25 registros sintéticos para región 'chihuahua_city'
2025-10-05 02:20:21,696 - INFO - Datos sintéticos generados para predicción: 25 registros
2025-10-05 02:20:21,697 - INFO - Creando características derivadas para 9 variables base
2025-10-05 02:20:21,703 - INFO - Características temporales creadas: 15 nuevas variables
2025-10-05 02:20:21,710 - INFO - Características de lag creadas: 36 variables
2025-10-05 02:20:21,728 - INFO - Características rolling creadas: 108 variables
2025-10-05 02:20:21,738 - INFO - Características acumuladas creadas: 54 variables
2025-10-05 02:20:21,747 - INFO - Características de diferencias creadas: 54 variables
2025-10-05 02:20:21,763 - INFO - Características específicas del clima creadas: 8 variables
2025-10-05 02:20:21,763 - INFO - Total de características creadas: 275
2025-10-05 02:20:21,764 - INFO - Dataset final: 25 filas x 284 columnas
2025-10-05 02:20:21,765 - INFO - Características seleccionadas: 20 de 284
2025-10-05 02:20:21,784 - INFO - Dataset de predicción creado: torch.Size([1, 24, 20])
2025-10-05 02:20:21,867 - WARNING - No hay escalador disponible, usando valores por defecto
2025-10-05 02:20:21,867 - INFO - Desnormalización básica aplicada con rangos típicos
2025-10-05 02:20:21,868 - INFO - Pronóstico generado exitosamente para 31146
2025-10-05 02:20:21,870 - INFO - Generando visualizaciones...
2025-10-05 02:20:23,526 - INFO - Gráfico de pronóstico guardado: C:\Users\andre\OneDrive\Desktop\modelospaceapps\logs\plots\forecast_31146_20251005_022022.png
2025-10-05 02:20:24,325 - INFO - Línea temporal guardada: C:\Users\andre\OneDrive\Desktop\modelospaceapps\logs\plots\timeline_31146_20251005_022023.png
2025-10-05 02:20:24,344 - INFO - Pronostico generado exitosamente
