2025-10-04 17:46:14,040 - INFO - Cargadas 34 coordenadas desde caché
2025-10-04 17:46:14,040 - INFO - Cargadas 34 coordenadas desde caché
2025-10-04 17:46:14,042 - INFO - Logging configurado. Archivo: C:\Users\USER\Desktop\backspaceaps\logs\training_20251004_174614.log
2025-10-04 17:46:14,042 - INFO - Cargadas 34 coordenadas desde caché
2025-10-04 17:46:14,046 - INFO - ENTRENANDO MODELO DE PREDICCION
2025-10-04 17:46:14,046 - INFO - CONFIGURANDO BASE DE DATOS POSTAL
2025-10-04 17:46:14,046 - INFO - Base de datos postal ya configurada (34 codigos postales)
2025-10-04 17:46:14,047 - INFO - === INICIANDO PIPELINE COMPLETO DE ENTRENAMIENTO ===
2025-10-04 17:46:14,047 - INFO - === PREPARANDO DATOS DE ENTRENAMIENTO ===
2025-10-04 17:46:14,051 - INFO - Período de entrenamiento: 2023-10-04 - 2025-10-04
2025-10-04 17:46:14,052 - INFO - Seleccionados 10 códigos postales estratificados
2025-10-04 17:46:14,053 - INFO - Seleccionados 10 códigos postales para entrenamiento
2025-10-04 17:46:14,053 - INFO - Creando dataset de entrenamiento con 10 códigos postales
2025-10-04 17:46:14,053 - INFO - Procesando código postal 31600 (1/10)
2025-10-04 17:46:14,054 - INFO - Cargadas 34 coordenadas desde caché
2025-10-04 17:46:14,054 - INFO - Recopilando datos climáticos para 31600 del 2023-10-04 al 2025-10-04
2025-10-04 17:46:14,054 - INFO - Obteniendo datos IMERG...
2025-10-04 17:46:14,054 - INFO - Credenciales NASA encontradas en variables de entorno
2025-10-04 17:46:14,054 - ERROR - Error configurando sesión NASA: cannot import name 'create_session' from 'pydap.cas.urs' (C:\Users\USER\AppData\Roaming\Python\Python313\site-packages\pydap\cas\urs.py)
2025-10-04 17:46:14,054 - ERROR - No se pudo configurar sesión con NASA
2025-10-04 17:46:14,054 - WARNING - No se pudieron obtener datos IMERG
2025-10-04 17:46:14,054 - INFO - Obteniendo datos ERA5...
2025-10-04 17:46:14,054 - INFO - Credenciales CDS encontradas en variables de entorno
2025-10-04 17:46:15,527 - INFO - Cliente CDS configurado correctamente con credenciales de .env
2025-10-04 17:46:15,527 - INFO - Descargando datos ERA5 para (28.632, -106.069) del 2023-10-04 al 2025-10-04
2025-10-04 17:46:15,773 - ERROR - Error descargando datos ERA5: 404 Client Error: Not Found for url: https://cds.climate.copernicus.eu/api/v2/retrieve/v1/processes/reanalysis-era5-single-levels
Exception: Climate Data Store API endpoint not found

It seems you are trying to access an API endpoint that does not exist.

It is possible that you are pointing to an outdated API endpoint which has been removed/renamed. 

Your api client version and/or configuration file may need to be updated.

For users of the standard cdsapi Python library, please proceed as follows:
- update your cdsapi client to the latest version available
- update your .cdsapirc file as expected ("url" should be set to https://cds.climate.copernicus.eu/api and "key" should be set to your API key WITHOUT the deprecated `<UID>:` prefix)

For users of the ecmwf-datastores-client Python library (recommended for advanced users), please ensure that your ecmwf-datastores-client version is updated and your .ecmwfdatastoresrc file is correctly configured.

If you are trying to access a REST API endpoint directly, please refer to the documentation for more information on how to access REST API endpoints: https://cds.climate.copernicus.eu/how-to-api
2025-10-04 17:46:15,773 - WARNING - No se pudieron obtener datos ERA5
2025-10-04 17:46:15,773 - INFO - Obteniendo datos de estaciones locales...
2025-10-04 17:46:15,773 - INFO - Buscando estaciones cercanas a (28.632, -106.069) dentro de 100km
2025-10-04 17:46:17,154 - WARNING - No se encontraron estaciones meteorológicas cercanas
2025-10-04 17:46:17,154 - WARNING - No se encontraron estaciones para combinar datos
2025-10-04 17:46:17,154 - WARNING - No se pudieron obtener datos de estaciones locales
2025-10-04 17:46:17,154 - ERROR - No se pudieron obtener datos de ninguna fuente
2025-10-04 17:46:17,154 - WARNING - No se pudieron obtener datos para 31600
2025-10-04 17:46:17,154 - INFO - Procesando código postal 31500 (2/10)
2025-10-04 17:46:17,154 - INFO - Cargadas 34 coordenadas desde caché
2025-10-04 17:46:17,155 - INFO - Recopilando datos climáticos para 31500 del 2023-10-04 al 2025-10-04
2025-10-04 17:46:17,155 - INFO - Obteniendo datos IMERG...
2025-10-04 17:46:17,155 - INFO - Credenciales NASA encontradas en variables de entorno
2025-10-04 17:46:17,155 - ERROR - Error configurando sesión NASA: cannot import name 'create_session' from 'pydap.cas.urs' (C:\Users\USER\AppData\Roaming\Python\Python313\site-packages\pydap\cas\urs.py)
2025-10-04 17:46:17,155 - ERROR - No se pudo configurar sesión con NASA
2025-10-04 17:46:17,155 - WARNING - No se pudieron obtener datos IMERG
2025-10-04 17:46:17,155 - INFO - Obteniendo datos ERA5...
2025-10-04 17:46:17,155 - INFO - Credenciales CDS encontradas en variables de entorno
2025-10-04 17:46:18,103 - INFO - Cliente CDS configurado correctamente con credenciales de .env
2025-10-04 17:46:18,104 - INFO - Descargando datos ERA5 para (28.408, -106.860) del 2023-10-04 al 2025-10-04
2025-10-04 17:46:18,338 - ERROR - Error descargando datos ERA5: 404 Client Error: Not Found for url: https://cds.climate.copernicus.eu/api/v2/retrieve/v1/processes/reanalysis-era5-single-levels
Exception: Climate Data Store API endpoint not found

It seems you are trying to access an API endpoint that does not exist.

It is possible that you are pointing to an outdated API endpoint which has been removed/renamed. 

Your api client version and/or configuration file may need to be updated.

For users of the standard cdsapi Python library, please proceed as follows:
- update your cdsapi client to the latest version available
- update your .cdsapirc file as expected ("url" should be set to https://cds.climate.copernicus.eu/api and "key" should be set to your API key WITHOUT the deprecated `<UID>:` prefix)

For users of the ecmwf-datastores-client Python library (recommended for advanced users), please ensure that your ecmwf-datastores-client version is updated and your .ecmwfdatastoresrc file is correctly configured.

If you are trying to access a REST API endpoint directly, please refer to the documentation for more information on how to access REST API endpoints: https://cds.climate.copernicus.eu/how-to-api
2025-10-04 17:46:18,339 - WARNING - No se pudieron obtener datos ERA5
2025-10-04 17:46:18,339 - INFO - Obteniendo datos de estaciones locales...
2025-10-04 17:46:18,339 - INFO - Buscando estaciones cercanas a (28.408, -106.860) dentro de 100km
2025-10-04 17:46:18,361 - WARNING - No se encontraron estaciones meteorológicas cercanas
2025-10-04 17:46:18,361 - WARNING - No se encontraron estaciones para combinar datos
2025-10-04 17:46:18,361 - WARNING - No se pudieron obtener datos de estaciones locales
2025-10-04 17:46:18,361 - ERROR - No se pudieron obtener datos de ninguna fuente
2025-10-04 17:46:18,361 - WARNING - No se pudieron obtener datos para 31500
2025-10-04 17:46:18,361 - INFO - Procesando código postal 31100 (3/10)
2025-10-04 17:46:18,362 - INFO - Cargadas 34 coordenadas desde caché
2025-10-04 17:46:18,362 - INFO - Recopilando datos climáticos para 31100 del 2023-10-04 al 2025-10-04
2025-10-04 17:46:18,363 - INFO - Obteniendo datos IMERG...
2025-10-04 17:46:18,363 - INFO - Credenciales NASA encontradas en variables de entorno
2025-10-04 17:46:18,363 - ERROR - Error configurando sesión NASA: cannot import name 'create_session' from 'pydap.cas.urs' (C:\Users\USER\AppData\Roaming\Python\Python313\site-packages\pydap\cas\urs.py)
2025-10-04 17:46:18,363 - ERROR - No se pudo configurar sesión con NASA
2025-10-04 17:46:18,363 - WARNING - No se pudieron obtener datos IMERG
2025-10-04 17:46:18,363 - INFO - Obteniendo datos ERA5...
2025-10-04 17:46:18,363 - INFO - Credenciales CDS encontradas en variables de entorno
2025-10-04 17:46:19,348 - INFO - Cliente CDS configurado correctamente con credenciales de .env
2025-10-04 17:46:19,349 - INFO - Descargando datos ERA5 para (28.632, -106.069) del 2023-10-04 al 2025-10-04
2025-10-04 17:46:19,591 - ERROR - Error descargando datos ERA5: 404 Client Error: Not Found for url: https://cds.climate.copernicus.eu/api/v2/retrieve/v1/processes/reanalysis-era5-single-levels
Exception: Climate Data Store API endpoint not found

It seems you are trying to access an API endpoint that does not exist.

It is possible that you are pointing to an outdated API endpoint which has been removed/renamed. 

Your api client version and/or configuration file may need to be updated.

For users of the standard cdsapi Python library, please proceed as follows:
- update your cdsapi client to the latest version available
- update your .cdsapirc file as expected ("url" should be set to https://cds.climate.copernicus.eu/api and "key" should be set to your API key WITHOUT the deprecated `<UID>:` prefix)

For users of the ecmwf-datastores-client Python library (recommended for advanced users), please ensure that your ecmwf-datastores-client version is updated and your .ecmwfdatastoresrc file is correctly configured.

If you are trying to access a REST API endpoint directly, please refer to the documentation for more information on how to access REST API endpoints: https://cds.climate.copernicus.eu/how-to-api
2025-10-04 17:46:19,592 - WARNING - No se pudieron obtener datos ERA5
2025-10-04 17:46:19,592 - INFO - Obteniendo datos de estaciones locales...
2025-10-04 17:46:19,592 - INFO - Buscando estaciones cercanas a (28.632, -106.069) dentro de 100km
2025-10-04 17:46:19,611 - WARNING - No se encontraron estaciones meteorológicas cercanas
2025-10-04 17:46:19,611 - WARNING - No se encontraron estaciones para combinar datos
2025-10-04 17:46:19,611 - WARNING - No se pudieron obtener datos de estaciones locales
2025-10-04 17:46:19,611 - ERROR - No se pudieron obtener datos de ninguna fuente
2025-10-04 17:46:19,611 - WARNING - No se pudieron obtener datos para 31100
2025-10-04 17:46:19,612 - INFO - Procesando código postal 31900 (4/10)
2025-10-04 17:46:19,612 - INFO - Cargadas 34 coordenadas desde caché
2025-10-04 17:46:19,612 - INFO - Recopilando datos climáticos para 31900 del 2023-10-04 al 2025-10-04
2025-10-04 17:46:19,612 - INFO - Obteniendo datos IMERG...
2025-10-04 17:46:19,612 - INFO - Credenciales NASA encontradas en variables de entorno
2025-10-04 17:46:19,612 - ERROR - Error configurando sesión NASA: cannot import name 'create_session' from 'pydap.cas.urs' (C:\Users\USER\AppData\Roaming\Python\Python313\site-packages\pydap\cas\urs.py)
2025-10-04 17:46:19,612 - ERROR - No se pudo configurar sesión con NASA
2025-10-04 17:46:19,612 - WARNING - No se pudieron obtener datos IMERG
2025-10-04 17:46:19,612 - INFO - Obteniendo datos ERA5...
2025-10-04 17:46:19,612 - INFO - Credenciales CDS encontradas en variables de entorno
2025-10-04 17:46:20,640 - INFO - Cliente CDS configurado correctamente con credenciales de .env
2025-10-04 17:46:20,640 - INFO - Descargando datos ERA5 para (28.632, -106.069) del 2023-10-04 al 2025-10-04
2025-10-04 17:46:20,895 - ERROR - Error descargando datos ERA5: 404 Client Error: Not Found for url: https://cds.climate.copernicus.eu/api/v2/retrieve/v1/processes/reanalysis-era5-single-levels
Exception: Climate Data Store API endpoint not found

It seems you are trying to access an API endpoint that does not exist.

It is possible that you are pointing to an outdated API endpoint which has been removed/renamed. 

Your api client version and/or configuration file may need to be updated.

For users of the standard cdsapi Python library, please proceed as follows:
- update your cdsapi client to the latest version available
- update your .cdsapirc file as expected ("url" should be set to https://cds.climate.copernicus.eu/api and "key" should be set to your API key WITHOUT the deprecated `<UID>:` prefix)

For users of the ecmwf-datastores-client Python library (recommended for advanced users), please ensure that your ecmwf-datastores-client version is updated and your .ecmwfdatastoresrc file is correctly configured.

If you are trying to access a REST API endpoint directly, please refer to the documentation for more information on how to access REST API endpoints: https://cds.climate.copernicus.eu/how-to-api
2025-10-04 17:46:20,895 - WARNING - No se pudieron obtener datos ERA5
2025-10-04 17:46:20,896 - INFO - Obteniendo datos de estaciones locales...
2025-10-04 17:46:20,896 - INFO - Buscando estaciones cercanas a (28.632, -106.069) dentro de 100km
2025-10-04 17:46:20,911 - WARNING - No se encontraron estaciones meteorológicas cercanas
2025-10-04 17:46:20,911 - WARNING - No se encontraron estaciones para combinar datos
2025-10-04 17:46:20,911 - WARNING - No se pudieron obtener datos de estaciones locales
2025-10-04 17:46:20,911 - ERROR - No se pudieron obtener datos de ninguna fuente
2025-10-04 17:46:20,911 - WARNING - No se pudieron obtener datos para 31900
2025-10-04 17:46:20,911 - INFO - Procesando código postal 32100 (5/10)
2025-10-04 17:46:20,912 - INFO - Cargadas 34 coordenadas desde caché
2025-10-04 17:46:20,912 - INFO - Recopilando datos climáticos para 32100 del 2023-10-04 al 2025-10-04
2025-10-04 17:46:20,912 - INFO - Obteniendo datos IMERG...
2025-10-04 17:46:20,912 - INFO - Credenciales NASA encontradas en variables de entorno
2025-10-04 17:46:20,912 - ERROR - Error configurando sesión NASA: cannot import name 'create_session' from 'pydap.cas.urs' (C:\Users\USER\AppData\Roaming\Python\Python313\site-packages\pydap\cas\urs.py)
2025-10-04 17:46:20,912 - ERROR - No se pudo configurar sesión con NASA
2025-10-04 17:46:20,912 - WARNING - No se pudieron obtener datos IMERG
2025-10-04 17:46:20,913 - INFO - Obteniendo datos ERA5...
2025-10-04 17:46:20,913 - INFO - Credenciales CDS encontradas en variables de entorno
2025-10-04 17:46:22,119 - INFO - Cliente CDS configurado correctamente con credenciales de .env
2025-10-04 17:46:22,119 - INFO - Descargando datos ERA5 para (31.690, -106.424) del 2023-10-04 al 2025-10-04
2025-10-04 17:46:22,350 - ERROR - Error descargando datos ERA5: 404 Client Error: Not Found for url: https://cds.climate.copernicus.eu/api/v2/retrieve/v1/processes/reanalysis-era5-single-levels
Exception: Climate Data Store API endpoint not found

It seems you are trying to access an API endpoint that does not exist.

It is possible that you are pointing to an outdated API endpoint which has been removed/renamed. 

Your api client version and/or configuration file may need to be updated.

For users of the standard cdsapi Python library, please proceed as follows:
- update your cdsapi client to the latest version available
- update your .cdsapirc file as expected ("url" should be set to https://cds.climate.copernicus.eu/api and "key" should be set to your API key WITHOUT the deprecated `<UID>:` prefix)

For users of the ecmwf-datastores-client Python library (recommended for advanced users), please ensure that your ecmwf-datastores-client version is updated and your .ecmwfdatastoresrc file is correctly configured.

If you are trying to access a REST API endpoint directly, please refer to the documentation for more information on how to access REST API endpoints: https://cds.climate.copernicus.eu/how-to-api
2025-10-04 17:46:22,351 - WARNING - No se pudieron obtener datos ERA5
2025-10-04 17:46:22,352 - INFO - Obteniendo datos de estaciones locales...
2025-10-04 17:46:22,352 - INFO - Buscando estaciones cercanas a (31.690, -106.424) dentro de 100km
2025-10-04 17:46:22,381 - WARNING - No se encontraron estaciones meteorológicas cercanas
2025-10-04 17:46:22,381 - WARNING - No se encontraron estaciones para combinar datos
2025-10-04 17:46:22,382 - WARNING - No se pudieron obtener datos de estaciones locales
2025-10-04 17:46:22,382 - ERROR - No se pudieron obtener datos de ninguna fuente
2025-10-04 17:46:22,382 - WARNING - No se pudieron obtener datos para 32100
2025-10-04 17:46:22,382 - INFO - Procesando código postal 32400 (6/10)
2025-10-04 17:46:22,382 - INFO - Cargadas 34 coordenadas desde caché
2025-10-04 17:46:22,382 - INFO - Recopilando datos climáticos para 32400 del 2023-10-04 al 2025-10-04
2025-10-04 17:46:22,383 - INFO - Obteniendo datos IMERG...
2025-10-04 17:46:22,383 - INFO - Credenciales NASA encontradas en variables de entorno
2025-10-04 17:46:22,383 - ERROR - Error configurando sesión NASA: cannot import name 'create_session' from 'pydap.cas.urs' (C:\Users\USER\AppData\Roaming\Python\Python313\site-packages\pydap\cas\urs.py)
2025-10-04 17:46:22,383 - ERROR - No se pudo configurar sesión con NASA
2025-10-04 17:46:22,383 - WARNING - No se pudieron obtener datos IMERG
2025-10-04 17:46:22,383 - INFO - Obteniendo datos ERA5...
2025-10-04 17:46:22,383 - INFO - Credenciales CDS encontradas en variables de entorno
2025-10-04 17:46:23,431 - INFO - Cliente CDS configurado correctamente con credenciales de .env
2025-10-04 17:46:23,432 - INFO - Descargando datos ERA5 para (31.690, -106.424) del 2023-10-04 al 2025-10-04
2025-10-04 17:46:23,666 - ERROR - Error descargando datos ERA5: 404 Client Error: Not Found for url: https://cds.climate.copernicus.eu/api/v2/retrieve/v1/processes/reanalysis-era5-single-levels
Exception: Climate Data Store API endpoint not found

It seems you are trying to access an API endpoint that does not exist.

It is possible that you are pointing to an outdated API endpoint which has been removed/renamed. 

Your api client version and/or configuration file may need to be updated.

For users of the standard cdsapi Python library, please proceed as follows:
- update your cdsapi client to the latest version available
- update your .cdsapirc file as expected ("url" should be set to https://cds.climate.copernicus.eu/api and "key" should be set to your API key WITHOUT the deprecated `<UID>:` prefix)

For users of the ecmwf-datastores-client Python library (recommended for advanced users), please ensure that your ecmwf-datastores-client version is updated and your .ecmwfdatastoresrc file is correctly configured.

If you are trying to access a REST API endpoint directly, please refer to the documentation for more information on how to access REST API endpoints: https://cds.climate.copernicus.eu/how-to-api
2025-10-04 17:46:23,667 - WARNING - No se pudieron obtener datos ERA5
2025-10-04 17:46:23,667 - INFO - Obteniendo datos de estaciones locales...
2025-10-04 17:46:23,667 - INFO - Buscando estaciones cercanas a (31.690, -106.424) dentro de 100km
2025-10-04 17:46:23,693 - WARNING - No se encontraron estaciones meteorológicas cercanas
2025-10-04 17:46:23,694 - WARNING - No se encontraron estaciones para combinar datos
2025-10-04 17:46:23,694 - WARNING - No se pudieron obtener datos de estaciones locales
2025-10-04 17:46:23,694 - ERROR - No se pudieron obtener datos de ninguna fuente
2025-10-04 17:46:23,694 - WARNING - No se pudieron obtener datos para 32400
2025-10-04 17:46:23,694 - INFO - Procesando código postal 32000 (7/10)
2025-10-04 17:46:23,695 - INFO - Cargadas 34 coordenadas desde caché
2025-10-04 17:46:23,695 - INFO - Recopilando datos climáticos para 32000 del 2023-10-04 al 2025-10-04
2025-10-04 17:46:23,695 - INFO - Obteniendo datos IMERG...
2025-10-04 17:46:23,695 - INFO - Credenciales NASA encontradas en variables de entorno
2025-10-04 17:46:23,695 - ERROR - Error configurando sesión NASA: cannot import name 'create_session' from 'pydap.cas.urs' (C:\Users\USER\AppData\Roaming\Python\Python313\site-packages\pydap\cas\urs.py)
2025-10-04 17:46:23,695 - ERROR - No se pudo configurar sesión con NASA
2025-10-04 17:46:23,695 - WARNING - No se pudieron obtener datos IMERG
2025-10-04 17:46:23,695 - INFO - Obteniendo datos ERA5...
2025-10-04 17:46:23,695 - INFO - Credenciales CDS encontradas en variables de entorno
2025-10-04 17:46:25,145 - INFO - Cliente CDS configurado correctamente con credenciales de .env
2025-10-04 17:46:25,145 - INFO - Descargando datos ERA5 para (31.690, -106.424) del 2023-10-04 al 2025-10-04
2025-10-04 17:46:25,378 - ERROR - Error descargando datos ERA5: 404 Client Error: Not Found for url: https://cds.climate.copernicus.eu/api/v2/retrieve/v1/processes/reanalysis-era5-single-levels
Exception: Climate Data Store API endpoint not found

It seems you are trying to access an API endpoint that does not exist.

It is possible that you are pointing to an outdated API endpoint which has been removed/renamed. 

Your api client version and/or configuration file may need to be updated.

For users of the standard cdsapi Python library, please proceed as follows:
- update your cdsapi client to the latest version available
- update your .cdsapirc file as expected ("url" should be set to https://cds.climate.copernicus.eu/api and "key" should be set to your API key WITHOUT the deprecated `<UID>:` prefix)

For users of the ecmwf-datastores-client Python library (recommended for advanced users), please ensure that your ecmwf-datastores-client version is updated and your .ecmwfdatastoresrc file is correctly configured.

If you are trying to access a REST API endpoint directly, please refer to the documentation for more information on how to access REST API endpoints: https://cds.climate.copernicus.eu/how-to-api
2025-10-04 17:46:25,378 - WARNING - No se pudieron obtener datos ERA5
2025-10-04 17:46:25,379 - INFO - Obteniendo datos de estaciones locales...
2025-10-04 17:46:25,379 - INFO - Buscando estaciones cercanas a (31.690, -106.424) dentro de 100km
2025-10-04 17:46:25,393 - WARNING - No se encontraron estaciones meteorológicas cercanas
2025-10-04 17:46:25,393 - WARNING - No se encontraron estaciones para combinar datos
2025-10-04 17:46:25,393 - WARNING - No se pudieron obtener datos de estaciones locales
2025-10-04 17:46:25,393 - ERROR - No se pudieron obtener datos de ninguna fuente
2025-10-04 17:46:25,393 - WARNING - No se pudieron obtener datos para 32000
2025-10-04 17:46:25,393 - INFO - Procesando código postal 32880 (8/10)
2025-10-04 17:46:25,393 - INFO - Cargadas 34 coordenadas desde caché
2025-10-04 17:46:25,393 - INFO - Recopilando datos climáticos para 32880 del 2023-10-04 al 2025-10-04
2025-10-04 17:46:25,394 - INFO - Obteniendo datos IMERG...
2025-10-04 17:46:25,394 - INFO - Credenciales NASA encontradas en variables de entorno
2025-10-04 17:46:25,394 - ERROR - Error configurando sesión NASA: cannot import name 'create_session' from 'pydap.cas.urs' (C:\Users\USER\AppData\Roaming\Python\Python313\site-packages\pydap\cas\urs.py)
2025-10-04 17:46:25,394 - ERROR - No se pudo configurar sesión con NASA
2025-10-04 17:46:25,394 - WARNING - No se pudieron obtener datos IMERG
2025-10-04 17:46:25,394 - INFO - Obteniendo datos ERA5...
2025-10-04 17:46:25,394 - INFO - Credenciales CDS encontradas en variables de entorno
2025-10-04 17:46:26,387 - INFO - Cliente CDS configurado correctamente con credenciales de .env
2025-10-04 17:46:26,388 - INFO - Descargando datos ERA5 para (29.567, -104.417) del 2023-10-04 al 2025-10-04
2025-10-04 17:46:26,609 - ERROR - Error descargando datos ERA5: 404 Client Error: Not Found for url: https://cds.climate.copernicus.eu/api/v2/retrieve/v1/processes/reanalysis-era5-single-levels
Exception: Climate Data Store API endpoint not found

It seems you are trying to access an API endpoint that does not exist.

It is possible that you are pointing to an outdated API endpoint which has been removed/renamed. 

Your api client version and/or configuration file may need to be updated.

For users of the standard cdsapi Python library, please proceed as follows:
- update your cdsapi client to the latest version available
- update your .cdsapirc file as expected ("url" should be set to https://cds.climate.copernicus.eu/api and "key" should be set to your API key WITHOUT the deprecated `<UID>:` prefix)

For users of the ecmwf-datastores-client Python library (recommended for advanced users), please ensure that your ecmwf-datastores-client version is updated and your .ecmwfdatastoresrc file is correctly configured.

If you are trying to access a REST API endpoint directly, please refer to the documentation for more information on how to access REST API endpoints: https://cds.climate.copernicus.eu/how-to-api
2025-10-04 17:46:26,610 - WARNING - No se pudieron obtener datos ERA5
2025-10-04 17:46:26,610 - INFO - Obteniendo datos de estaciones locales...
2025-10-04 17:46:26,610 - INFO - Buscando estaciones cercanas a (29.567, -104.417) dentro de 100km
2025-10-04 17:46:26,630 - WARNING - No se encontraron estaciones meteorológicas cercanas
2025-10-04 17:46:26,630 - WARNING - No se encontraron estaciones para combinar datos
2025-10-04 17:46:26,630 - WARNING - No se pudieron obtener datos de estaciones locales
2025-10-04 17:46:26,630 - ERROR - No se pudieron obtener datos de ninguna fuente
2025-10-04 17:46:26,631 - WARNING - No se pudieron obtener datos para 32880
2025-10-04 17:46:26,631 - INFO - Procesando código postal 33650 (9/10)
2025-10-04 17:46:26,631 - INFO - Cargadas 34 coordenadas desde caché
2025-10-04 17:46:26,631 - INFO - Recopilando datos climáticos para 33650 del 2023-10-04 al 2025-10-04
2025-10-04 17:46:26,631 - INFO - Obteniendo datos IMERG...
2025-10-04 17:46:26,631 - INFO - Credenciales NASA encontradas en variables de entorno
2025-10-04 17:46:26,631 - ERROR - Error configurando sesión NASA: cannot import name 'create_session' from 'pydap.cas.urs' (C:\Users\USER\AppData\Roaming\Python\Python313\site-packages\pydap\cas\urs.py)
2025-10-04 17:46:26,631 - ERROR - No se pudo configurar sesión con NASA
2025-10-04 17:46:26,631 - WARNING - No se pudieron obtener datos IMERG
2025-10-04 17:46:26,631 - INFO - Obteniendo datos ERA5...
2025-10-04 17:46:26,632 - INFO - Credenciales CDS encontradas en variables de entorno
2025-10-04 17:46:27,632 - INFO - Cliente CDS configurado correctamente con credenciales de .env
2025-10-04 17:46:27,632 - INFO - Descargando datos ERA5 para (26.767, -105.133) del 2023-10-04 al 2025-10-04
2025-10-04 17:46:27,856 - ERROR - Error descargando datos ERA5: 404 Client Error: Not Found for url: https://cds.climate.copernicus.eu/api/v2/retrieve/v1/processes/reanalysis-era5-single-levels
Exception: Climate Data Store API endpoint not found

It seems you are trying to access an API endpoint that does not exist.

It is possible that you are pointing to an outdated API endpoint which has been removed/renamed. 

Your api client version and/or configuration file may need to be updated.

For users of the standard cdsapi Python library, please proceed as follows:
- update your cdsapi client to the latest version available
- update your .cdsapirc file as expected ("url" should be set to https://cds.climate.copernicus.eu/api and "key" should be set to your API key WITHOUT the deprecated `<UID>:` prefix)

For users of the ecmwf-datastores-client Python library (recommended for advanced users), please ensure that your ecmwf-datastores-client version is updated and your .ecmwfdatastoresrc file is correctly configured.

If you are trying to access a REST API endpoint directly, please refer to the documentation for more information on how to access REST API endpoints: https://cds.climate.copernicus.eu/how-to-api
2025-10-04 17:46:27,856 - WARNING - No se pudieron obtener datos ERA5
2025-10-04 17:46:27,857 - INFO - Obteniendo datos de estaciones locales...
2025-10-04 17:46:27,857 - INFO - Buscando estaciones cercanas a (26.767, -105.133) dentro de 100km
2025-10-04 17:46:27,878 - WARNING - No se encontraron estaciones meteorológicas cercanas
2025-10-04 17:46:27,879 - WARNING - No se encontraron estaciones para combinar datos
2025-10-04 17:46:27,879 - WARNING - No se pudieron obtener datos de estaciones locales
2025-10-04 17:46:27,879 - ERROR - No se pudieron obtener datos de ninguna fuente
2025-10-04 17:46:27,879 - WARNING - No se pudieron obtener datos para 33650
2025-10-04 17:46:27,879 - INFO - Procesando código postal 33700 (10/10)
2025-10-04 17:46:27,880 - INFO - Cargadas 34 coordenadas desde caché
2025-10-04 17:46:27,880 - INFO - Recopilando datos climáticos para 33700 del 2023-10-04 al 2025-10-04
2025-10-04 17:46:27,880 - INFO - Obteniendo datos IMERG...
2025-10-04 17:46:27,880 - INFO - Credenciales NASA encontradas en variables de entorno
2025-10-04 17:46:27,880 - ERROR - Error configurando sesión NASA: cannot import name 'create_session' from 'pydap.cas.urs' (C:\Users\USER\AppData\Roaming\Python\Python313\site-packages\pydap\cas\urs.py)
2025-10-04 17:46:27,880 - ERROR - No se pudo configurar sesión con NASA
2025-10-04 17:46:27,880 - WARNING - No se pudieron obtener datos IMERG
2025-10-04 17:46:27,880 - INFO - Obteniendo datos ERA5...
2025-10-04 17:46:27,880 - INFO - Credenciales CDS encontradas en variables de entorno
2025-10-04 17:46:29,092 - INFO - Cliente CDS configurado correctamente con credenciales de .env
2025-10-04 17:46:29,092 - INFO - Descargando datos ERA5 para (27.692, -104.950) del 2023-10-04 al 2025-10-04
2025-10-04 17:46:29,345 - ERROR - Error descargando datos ERA5: 404 Client Error: Not Found for url: https://cds.climate.copernicus.eu/api/v2/retrieve/v1/processes/reanalysis-era5-single-levels
Exception: Climate Data Store API endpoint not found

It seems you are trying to access an API endpoint that does not exist.

It is possible that you are pointing to an outdated API endpoint which has been removed/renamed. 

Your api client version and/or configuration file may need to be updated.

For users of the standard cdsapi Python library, please proceed as follows:
- update your cdsapi client to the latest version available
- update your .cdsapirc file as expected ("url" should be set to https://cds.climate.copernicus.eu/api and "key" should be set to your API key WITHOUT the deprecated `<UID>:` prefix)

For users of the ecmwf-datastores-client Python library (recommended for advanced users), please ensure that your ecmwf-datastores-client version is updated and your .ecmwfdatastoresrc file is correctly configured.

If you are trying to access a REST API endpoint directly, please refer to the documentation for more information on how to access REST API endpoints: https://cds.climate.copernicus.eu/how-to-api
2025-10-04 17:46:29,345 - WARNING - No se pudieron obtener datos ERA5
2025-10-04 17:46:29,346 - INFO - Obteniendo datos de estaciones locales...
2025-10-04 17:46:29,346 - INFO - Buscando estaciones cercanas a (27.692, -104.950) dentro de 100km
2025-10-04 17:46:29,371 - WARNING - No se encontraron estaciones meteorológicas cercanas
2025-10-04 17:46:29,371 - WARNING - No se encontraron estaciones para combinar datos
2025-10-04 17:46:29,371 - WARNING - No se pudieron obtener datos de estaciones locales
2025-10-04 17:46:29,371 - ERROR - No se pudieron obtener datos de ninguna fuente
2025-10-04 17:46:29,371 - WARNING - No se pudieron obtener datos para 33700
2025-10-04 17:46:29,371 - ERROR - No se pudieron crear secuencias de entrenamiento
2025-10-04 17:46:29,372 - ERROR - Error creando dataset de entrenamiento
2025-10-04 17:46:29,372 - ERROR - Error entrenando modelo
