2025-10-04 18:40:05,827 - INFO - Cargadas 34 coordenadas desde caché
2025-10-04 18:40:05,828 - INFO - Cargadas 34 coordenadas desde caché
2025-10-04 18:40:05,830 - INFO - Logging configurado. Archivo: C:\Users\USER\Desktop\backspaceaps\logs\training_20251004_184005.log
2025-10-04 18:40:05,831 - INFO - Cargadas 34 coordenadas desde caché
2025-10-04 18:40:05,833 - INFO - Usando aproximación para código postal 31125 (Chihuahua)
2025-10-04 18:40:05,833 - INFO - GENERANDO PRONOSTICO PARA 31125
2025-10-04 18:40:05,833 - INFO - Usando aproximación para código postal 31125 (Chihuahua)
2025-10-04 18:40:05,834 - INFO - Coordenadas encontradas: 28.632, -106.069
2025-10-04 18:40:05,834 - INFO - Cargando modelo y artefactos...
2025-10-04 18:40:05,835 - INFO - Información del dataset cargada: C:\Users\USER\Desktop\backspaceaps\models\dataset_info.pkl
2025-10-04 18:40:05,951 - INFO - Hiperparámetros cargados: input_size=20, hidden_size=16, model_type=simple
2025-10-04 18:40:08,547 - INFO - Trainer inicializado en dispositivo: cpu
2025-10-04 18:40:08,651 - INFO - Validando hiperparámetros: guardados={'input_size': 20, 'hidden_size': 16, 'num_layers': 1, 'output_steps': 24, 'num_targets': 6, 'model_class': 'WeatherPredictorSimplified'}, actuales={'input_size': 20, 'hidden_size': 16, 'num_layers': 1, 'output_steps': 24, 'num_targets': 6, 'model_class': 'WeatherPredictorSimplified'}
2025-10-04 18:40:08,658 - INFO - Modelo cargado correctamente: C:\Users\USER\Desktop\backspaceaps\models\weather_model.pt
2025-10-04 18:40:08,659 - INFO - Modelo y artefactos cargados correctamente
2025-10-04 18:40:08,660 - INFO - Generando pronóstico para código postal: 31125
2025-10-04 18:40:08,660 - INFO - Usando aproximación para código postal 31125 (Chihuahua)
2025-10-04 18:40:08,660 - INFO - Coordenadas encontradas: (28.632, -106.069)
2025-10-04 18:40:08,660 - INFO - Creando dataset de predicción para 31125
2025-10-04 18:40:08,660 - INFO - Recopilando datos para predicción en 31125
2025-10-04 18:40:08,661 - INFO - Descargando datos IMERG recientes...
2025-10-04 18:40:08,661 - INFO - Bearer token NASA encontrado en variables de entorno
2025-10-04 18:40:08,661 - INFO - Sesión NASA configurada correctamente con bearer token
2025-10-04 18:40:08,661 - INFO - Sesión NASA configurada correctamente con bearer token
2025-10-04 18:40:08,661 - INFO - Descargando datos IMERG para (28.632, -106.069) del 2025-10-04 12:40:08.661325 al 2025-10-05 00:40:08.661325
2025-10-04 18:40:11,539 - WARNING - Error descargando datos para 2025-10-04 12:40:08.661325: HTTP Error occurred 404 Client Error: 404 for url: https://gpm1.gesdisc.eosdis.nasa.gov/opendap/GPM_L3/GPM_3IMERGHH.06/2025/10/GPM_3IMERGHH.06_20251004-S124008-E124008.RT-H5.dds - Failed to fetch data from `https://gpm1.gesdisc.eosdis.nasa.gov/opendap/GPM_L3/GPM_3IMERGHH.06/2025/10/GPM_3IMERGHH.06_20251004-S124008-E124008.RT-H5.dds`
2025-10-04 18:40:14,069 - WARNING - Error descargando datos para 2025-10-04 13:10:08.661325: HTTP Error occurred 404 Client Error: 404 for url: https://gpm1.gesdisc.eosdis.nasa.gov/opendap/GPM_L3/GPM_3IMERGHH.06/2025/10/GPM_3IMERGHH.06_20251004-S131008-E131008.RT-H5.dds - Failed to fetch data from `https://gpm1.gesdisc.eosdis.nasa.gov/opendap/GPM_L3/GPM_3IMERGHH.06/2025/10/GPM_3IMERGHH.06_20251004-S131008-E131008.RT-H5.dds`
2025-10-04 18:40:16,323 - WARNING - Error descargando datos para 2025-10-04 13:40:08.661325: HTTP Error occurred 404 Client Error: 404 for url: https://gpm1.gesdisc.eosdis.nasa.gov/opendap/GPM_L3/GPM_3IMERGHH.06/2025/10/GPM_3IMERGHH.06_20251004-S134008-E134008.RT-H5.dds - Failed to fetch data from `https://gpm1.gesdisc.eosdis.nasa.gov/opendap/GPM_L3/GPM_3IMERGHH.06/2025/10/GPM_3IMERGHH.06_20251004-S134008-E134008.RT-H5.dds`
2025-10-04 18:40:18,892 - WARNING - Error descargando datos para 2025-10-04 14:10:08.661325: HTTP Error occurred 404 Client Error: 404 for url: https://gpm1.gesdisc.eosdis.nasa.gov/opendap/GPM_L3/GPM_3IMERGHH.06/2025/10/GPM_3IMERGHH.06_20251004-S141008-E141008.RT-H5.dds - Failed to fetch data from `https://gpm1.gesdisc.eosdis.nasa.gov/opendap/GPM_L3/GPM_3IMERGHH.06/2025/10/GPM_3IMERGHH.06_20251004-S141008-E141008.RT-H5.dds`
2025-10-04 18:40:21,598 - WARNING - Error descargando datos para 2025-10-04 14:40:08.661325: HTTP Error occurred 404 Client Error: 404 for url: https://gpm1.gesdisc.eosdis.nasa.gov/opendap/GPM_L3/GPM_3IMERGHH.06/2025/10/GPM_3IMERGHH.06_20251004-S144008-E144008.RT-H5.dds - Failed to fetch data from `https://gpm1.gesdisc.eosdis.nasa.gov/opendap/GPM_L3/GPM_3IMERGHH.06/2025/10/GPM_3IMERGHH.06_20251004-S144008-E144008.RT-H5.dds`
2025-10-04 18:40:23,761 - WARNING - Error descargando datos para 2025-10-04 15:10:08.661325: HTTP Error occurred 404 Client Error: 404 for url: https://gpm1.gesdisc.eosdis.nasa.gov/opendap/GPM_L3/GPM_3IMERGHH.06/2025/10/GPM_3IMERGHH.06_20251004-S151008-E151008.RT-H5.dds - Failed to fetch data from `https://gpm1.gesdisc.eosdis.nasa.gov/opendap/GPM_L3/GPM_3IMERGHH.06/2025/10/GPM_3IMERGHH.06_20251004-S151008-E151008.RT-H5.dds`
2025-10-04 18:40:26,706 - WARNING - Error descargando datos para 2025-10-04 15:40:08.661325: HTTP Error occurred 404 Client Error: 404 for url: https://gpm1.gesdisc.eosdis.nasa.gov/opendap/GPM_L3/GPM_3IMERGHH.06/2025/10/GPM_3IMERGHH.06_20251004-S154008-E154008.RT-H5.dds - Failed to fetch data from `https://gpm1.gesdisc.eosdis.nasa.gov/opendap/GPM_L3/GPM_3IMERGHH.06/2025/10/GPM_3IMERGHH.06_20251004-S154008-E154008.RT-H5.dds`
2025-10-04 18:40:29,553 - WARNING - Error descargando datos para 2025-10-04 16:10:08.661325: HTTP Error occurred 404 Client Error: 404 for url: https://gpm1.gesdisc.eosdis.nasa.gov/opendap/GPM_L3/GPM_3IMERGHH.06/2025/10/GPM_3IMERGHH.06_20251004-S161008-E161008.RT-H5.dds - Failed to fetch data from `https://gpm1.gesdisc.eosdis.nasa.gov/opendap/GPM_L3/GPM_3IMERGHH.06/2025/10/GPM_3IMERGHH.06_20251004-S161008-E161008.RT-H5.dds`
2025-10-04 18:40:32,106 - WARNING - Error descargando datos para 2025-10-04 16:40:08.661325: HTTP Error occurred 404 Client Error: 404 for url: https://gpm1.gesdisc.eosdis.nasa.gov/opendap/GPM_L3/GPM_3IMERGHH.06/2025/10/GPM_3IMERGHH.06_20251004-S164008-E164008.RT-H5.dds - Failed to fetch data from `https://gpm1.gesdisc.eosdis.nasa.gov/opendap/GPM_L3/GPM_3IMERGHH.06/2025/10/GPM_3IMERGHH.06_20251004-S164008-E164008.RT-H5.dds`
2025-10-04 18:40:34,506 - WARNING - Error descargando datos para 2025-10-04 17:10:08.661325: HTTP Error occurred 404 Client Error: 404 for url: https://gpm1.gesdisc.eosdis.nasa.gov/opendap/GPM_L3/GPM_3IMERGHH.06/2025/10/GPM_3IMERGHH.06_20251004-S171008-E171008.RT-H5.dds - Failed to fetch data from `https://gpm1.gesdisc.eosdis.nasa.gov/opendap/GPM_L3/GPM_3IMERGHH.06/2025/10/GPM_3IMERGHH.06_20251004-S171008-E171008.RT-H5.dds`
2025-10-04 18:40:37,187 - WARNING - Error descargando datos para 2025-10-04 17:40:08.661325: HTTP Error occurred 404 Client Error: 404 for url: https://gpm1.gesdisc.eosdis.nasa.gov/opendap/GPM_L3/GPM_3IMERGHH.06/2025/10/GPM_3IMERGHH.06_20251004-S174008-E174008.RT-H5.dds - Failed to fetch data from `https://gpm1.gesdisc.eosdis.nasa.gov/opendap/GPM_L3/GPM_3IMERGHH.06/2025/10/GPM_3IMERGHH.06_20251004-S174008-E174008.RT-H5.dds`
2025-10-04 18:40:40,068 - WARNING - Error descargando datos para 2025-10-04 18:10:08.661325: HTTP Error occurred 404 Client Error: 404 for url: https://gpm1.gesdisc.eosdis.nasa.gov/opendap/GPM_L3/GPM_3IMERGHH.06/2025/10/GPM_3IMERGHH.06_20251004-S181008-E181008.RT-H5.dds - Failed to fetch data from `https://gpm1.gesdisc.eosdis.nasa.gov/opendap/GPM_L3/GPM_3IMERGHH.06/2025/10/GPM_3IMERGHH.06_20251004-S181008-E181008.RT-H5.dds`
2025-10-04 18:40:42,402 - WARNING - Error descargando datos para 2025-10-04 18:40:08.661325: HTTP Error occurred 404 Client Error: 404 for url: https://gpm1.gesdisc.eosdis.nasa.gov/opendap/GPM_L3/GPM_3IMERGHH.06/2025/10/GPM_3IMERGHH.06_20251004-S184008-E184008.RT-H5.dds - Failed to fetch data from `https://gpm1.gesdisc.eosdis.nasa.gov/opendap/GPM_L3/GPM_3IMERGHH.06/2025/10/GPM_3IMERGHH.06_20251004-S184008-E184008.RT-H5.dds`
2025-10-04 18:40:44,803 - WARNING - Error descargando datos para 2025-10-04 19:10:08.661325: HTTP Error occurred 404 Client Error: 404 for url: https://gpm1.gesdisc.eosdis.nasa.gov/opendap/GPM_L3/GPM_3IMERGHH.06/2025/10/GPM_3IMERGHH.06_20251004-S191008-E191008.RT-H5.dds - Failed to fetch data from `https://gpm1.gesdisc.eosdis.nasa.gov/opendap/GPM_L3/GPM_3IMERGHH.06/2025/10/GPM_3IMERGHH.06_20251004-S191008-E191008.RT-H5.dds`
2025-10-04 18:40:47,381 - WARNING - Error descargando datos para 2025-10-04 19:40:08.661325: HTTP Error occurred 404 Client Error: 404 for url: https://gpm1.gesdisc.eosdis.nasa.gov/opendap/GPM_L3/GPM_3IMERGHH.06/2025/10/GPM_3IMERGHH.06_20251004-S194008-E194008.RT-H5.dds - Failed to fetch data from `https://gpm1.gesdisc.eosdis.nasa.gov/opendap/GPM_L3/GPM_3IMERGHH.06/2025/10/GPM_3IMERGHH.06_20251004-S194008-E194008.RT-H5.dds`
2025-10-04 18:40:50,252 - WARNING - Error descargando datos para 2025-10-04 20:10:08.661325: HTTP Error occurred 404 Client Error: 404 for url: https://gpm1.gesdisc.eosdis.nasa.gov/opendap/GPM_L3/GPM_3IMERGHH.06/2025/10/GPM_3IMERGHH.06_20251004-S201008-E201008.RT-H5.dds - Failed to fetch data from `https://gpm1.gesdisc.eosdis.nasa.gov/opendap/GPM_L3/GPM_3IMERGHH.06/2025/10/GPM_3IMERGHH.06_20251004-S201008-E201008.RT-H5.dds`
2025-10-04 18:40:52,770 - WARNING - Error descargando datos para 2025-10-04 20:40:08.661325: HTTP Error occurred 404 Client Error: 404 for url: https://gpm1.gesdisc.eosdis.nasa.gov/opendap/GPM_L3/GPM_3IMERGHH.06/2025/10/GPM_3IMERGHH.06_20251004-S204008-E204008.RT-H5.dds - Failed to fetch data from `https://gpm1.gesdisc.eosdis.nasa.gov/opendap/GPM_L3/GPM_3IMERGHH.06/2025/10/GPM_3IMERGHH.06_20251004-S204008-E204008.RT-H5.dds`
2025-10-04 18:40:55,344 - WARNING - Error descargando datos para 2025-10-04 21:10:08.661325: HTTP Error occurred 404 Client Error: 404 for url: https://gpm1.gesdisc.eosdis.nasa.gov/opendap/GPM_L3/GPM_3IMERGHH.06/2025/10/GPM_3IMERGHH.06_20251004-S211008-E211008.RT-H5.dds - Failed to fetch data from `https://gpm1.gesdisc.eosdis.nasa.gov/opendap/GPM_L3/GPM_3IMERGHH.06/2025/10/GPM_3IMERGHH.06_20251004-S211008-E211008.RT-H5.dds`
2025-10-04 18:40:57,777 - WARNING - Error descargando datos para 2025-10-04 21:40:08.661325: HTTP Error occurred 404 Client Error: 404 for url: https://gpm1.gesdisc.eosdis.nasa.gov/opendap/GPM_L3/GPM_3IMERGHH.06/2025/10/GPM_3IMERGHH.06_20251004-S214008-E214008.RT-H5.dds - Failed to fetch data from `https://gpm1.gesdisc.eosdis.nasa.gov/opendap/GPM_L3/GPM_3IMERGHH.06/2025/10/GPM_3IMERGHH.06_20251004-S214008-E214008.RT-H5.dds`
2025-10-04 18:41:00,239 - WARNING - Error descargando datos para 2025-10-04 22:10:08.661325: HTTP Error occurred 404 Client Error: 404 for url: https://gpm1.gesdisc.eosdis.nasa.gov/opendap/GPM_L3/GPM_3IMERGHH.06/2025/10/GPM_3IMERGHH.06_20251004-S221008-E221008.RT-H5.dds - Failed to fetch data from `https://gpm1.gesdisc.eosdis.nasa.gov/opendap/GPM_L3/GPM_3IMERGHH.06/2025/10/GPM_3IMERGHH.06_20251004-S221008-E221008.RT-H5.dds`
2025-10-04 18:41:03,096 - WARNING - Error descargando datos para 2025-10-04 22:40:08.661325: HTTP Error occurred 404 Client Error: 404 for url: https://gpm1.gesdisc.eosdis.nasa.gov/opendap/GPM_L3/GPM_3IMERGHH.06/2025/10/GPM_3IMERGHH.06_20251004-S224008-E224008.RT-H5.dds - Failed to fetch data from `https://gpm1.gesdisc.eosdis.nasa.gov/opendap/GPM_L3/GPM_3IMERGHH.06/2025/10/GPM_3IMERGHH.06_20251004-S224008-E224008.RT-H5.dds`
2025-10-04 18:41:05,486 - WARNING - Error descargando datos para 2025-10-04 23:10:08.661325: HTTP Error occurred 404 Client Error: 404 for url: https://gpm1.gesdisc.eosdis.nasa.gov/opendap/GPM_L3/GPM_3IMERGHH.06/2025/10/GPM_3IMERGHH.06_20251004-S231008-E231008.RT-H5.dds - Failed to fetch data from `https://gpm1.gesdisc.eosdis.nasa.gov/opendap/GPM_L3/GPM_3IMERGHH.06/2025/10/GPM_3IMERGHH.06_20251004-S231008-E231008.RT-H5.dds`
2025-10-04 18:41:07,987 - WARNING - Error descargando datos para 2025-10-04 23:40:08.661325: HTTP Error occurred 404 Client Error: 404 for url: https://gpm1.gesdisc.eosdis.nasa.gov/opendap/GPM_L3/GPM_3IMERGHH.06/2025/10/GPM_3IMERGHH.06_20251004-S234008-E234008.RT-H5.dds - Failed to fetch data from `https://gpm1.gesdisc.eosdis.nasa.gov/opendap/GPM_L3/GPM_3IMERGHH.06/2025/10/GPM_3IMERGHH.06_20251004-S234008-E234008.RT-H5.dds`
2025-10-04 18:41:10,341 - WARNING - Error descargando datos para 2025-10-05 00:10:08.661325: HTTP Error occurred 404 Client Error: 404 for url: https://gpm1.gesdisc.eosdis.nasa.gov/opendap/GPM_L3/GPM_3IMERGHH.06/2025/10/GPM_3IMERGHH.06_20251005-S001008-E001008.RT-H5.dds - Failed to fetch data from `https://gpm1.gesdisc.eosdis.nasa.gov/opendap/GPM_L3/GPM_3IMERGHH.06/2025/10/GPM_3IMERGHH.06_20251005-S001008-E001008.RT-H5.dds`
2025-10-04 18:41:12,892 - WARNING - Error descargando datos para 2025-10-05 00:40:08.661325: HTTP Error occurred 404 Client Error: 404 for url: https://gpm1.gesdisc.eosdis.nasa.gov/opendap/GPM_L3/GPM_3IMERGHH.06/2025/10/GPM_3IMERGHH.06_20251005-S004008-E004008.RT-H5.dds - Failed to fetch data from `https://gpm1.gesdisc.eosdis.nasa.gov/opendap/GPM_L3/GPM_3IMERGHH.06/2025/10/GPM_3IMERGHH.06_20251005-S004008-E004008.RT-H5.dds`
2025-10-04 18:41:12,903 - ERROR - No se pudieron descargar datos IMERG
2025-10-04 18:41:12,905 - INFO - Descargando datos ERA5 recientes...
2025-10-04 18:41:12,906 - INFO - Credenciales CDS encontradas en variables de entorno
2025-10-04 18:41:14,841 - INFO - Cliente CDS configurado correctamente con credenciales de .env
2025-10-04 18:41:14,841 - INFO - Descargando datos ERA5 para (28.632, -106.069) del 2025-10-04 al 2025-10-05
2025-10-04 18:41:15,423 - ERROR - Error descargando datos ERA5: 400 Client Error: Bad Request for url: https://cds.climate.copernicus.eu/api/retrieve/v1/processes/reanalysis-era5-single-levels/execution
invalid request
None of the data you have requested is available yet, please revise the period requested. The latest date available for this dataset is: 2025-09-30 00:00
2025-10-04 18:41:15,425 - INFO - Descargando datos recientes de estaciones...
2025-10-04 18:41:15,426 - INFO - Buscando estaciones cercanas a (28.632, -106.069) dentro de 100km
2025-10-04 18:41:15,512 - WARNING - No se encontraron estaciones meteorológicas cercanas
2025-10-04 18:41:15,513 - WARNING - No se encontraron estaciones para combinar datos
2025-10-04 18:41:15,513 - WARNING - No se pudieron obtener datos recientes de ninguna fuente, usando datos sintéticos
2025-10-04 18:41:15,522 - INFO - Generando datos sintéticos para (28.632, -106.069) del 2025-10-04 al 2025-10-04
2025-10-04 18:41:15,541 - INFO - Generados 25 registros sintéticos para región 'chihuahua_city'
2025-10-04 18:41:15,541 - INFO - Datos sintéticos generados para predicción: 25 registros
2025-10-04 18:41:15,542 - INFO - Creando características derivadas para 9 variables base
2025-10-04 18:41:15,553 - INFO - Características temporales creadas: 15 nuevas variables
2025-10-04 18:41:15,561 - INFO - Características de lag creadas: 36 variables
2025-10-04 18:41:15,603 - INFO - Características rolling creadas: 108 variables
2025-10-04 18:41:15,622 - INFO - Características acumuladas creadas: 54 variables
2025-10-04 18:41:15,633 - INFO - Características de diferencias creadas: 54 variables
2025-10-04 18:41:15,657 - INFO - Características específicas del clima creadas: 8 variables
2025-10-04 18:41:15,658 - INFO - Total de características creadas: 275
2025-10-04 18:41:15,658 - INFO - Dataset final: 25 filas x 284 columnas
2025-10-04 18:41:15,660 - INFO - Características seleccionadas: 20 de 284
2025-10-04 18:41:15,704 - INFO - Dataset de predicción creado: torch.Size([1, 24, 20])
2025-10-04 18:41:15,705 - ERROR - Error generando pronóstico: 'WeatherPredictorSimplified' object has no attribute 'predict_step'
2025-10-04 18:41:15,705 - ERROR - Error en pronostico: Error interno del sistema: 'WeatherPredictorSimplified' object has no attribute 'predict_step'
