2025-10-04 18:00:32,434 - INFO - Cargadas 34 coordenadas desde caché
2025-10-04 18:00:32,434 - INFO - Cargadas 34 coordenadas desde caché
2025-10-04 18:00:32,435 - INFO - Logging configurado. Archivo: C:\Users\USER\Desktop\backspaceaps\logs\training_20251004_180032.log
2025-10-04 18:00:32,436 - INFO - Cargadas 34 coordenadas desde caché
2025-10-04 18:00:32,437 - INFO - ENTRENANDO MODELO DE PREDICCION
2025-10-04 18:00:32,437 - INFO - CONFIGURANDO BASE DE DATOS POSTAL
2025-10-04 18:00:32,438 - INFO - Base de datos postal ya configurada (34 codigos postales)
2025-10-04 18:00:32,438 - INFO - === INICIANDO PIPELINE COMPLETO DE ENTRENAMIENTO ===
2025-10-04 18:00:32,438 - INFO - === PREPARANDO DATOS DE ENTRENAMIENTO ===
2025-10-04 18:00:32,438 - INFO - Modo sintético forzado: usando 1 día de datos
2025-10-04 18:00:32,439 - INFO - Usando datos sintéticos con período de 1 días
2025-10-04 18:00:32,439 - INFO - Período de entrenamiento: 2025-10-03 - 2025-10-04
2025-10-04 18:00:32,439 - INFO - Seleccionados 10 códigos postales estratificados
2025-10-04 18:00:32,439 - INFO - Seleccionados 10 códigos postales para entrenamiento
2025-10-04 18:00:32,439 - INFO - Creando dataset de entrenamiento con 10 códigos postales
2025-10-04 18:00:32,439 - INFO - Procesando código postal 31820 (1/10)
2025-10-04 18:00:32,440 - INFO - Cargadas 34 coordenadas desde caché
2025-10-04 18:00:32,440 - INFO - Recopilando datos climáticos para 31820 del 2025-10-03 al 2025-10-04
2025-10-04 18:00:32,440 - INFO - Usando datos sintéticos forzados (modo desarrollo)
2025-10-04 18:00:32,440 - INFO - Generando datos sintéticos para (31.100, -107.983) del 2025-10-03 al 2025-10-04
2025-10-04 18:00:32,449 - INFO - Generados 97 registros sintéticos para región 'juarez'
2025-10-04 18:00:32,449 - INFO - Datos sintéticos generados: 97 registros
2025-10-04 18:00:32,449 - INFO - Creando características derivadas para 9 variables base
2025-10-04 18:00:32,458 - INFO - Características temporales creadas: 14 nuevas variables
2025-10-04 18:00:32,486 - INFO - Características de lag creadas: 54 variables
2025-10-04 18:00:32,570 - INFO - Características rolling creadas: 144 variables
2025-10-04 18:00:32,604 - INFO - Características acumuladas creadas: 72 variables
2025-10-04 18:00:32,630 - INFO - Características de diferencias creadas: 54 variables
2025-10-04 18:00:32,646 - INFO - Características específicas del clima creadas: 8 variables
2025-10-04 18:00:32,646 - INFO - Total de características creadas: 346
2025-10-04 18:00:32,646 - INFO - Dataset final: 97 filas x 355 columnas
2025-10-04 18:00:32,648 - INFO - Características seleccionadas: 100 de 355
2025-10-04 18:00:32,653 - INFO - Escalador ajustado con 96 variables
2025-10-04 18:00:32,666 - INFO - Limpiando datos para conversión a tensores...
2025-10-04 18:00:32,669 - INFO - Datos preparados: (97, 96), tipo: float32
2025-10-04 18:00:32,670 - INFO - Secuencias preparadas: 50 muestras, entrada (50, 24, 96), salida (50, 24, 6)
2025-10-04 18:00:32,670 - INFO - Secuencias creadas para 31820: 50
2025-10-04 18:00:32,670 - INFO - Procesando código postal 31100 (2/10)
2025-10-04 18:00:32,670 - INFO - Cargadas 34 coordenadas desde caché
2025-10-04 18:00:32,670 - INFO - Recopilando datos climáticos para 31100 del 2025-10-03 al 2025-10-04
2025-10-04 18:00:32,670 - INFO - Usando datos sintéticos forzados (modo desarrollo)
2025-10-04 18:00:32,670 - INFO - Generando datos sintéticos para (28.632, -106.069) del 2025-10-03 al 2025-10-04
2025-10-04 18:00:32,681 - INFO - Generados 97 registros sintéticos para región 'chihuahua_city'
2025-10-04 18:00:32,682 - INFO - Datos sintéticos generados: 97 registros
2025-10-04 18:00:32,682 - INFO - Creando características derivadas para 9 variables base
2025-10-04 18:00:32,690 - INFO - Características temporales creadas: 14 nuevas variables
2025-10-04 18:00:32,709 - INFO - Características de lag creadas: 54 variables
2025-10-04 18:00:32,785 - INFO - Características rolling creadas: 144 variables
2025-10-04 18:00:32,834 - INFO - Características acumuladas creadas: 72 variables
2025-10-04 18:00:32,865 - INFO - Características de diferencias creadas: 54 variables
2025-10-04 18:00:32,884 - INFO - Características específicas del clima creadas: 9 variables
2025-10-04 18:00:32,884 - INFO - Total de características creadas: 347
2025-10-04 18:00:32,884 - INFO - Dataset final: 97 filas x 356 columnas
2025-10-04 18:00:32,886 - INFO - Características seleccionadas: 100 de 356
2025-10-04 18:00:32,904 - INFO - Limpiando datos para conversión a tensores...
2025-10-04 18:00:32,907 - INFO - Datos preparados: (97, 96), tipo: float32
2025-10-04 18:00:32,909 - INFO - Secuencias preparadas: 50 muestras, entrada (50, 24, 96), salida (50, 24, 6)
2025-10-04 18:00:32,909 - INFO - Secuencias creadas para 31100: 50
2025-10-04 18:00:32,909 - INFO - Procesando código postal 31400 (3/10)
2025-10-04 18:00:32,910 - INFO - Cargadas 34 coordenadas desde caché
2025-10-04 18:00:32,910 - INFO - Recopilando datos climáticos para 31400 del 2025-10-03 al 2025-10-04
2025-10-04 18:00:32,910 - INFO - Usando datos sintéticos forzados (modo desarrollo)
2025-10-04 18:00:32,911 - INFO - Generando datos sintéticos para (28.632, -106.069) del 2025-10-03 al 2025-10-04
2025-10-04 18:00:32,920 - INFO - Generados 97 registros sintéticos para región 'chihuahua_city'
2025-10-04 18:00:32,920 - INFO - Datos sintéticos generados: 97 registros
2025-10-04 18:00:32,920 - INFO - Creando características derivadas para 9 variables base
2025-10-04 18:00:32,931 - INFO - Características temporales creadas: 14 nuevas variables
2025-10-04 18:00:32,960 - INFO - Características de lag creadas: 54 variables
2025-10-04 18:00:33,079 - INFO - Características rolling creadas: 144 variables
2025-10-04 18:00:33,132 - INFO - Características acumuladas creadas: 72 variables
2025-10-04 18:00:33,169 - INFO - Características de diferencias creadas: 54 variables
2025-10-04 18:00:33,189 - INFO - Características específicas del clima creadas: 8 variables
2025-10-04 18:00:33,189 - INFO - Total de características creadas: 346
2025-10-04 18:00:33,189 - INFO - Dataset final: 97 filas x 355 columnas
2025-10-04 18:00:33,192 - INFO - Características seleccionadas: 100 de 355
2025-10-04 18:00:33,216 - INFO - Limpiando datos para conversión a tensores...
2025-10-04 18:00:33,219 - INFO - Datos preparados: (97, 96), tipo: float32
2025-10-04 18:00:33,220 - INFO - Secuencias preparadas: 50 muestras, entrada (50, 24, 96), salida (50, 24, 6)
2025-10-04 18:00:33,221 - INFO - Secuencias creadas para 31400: 50
2025-10-04 18:00:33,221 - INFO - Procesando código postal 31700 (4/10)
2025-10-04 18:00:33,221 - INFO - Cargadas 34 coordenadas desde caché
2025-10-04 18:00:33,221 - INFO - Recopilando datos climáticos para 31700 del 2025-10-03 al 2025-10-04
2025-10-04 18:00:33,221 - INFO - Usando datos sintéticos forzados (modo desarrollo)
2025-10-04 18:00:33,221 - INFO - Generando datos sintéticos para (30.417, -107.917) del 2025-10-03 al 2025-10-04
2025-10-04 18:00:33,234 - INFO - Generados 97 registros sintéticos para región 'mountains'
2025-10-04 18:00:33,234 - INFO - Datos sintéticos generados: 97 registros
2025-10-04 18:00:33,235 - INFO - Creando características derivadas para 9 variables base
2025-10-04 18:00:33,252 - INFO - Características temporales creadas: 14 nuevas variables
2025-10-04 18:00:33,289 - INFO - Características de lag creadas: 54 variables
2025-10-04 18:00:33,420 - INFO - Características rolling creadas: 144 variables
2025-10-04 18:00:33,498 - INFO - Características acumuladas creadas: 72 variables
2025-10-04 18:00:33,539 - INFO - Características de diferencias creadas: 54 variables
2025-10-04 18:00:33,562 - INFO - Características específicas del clima creadas: 9 variables
2025-10-04 18:00:33,563 - INFO - Total de características creadas: 347
2025-10-04 18:00:33,563 - INFO - Dataset final: 97 filas x 356 columnas
2025-10-04 18:00:33,565 - INFO - Características seleccionadas: 100 de 356
2025-10-04 18:00:33,582 - INFO - Limpiando datos para conversión a tensores...
2025-10-04 18:00:33,585 - INFO - Datos preparados: (97, 96), tipo: float32
2025-10-04 18:00:33,587 - INFO - Secuencias preparadas: 50 muestras, entrada (50, 24, 96), salida (50, 24, 6)
2025-10-04 18:00:33,587 - INFO - Secuencias creadas para 31700: 50
2025-10-04 18:00:33,587 - INFO - Procesando código postal 32800 (5/10)
2025-10-04 18:00:33,587 - INFO - Cargadas 34 coordenadas desde caché
2025-10-04 18:00:33,588 - INFO - Recopilando datos climáticos para 32800 del 2025-10-03 al 2025-10-04
2025-10-04 18:00:33,588 - INFO - Usando datos sintéticos forzados (modo desarrollo)
2025-10-04 18:00:33,588 - INFO - Generando datos sintéticos para (30.617, -106.517) del 2025-10-03 al 2025-10-04
2025-10-04 18:00:33,598 - INFO - Generados 97 registros sintéticos para región 'mountains'
2025-10-04 18:00:33,599 - INFO - Datos sintéticos generados: 97 registros
2025-10-04 18:00:33,599 - INFO - Creando características derivadas para 9 variables base
2025-10-04 18:00:33,608 - INFO - Características temporales creadas: 14 nuevas variables
2025-10-04 18:00:33,640 - INFO - Características de lag creadas: 54 variables
2025-10-04 18:00:33,750 - INFO - Características rolling creadas: 144 variables
2025-10-04 18:00:33,800 - INFO - Características acumuladas creadas: 72 variables
2025-10-04 18:00:33,836 - INFO - Características de diferencias creadas: 54 variables
2025-10-04 18:00:33,854 - INFO - Características específicas del clima creadas: 10 variables
2025-10-04 18:00:33,855 - INFO - Total de características creadas: 348
2025-10-04 18:00:33,855 - INFO - Dataset final: 97 filas x 357 columnas
2025-10-04 18:00:33,856 - INFO - Características seleccionadas: 100 de 357
2025-10-04 18:00:33,873 - INFO - Limpiando datos para conversión a tensores...
2025-10-04 18:00:33,878 - INFO - Datos preparados: (97, 96), tipo: float32
2025-10-04 18:00:33,879 - INFO - Secuencias preparadas: 50 muestras, entrada (50, 24, 96), salida (50, 24, 6)
2025-10-04 18:00:33,879 - INFO - Secuencias creadas para 32800: 50
2025-10-04 18:00:33,879 - INFO - Procesando código postal 32880 (6/10)
2025-10-04 18:00:33,880 - INFO - Cargadas 34 coordenadas desde caché
2025-10-04 18:00:33,880 - INFO - Recopilando datos climáticos para 32880 del 2025-10-03 al 2025-10-04
2025-10-04 18:00:33,880 - INFO - Usando datos sintéticos forzados (modo desarrollo)
2025-10-04 18:00:33,880 - INFO - Generando datos sintéticos para (29.567, -104.417) del 2025-10-03 al 2025-10-04
2025-10-04 18:00:33,889 - INFO - Generados 97 registros sintéticos para región 'chihuahua_city'
2025-10-04 18:00:33,889 - INFO - Datos sintéticos generados: 97 registros
2025-10-04 18:00:33,890 - INFO - Creando características derivadas para 9 variables base
2025-10-04 18:00:33,902 - INFO - Características temporales creadas: 14 nuevas variables
2025-10-04 18:00:33,930 - INFO - Características de lag creadas: 54 variables
2025-10-04 18:00:34,031 - INFO - Características rolling creadas: 144 variables
2025-10-04 18:00:34,080 - INFO - Características acumuladas creadas: 72 variables
2025-10-04 18:00:34,117 - INFO - Características de diferencias creadas: 54 variables
2025-10-04 18:00:34,134 - INFO - Características específicas del clima creadas: 9 variables
2025-10-04 18:00:34,135 - INFO - Total de características creadas: 347
2025-10-04 18:00:34,135 - INFO - Dataset final: 97 filas x 356 columnas
2025-10-04 18:00:34,136 - INFO - Características seleccionadas: 100 de 356
2025-10-04 18:00:34,152 - INFO - Limpiando datos para conversión a tensores...
2025-10-04 18:00:34,155 - INFO - Datos preparados: (97, 96), tipo: float32
2025-10-04 18:00:34,156 - INFO - Secuencias preparadas: 50 muestras, entrada (50, 24, 96), salida (50, 24, 6)
2025-10-04 18:00:34,157 - INFO - Secuencias creadas para 32880: 50
2025-10-04 18:00:34,157 - INFO - Procesando código postal 32000 (7/10)
2025-10-04 18:00:34,157 - INFO - Cargadas 34 coordenadas desde caché
2025-10-04 18:00:34,158 - INFO - Recopilando datos climáticos para 32000 del 2025-10-03 al 2025-10-04
2025-10-04 18:00:34,158 - INFO - Usando datos sintéticos forzados (modo desarrollo)
2025-10-04 18:00:34,158 - INFO - Generando datos sintéticos para (31.690, -106.424) del 2025-10-03 al 2025-10-04
2025-10-04 18:00:34,168 - INFO - Generados 97 registros sintéticos para región 'juarez'
2025-10-04 18:00:34,168 - INFO - Datos sintéticos generados: 97 registros
2025-10-04 18:00:34,169 - INFO - Creando características derivadas para 9 variables base
2025-10-04 18:00:34,181 - INFO - Características temporales creadas: 14 nuevas variables
2025-10-04 18:00:34,206 - INFO - Características de lag creadas: 54 variables
2025-10-04 18:00:34,305 - INFO - Características rolling creadas: 144 variables
2025-10-04 18:00:34,354 - INFO - Características acumuladas creadas: 72 variables
2025-10-04 18:00:34,386 - INFO - Características de diferencias creadas: 54 variables
2025-10-04 18:00:34,402 - INFO - Características específicas del clima creadas: 8 variables
2025-10-04 18:00:34,402 - INFO - Total de características creadas: 346
2025-10-04 18:00:34,403 - INFO - Dataset final: 97 filas x 355 columnas
2025-10-04 18:00:34,404 - INFO - Características seleccionadas: 100 de 355
2025-10-04 18:00:34,420 - INFO - Limpiando datos para conversión a tensores...
2025-10-04 18:00:34,422 - INFO - Datos preparados: (97, 96), tipo: float32
2025-10-04 18:00:34,424 - INFO - Secuencias preparadas: 50 muestras, entrada (50, 24, 96), salida (50, 24, 6)
2025-10-04 18:00:34,424 - INFO - Secuencias creadas para 32000: 50
2025-10-04 18:00:34,424 - INFO - Procesando código postal 32400 (8/10)
2025-10-04 18:00:34,424 - INFO - Cargadas 34 coordenadas desde caché
2025-10-04 18:00:34,424 - INFO - Recopilando datos climáticos para 32400 del 2025-10-03 al 2025-10-04
2025-10-04 18:00:34,425 - INFO - Usando datos sintéticos forzados (modo desarrollo)
2025-10-04 18:00:34,425 - INFO - Generando datos sintéticos para (31.690, -106.424) del 2025-10-03 al 2025-10-04
2025-10-04 18:00:34,433 - INFO - Generados 97 registros sintéticos para región 'juarez'
2025-10-04 18:00:34,434 - INFO - Datos sintéticos generados: 97 registros
2025-10-04 18:00:34,434 - INFO - Creando características derivadas para 9 variables base
2025-10-04 18:00:34,445 - INFO - Características temporales creadas: 14 nuevas variables
2025-10-04 18:00:34,469 - INFO - Características de lag creadas: 54 variables
2025-10-04 18:00:34,562 - INFO - Características rolling creadas: 144 variables
2025-10-04 18:00:34,618 - INFO - Características acumuladas creadas: 72 variables
2025-10-04 18:00:34,653 - INFO - Características de diferencias creadas: 54 variables
2025-10-04 18:00:34,673 - INFO - Características específicas del clima creadas: 8 variables
2025-10-04 18:00:34,673 - INFO - Total de características creadas: 346
2025-10-04 18:00:34,673 - INFO - Dataset final: 97 filas x 355 columnas
2025-10-04 18:00:34,678 - INFO - Características seleccionadas: 100 de 355
2025-10-04 18:00:34,694 - INFO - Limpiando datos para conversión a tensores...
2025-10-04 18:00:34,697 - INFO - Datos preparados: (97, 96), tipo: float32
2025-10-04 18:00:34,698 - INFO - Secuencias preparadas: 50 muestras, entrada (50, 24, 96), salida (50, 24, 6)
2025-10-04 18:00:34,699 - INFO - Secuencias creadas para 32400: 50
2025-10-04 18:00:34,699 - INFO - Procesando código postal 33700 (9/10)
2025-10-04 18:00:34,699 - INFO - Cargadas 34 coordenadas desde caché
2025-10-04 18:00:34,699 - INFO - Recopilando datos climáticos para 33700 del 2025-10-03 al 2025-10-04
2025-10-04 18:00:34,699 - INFO - Usando datos sintéticos forzados (modo desarrollo)
2025-10-04 18:00:34,699 - INFO - Generando datos sintéticos para (27.692, -104.950) del 2025-10-03 al 2025-10-04
2025-10-04 18:00:34,707 - INFO - Generados 97 registros sintéticos para región 'chihuahua_city'
2025-10-04 18:00:34,708 - INFO - Datos sintéticos generados: 97 registros
2025-10-04 18:00:34,708 - INFO - Creando características derivadas para 9 variables base
2025-10-04 18:00:34,717 - INFO - Características temporales creadas: 14 nuevas variables
2025-10-04 18:00:34,744 - INFO - Características de lag creadas: 54 variables
2025-10-04 18:00:34,856 - INFO - Características rolling creadas: 144 variables
2025-10-04 18:00:34,913 - INFO - Características acumuladas creadas: 72 variables
2025-10-04 18:00:34,952 - INFO - Características de diferencias creadas: 54 variables
2025-10-04 18:00:34,971 - INFO - Características específicas del clima creadas: 9 variables
2025-10-04 18:00:34,972 - INFO - Total de características creadas: 347
2025-10-04 18:00:34,972 - INFO - Dataset final: 97 filas x 356 columnas
2025-10-04 18:00:34,975 - INFO - Características seleccionadas: 100 de 356
2025-10-04 18:00:34,995 - INFO - Limpiando datos para conversión a tensores...
2025-10-04 18:00:34,998 - INFO - Datos preparados: (97, 96), tipo: float32
2025-10-04 18:00:34,999 - INFO - Secuencias preparadas: 50 muestras, entrada (50, 24, 96), salida (50, 24, 6)
2025-10-04 18:00:34,999 - INFO - Secuencias creadas para 33700: 50
2025-10-04 18:00:34,999 - INFO - Procesando código postal 33100 (10/10)
2025-10-04 18:00:35,000 - INFO - Cargadas 34 coordenadas desde caché
2025-10-04 18:00:35,000 - INFO - Recopilando datos climáticos para 33100 del 2025-10-03 al 2025-10-04
2025-10-04 18:00:35,000 - INFO - Usando datos sintéticos forzados (modo desarrollo)
2025-10-04 18:00:35,000 - INFO - Generando datos sintéticos para (26.817, -107.067) del 2025-10-03 al 2025-10-04
2025-10-04 18:00:35,014 - INFO - Generados 97 registros sintéticos para región 'mountains'
2025-10-04 18:00:35,014 - INFO - Datos sintéticos generados: 97 registros
2025-10-04 18:00:35,015 - INFO - Creando características derivadas para 9 variables base
2025-10-04 18:00:35,028 - INFO - Características temporales creadas: 14 nuevas variables
2025-10-04 18:00:35,061 - INFO - Características de lag creadas: 54 variables
2025-10-04 18:00:35,204 - INFO - Características rolling creadas: 144 variables
2025-10-04 18:00:35,290 - INFO - Características acumuladas creadas: 72 variables
2025-10-04 18:00:35,344 - INFO - Características de diferencias creadas: 54 variables
2025-10-04 18:00:35,368 - INFO - Características específicas del clima creadas: 9 variables
2025-10-04 18:00:35,368 - INFO - Total de características creadas: 347
2025-10-04 18:00:35,368 - INFO - Dataset final: 97 filas x 356 columnas
2025-10-04 18:00:35,370 - INFO - Características seleccionadas: 100 de 356
2025-10-04 18:00:35,400 - INFO - Limpiando datos para conversión a tensores...
2025-10-04 18:00:35,404 - INFO - Datos preparados: (97, 96), tipo: float32
2025-10-04 18:00:35,407 - INFO - Secuencias preparadas: 50 muestras, entrada (50, 24, 96), salida (50, 24, 6)
2025-10-04 18:00:35,407 - INFO - Secuencias creadas para 33100: 50
2025-10-04 18:00:35,411 - INFO - Dataset combinado: 500 secuencias totales
2025-10-04 18:00:35,425 - INFO - Dataset de entrenamiento creado exitosamente:
2025-10-04 18:00:35,425 - INFO -   Train: 300 secuencias
2025-10-04 18:00:35,426 - INFO -   Val: 100 secuencias
2025-10-04 18:00:35,426 - INFO -   Test: 100 secuencias
2025-10-04 18:00:35,426 - INFO -   Features: 96, Targets: 6
2025-10-04 18:00:35,431 - INFO - Información del dataset guardada: C:\Users\USER\Desktop\backspaceaps\models\dataset_info.pkl
2025-10-04 18:00:35,440 - INFO - === ESTADÍSTICAS DEL DATASET ===
2025-10-04 18:00:35,441 - INFO - Características de entrada: 96
2025-10-04 18:00:35,441 - INFO - Variables objetivo: 6
2025-10-04 18:00:35,442 - INFO - Pasos de entrada: 24 (6 horas)
2025-10-04 18:00:35,442 - INFO - Pasos de salida: 24 (6 horas)
2025-10-04 18:00:35,442 - INFO - TRAIN_DATASET:
2025-10-04 18:00:35,443 - INFO -   Muestras: 300
2025-10-04 18:00:35,443 - INFO - .6f
2025-10-04 18:00:35,443 - INFO - .6f
2025-10-04 18:00:35,443 - INFO - VAL_DATASET:
2025-10-04 18:00:35,444 - INFO -   Muestras: 100
2025-10-04 18:00:35,444 - INFO - .6f
2025-10-04 18:00:35,444 - INFO - .6f
2025-10-04 18:00:35,444 - INFO - TEST_DATASET:
2025-10-04 18:00:35,444 - INFO -   Muestras: 100
2025-10-04 18:00:35,445 - INFO - .6f
2025-10-04 18:00:35,445 - INFO - .6f
2025-10-04 18:00:35,445 - INFO - === ENTRENANDO MODELO ===
2025-10-04 18:00:35,468 - INFO - Modelo WeatherPredictor creado:
2025-10-04 18:00:35,468 - INFO -   Input size: 96
2025-10-04 18:00:35,468 - INFO -   Hidden size: 128
2025-10-04 18:00:35,468 - INFO -   Layers: 2
2025-10-04 18:00:35,468 - INFO -   Bidirectional: False
2025-10-04 18:00:35,468 - INFO -   Output steps: 24
2025-10-04 18:00:35,468 - INFO -   Targets: 6
2025-10-04 18:00:37,649 - INFO - Trainer inicializado en dispositivo: cpu
2025-10-04 18:00:37,649 - INFO - Comenzando entrenamiento por 50 épocas...
2025-10-04 18:00:37,723 - ERROR - Error entrenando modelo: Sizes of tensors must match except in dimension 2. Expected size 128 but got size 1 for tensor number 1 in the list.
2025-10-04 18:00:37,724 - ERROR - Error entrenando modelo
