2025-10-04 18:56:03,197 - INFO - Cargadas 34 coordenadas desde caché
2025-10-04 18:56:03,198 - INFO - Cargadas 34 coordenadas desde caché
2025-10-04 18:56:03,203 - INFO - Logging configurado. Archivo: C:\Users\USER\Desktop\backspaceaps\logs\training_20251004_185603.log
2025-10-04 18:56:03,204 - INFO - Cargadas 34 coordenadas desde caché
2025-10-04 18:56:03,211 - INFO - ENTRENANDO MODELO DE PREDICCION
2025-10-04 18:56:03,212 - INFO - CONFIGURANDO BASE DE DATOS POSTAL
2025-10-04 18:56:03,213 - INFO - Base de datos postal ya configurada (34 codigos postales)
2025-10-04 18:56:03,213 - INFO - === INICIANDO PIPELINE COMPLETO DE ENTRENAMIENTO ===
2025-10-04 18:56:03,215 - INFO - === PREPARANDO DATOS DE ENTRENAMIENTO ===
2025-10-04 18:56:03,216 - INFO - Modo sintético forzado: usando 1 día de datos
2025-10-04 18:56:03,217 - INFO - Usando datos sintéticos con período de 1 días
2025-10-04 18:56:03,217 - INFO - Período de entrenamiento: 2025-10-03 - 2025-10-04
2025-10-04 18:56:03,218 - INFO - Seleccionados 10 códigos postales estratificados
2025-10-04 18:56:03,219 - INFO - Seleccionados 10 códigos postales para entrenamiento
2025-10-04 18:56:03,219 - INFO - Creando dataset de entrenamiento con 10 códigos postales
2025-10-04 18:56:03,219 - INFO - Procesando código postal 31000 (1/10)
2025-10-04 18:56:03,220 - INFO - Cargadas 34 coordenadas desde caché
2025-10-04 18:56:03,221 - INFO - Recopilando datos climáticos para 31000 del 2025-10-03 al 2025-10-04
2025-10-04 18:56:03,221 - INFO - Usando datos sintéticos forzados (modo desarrollo)
2025-10-04 18:56:03,221 - INFO - Generando datos sintéticos para (28.632, -106.069) del 2025-10-03 al 2025-10-04
2025-10-04 18:56:03,253 - INFO - Generados 97 registros sintéticos para región 'chihuahua_city'
2025-10-04 18:56:03,254 - INFO - Datos sintéticos generados: 97 registros
2025-10-04 18:56:03,256 - INFO - Creando características derivadas para 9 variables base
2025-10-04 18:56:03,281 - INFO - Características temporales creadas: 15 nuevas variables
2025-10-04 18:56:03,303 - INFO - Características de lag creadas: 36 variables
2025-10-04 18:56:03,390 - INFO - Características rolling creadas: 108 variables
2025-10-04 18:56:03,429 - INFO - Características acumuladas creadas: 54 variables
2025-10-04 18:56:03,452 - INFO - Características de diferencias creadas: 54 variables
2025-10-04 18:56:03,479 - INFO - Características específicas del clima creadas: 10 variables
2025-10-04 18:56:03,479 - INFO - Total de características creadas: 277
2025-10-04 18:56:03,479 - INFO - Dataset final: 97 filas x 286 columnas
2025-10-04 18:56:03,483 - INFO - Características seleccionadas: 20 de 286
2025-10-04 18:56:03,516 - INFO - Escalador ajustado con 20 variables
2025-10-04 18:56:03,521 - INFO - Limpiando datos para conversión a tensores...
2025-10-04 18:56:03,524 - INFO - Datos preparados: (97, 20), tipo: float32
2025-10-04 18:56:03,526 - INFO - Secuencias preparadas: 50 muestras, entrada (50, 24, 20), salida (50, 24, 6)
2025-10-04 18:56:03,527 - INFO - Secuencias creadas para 31000: 40
2025-10-04 18:56:03,527 - INFO - Procesando código postal 31700 (2/10)
2025-10-04 18:56:03,528 - INFO - Cargadas 34 coordenadas desde caché
2025-10-04 18:56:03,528 - INFO - Recopilando datos climáticos para 31700 del 2025-10-03 al 2025-10-04
2025-10-04 18:56:03,528 - INFO - Usando datos sintéticos forzados (modo desarrollo)
2025-10-04 18:56:03,528 - INFO - Generando datos sintéticos para (30.417, -107.917) del 2025-10-03 al 2025-10-04
2025-10-04 18:56:03,539 - INFO - Generados 97 registros sintéticos para región 'mountains'
2025-10-04 18:56:03,539 - INFO - Datos sintéticos generados: 97 registros
2025-10-04 18:56:03,540 - INFO - Creando características derivadas para 9 variables base
2025-10-04 18:56:03,547 - INFO - Características temporales creadas: 15 nuevas variables
2025-10-04 18:56:03,554 - INFO - Características de lag creadas: 36 variables
2025-10-04 18:56:03,584 - INFO - Características rolling creadas: 108 variables
2025-10-04 18:56:03,602 - INFO - Características acumuladas creadas: 54 variables
2025-10-04 18:56:03,619 - INFO - Características de diferencias creadas: 54 variables
2025-10-04 18:56:03,646 - INFO - Características específicas del clima creadas: 9 variables
2025-10-04 18:56:03,646 - INFO - Total de características creadas: 276
2025-10-04 18:56:03,646 - INFO - Dataset final: 97 filas x 285 columnas
2025-10-04 18:56:03,650 - INFO - Características seleccionadas: 20 de 285
2025-10-04 18:56:03,689 - INFO - Limpiando datos para conversión a tensores...
2025-10-04 18:56:03,693 - INFO - Datos preparados: (97, 20), tipo: float32
2025-10-04 18:56:03,696 - INFO - Secuencias preparadas: 50 muestras, entrada (50, 24, 20), salida (50, 24, 6)
2025-10-04 18:56:03,696 - INFO - Secuencias creadas para 31700: 40
2025-10-04 18:56:03,697 - INFO - Procesando código postal 31600 (3/10)
2025-10-04 18:56:03,698 - INFO - Cargadas 34 coordenadas desde caché
2025-10-04 18:56:03,698 - INFO - Recopilando datos climáticos para 31600 del 2025-10-03 al 2025-10-04
2025-10-04 18:56:03,698 - INFO - Usando datos sintéticos forzados (modo desarrollo)
2025-10-04 18:56:03,698 - INFO - Generando datos sintéticos para (28.632, -106.069) del 2025-10-03 al 2025-10-04
2025-10-04 18:56:03,714 - INFO - Generados 97 registros sintéticos para región 'chihuahua_city'
2025-10-04 18:56:03,714 - INFO - Datos sintéticos generados: 97 registros
2025-10-04 18:56:03,715 - INFO - Creando características derivadas para 9 variables base
2025-10-04 18:56:03,723 - INFO - Características temporales creadas: 15 nuevas variables
2025-10-04 18:56:03,731 - INFO - Características de lag creadas: 36 variables
2025-10-04 18:56:03,777 - INFO - Características rolling creadas: 108 variables
2025-10-04 18:56:03,810 - INFO - Características acumuladas creadas: 54 variables
2025-10-04 18:56:03,830 - INFO - Características de diferencias creadas: 54 variables
2025-10-04 18:56:03,868 - INFO - Características específicas del clima creadas: 10 variables
2025-10-04 18:56:03,869 - INFO - Total de características creadas: 277
2025-10-04 18:56:03,869 - INFO - Dataset final: 97 filas x 286 columnas
2025-10-04 18:56:03,871 - INFO - Características seleccionadas: 20 de 286
2025-10-04 18:56:03,910 - INFO - Limpiando datos para conversión a tensores...
2025-10-04 18:56:03,911 - INFO - Datos preparados: (97, 20), tipo: float32
2025-10-04 18:56:03,914 - INFO - Secuencias preparadas: 50 muestras, entrada (50, 24, 20), salida (50, 24, 6)
2025-10-04 18:56:03,915 - INFO - Secuencias creadas para 31600: 40
2025-10-04 18:56:03,915 - INFO - Procesando código postal 31400 (4/10)
2025-10-04 18:56:03,916 - INFO - Cargadas 34 coordenadas desde caché
2025-10-04 18:56:03,916 - INFO - Recopilando datos climáticos para 31400 del 2025-10-03 al 2025-10-04
2025-10-04 18:56:03,917 - INFO - Usando datos sintéticos forzados (modo desarrollo)
2025-10-04 18:56:03,917 - INFO - Generando datos sintéticos para (28.632, -106.069) del 2025-10-03 al 2025-10-04
2025-10-04 18:56:03,932 - INFO - Generados 97 registros sintéticos para región 'chihuahua_city'
2025-10-04 18:56:03,932 - INFO - Datos sintéticos generados: 97 registros
2025-10-04 18:56:03,932 - INFO - Creando características derivadas para 9 variables base
2025-10-04 18:56:03,937 - INFO - Características temporales creadas: 15 nuevas variables
2025-10-04 18:56:03,945 - INFO - Características de lag creadas: 36 variables
2025-10-04 18:56:03,972 - INFO - Características rolling creadas: 108 variables
2025-10-04 18:56:03,992 - INFO - Características acumuladas creadas: 54 variables
2025-10-04 18:56:04,001 - INFO - Características de diferencias creadas: 54 variables
2025-10-04 18:56:04,029 - INFO - Características específicas del clima creadas: 9 variables
2025-10-04 18:56:04,029 - INFO - Total de características creadas: 276
2025-10-04 18:56:04,029 - INFO - Dataset final: 97 filas x 285 columnas
2025-10-04 18:56:04,031 - INFO - Características seleccionadas: 20 de 285
2025-10-04 18:56:04,067 - INFO - Limpiando datos para conversión a tensores...
2025-10-04 18:56:04,070 - INFO - Datos preparados: (97, 20), tipo: float32
2025-10-04 18:56:04,072 - INFO - Secuencias preparadas: 50 muestras, entrada (50, 24, 20), salida (50, 24, 6)
2025-10-04 18:56:04,073 - INFO - Secuencias creadas para 31400: 40
2025-10-04 18:56:04,073 - INFO - Procesando código postal 32000 (5/10)
2025-10-04 18:56:04,073 - INFO - Cargadas 34 coordenadas desde caché
2025-10-04 18:56:04,074 - INFO - Recopilando datos climáticos para 32000 del 2025-10-03 al 2025-10-04
2025-10-04 18:56:04,074 - INFO - Usando datos sintéticos forzados (modo desarrollo)
2025-10-04 18:56:04,074 - INFO - Generando datos sintéticos para (31.690, -106.424) del 2025-10-03 al 2025-10-04
2025-10-04 18:56:04,092 - INFO - Generados 97 registros sintéticos para región 'juarez'
2025-10-04 18:56:04,093 - INFO - Datos sintéticos generados: 97 registros
2025-10-04 18:56:04,094 - INFO - Creando características derivadas para 9 variables base
2025-10-04 18:56:04,100 - INFO - Características temporales creadas: 15 nuevas variables
2025-10-04 18:56:04,106 - INFO - Características de lag creadas: 36 variables
2025-10-04 18:56:04,141 - INFO - Características rolling creadas: 108 variables
2025-10-04 18:56:04,160 - INFO - Características acumuladas creadas: 54 variables
2025-10-04 18:56:04,168 - INFO - Características de diferencias creadas: 54 variables
2025-10-04 18:56:04,187 - INFO - Características específicas del clima creadas: 8 variables
2025-10-04 18:56:04,188 - INFO - Total de características creadas: 275
2025-10-04 18:56:04,188 - INFO - Dataset final: 97 filas x 284 columnas
2025-10-04 18:56:04,193 - INFO - Características seleccionadas: 20 de 284
2025-10-04 18:56:04,227 - INFO - Limpiando datos para conversión a tensores...
2025-10-04 18:56:04,229 - INFO - Datos preparados: (97, 20), tipo: float32
2025-10-04 18:56:04,230 - INFO - Secuencias preparadas: 50 muestras, entrada (50, 24, 20), salida (50, 24, 6)
2025-10-04 18:56:04,230 - INFO - Secuencias creadas para 32000: 40
2025-10-04 18:56:04,230 - INFO - Procesando código postal 32500 (6/10)
2025-10-04 18:56:04,231 - INFO - Cargadas 34 coordenadas desde caché
2025-10-04 18:56:04,231 - INFO - Recopilando datos climáticos para 32500 del 2025-10-03 al 2025-10-04
2025-10-04 18:56:04,232 - INFO - Usando datos sintéticos forzados (modo desarrollo)
2025-10-04 18:56:04,233 - INFO - Generando datos sintéticos para (31.690, -106.424) del 2025-10-03 al 2025-10-04
2025-10-04 18:56:04,249 - INFO - Generados 97 registros sintéticos para región 'juarez'
2025-10-04 18:56:04,249 - INFO - Datos sintéticos generados: 97 registros
2025-10-04 18:56:04,250 - INFO - Creando características derivadas para 9 variables base
2025-10-04 18:56:04,257 - INFO - Características temporales creadas: 15 nuevas variables
2025-10-04 18:56:04,263 - INFO - Características de lag creadas: 36 variables
2025-10-04 18:56:04,293 - INFO - Características rolling creadas: 108 variables
2025-10-04 18:56:04,311 - INFO - Características acumuladas creadas: 54 variables
2025-10-04 18:56:04,321 - INFO - Características de diferencias creadas: 54 variables
2025-10-04 18:56:04,340 - INFO - Características específicas del clima creadas: 8 variables
2025-10-04 18:56:04,340 - INFO - Total de características creadas: 275
2025-10-04 18:56:04,340 - INFO - Dataset final: 97 filas x 284 columnas
2025-10-04 18:56:04,342 - INFO - Características seleccionadas: 20 de 284
2025-10-04 18:56:04,376 - INFO - Limpiando datos para conversión a tensores...
2025-10-04 18:56:04,379 - INFO - Datos preparados: (97, 20), tipo: float32
2025-10-04 18:56:04,381 - INFO - Secuencias preparadas: 50 muestras, entrada (50, 24, 20), salida (50, 24, 6)
2025-10-04 18:56:04,381 - INFO - Secuencias creadas para 32500: 40
2025-10-04 18:56:04,381 - INFO - Procesando código postal 32880 (7/10)
2025-10-04 18:56:04,382 - INFO - Cargadas 34 coordenadas desde caché
2025-10-04 18:56:04,382 - INFO - Recopilando datos climáticos para 32880 del 2025-10-03 al 2025-10-04
2025-10-04 18:56:04,382 - INFO - Usando datos sintéticos forzados (modo desarrollo)
2025-10-04 18:56:04,382 - INFO - Generando datos sintéticos para (29.567, -104.417) del 2025-10-03 al 2025-10-04
2025-10-04 18:56:04,399 - INFO - Generados 97 registros sintéticos para región 'chihuahua_city'
2025-10-04 18:56:04,400 - INFO - Datos sintéticos generados: 97 registros
2025-10-04 18:56:04,400 - INFO - Creando características derivadas para 9 variables base
2025-10-04 18:56:04,407 - INFO - Características temporales creadas: 15 nuevas variables
2025-10-04 18:56:04,414 - INFO - Características de lag creadas: 36 variables
2025-10-04 18:56:04,447 - INFO - Características rolling creadas: 108 variables
2025-10-04 18:56:04,467 - INFO - Características acumuladas creadas: 54 variables
2025-10-04 18:56:04,475 - INFO - Características de diferencias creadas: 54 variables
2025-10-04 18:56:04,496 - INFO - Características específicas del clima creadas: 9 variables
2025-10-04 18:56:04,496 - INFO - Total de características creadas: 276
2025-10-04 18:56:04,496 - INFO - Dataset final: 97 filas x 285 columnas
2025-10-04 18:56:04,497 - INFO - Características seleccionadas: 20 de 285
2025-10-04 18:56:04,526 - INFO - Limpiando datos para conversión a tensores...
2025-10-04 18:56:04,527 - INFO - Datos preparados: (97, 20), tipo: float32
2025-10-04 18:56:04,529 - INFO - Secuencias preparadas: 50 muestras, entrada (50, 24, 20), salida (50, 24, 6)
2025-10-04 18:56:04,529 - INFO - Secuencias creadas para 32880: 40
2025-10-04 18:56:04,530 - INFO - Procesando código postal 32400 (8/10)
2025-10-04 18:56:04,530 - INFO - Cargadas 34 coordenadas desde caché
2025-10-04 18:56:04,530 - INFO - Recopilando datos climáticos para 32400 del 2025-10-03 al 2025-10-04
2025-10-04 18:56:04,530 - INFO - Usando datos sintéticos forzados (modo desarrollo)
2025-10-04 18:56:04,531 - INFO - Generando datos sintéticos para (31.690, -106.424) del 2025-10-03 al 2025-10-04
2025-10-04 18:56:04,539 - INFO - Generados 97 registros sintéticos para región 'juarez'
2025-10-04 18:56:04,540 - INFO - Datos sintéticos generados: 97 registros
2025-10-04 18:56:04,540 - INFO - Creando características derivadas para 9 variables base
2025-10-04 18:56:04,546 - INFO - Características temporales creadas: 15 nuevas variables
2025-10-04 18:56:04,552 - INFO - Características de lag creadas: 36 variables
2025-10-04 18:56:04,577 - INFO - Características rolling creadas: 108 variables
2025-10-04 18:56:04,596 - INFO - Características acumuladas creadas: 54 variables
2025-10-04 18:56:04,603 - INFO - Características de diferencias creadas: 54 variables
2025-10-04 18:56:04,620 - INFO - Características específicas del clima creadas: 8 variables
2025-10-04 18:56:04,620 - INFO - Total de características creadas: 275
2025-10-04 18:56:04,621 - INFO - Dataset final: 97 filas x 284 columnas
2025-10-04 18:56:04,622 - INFO - Características seleccionadas: 20 de 284
2025-10-04 18:56:04,645 - INFO - Limpiando datos para conversión a tensores...
2025-10-04 18:56:04,647 - INFO - Datos preparados: (97, 20), tipo: float32
2025-10-04 18:56:04,650 - INFO - Secuencias preparadas: 50 muestras, entrada (50, 24, 20), salida (50, 24, 6)
2025-10-04 18:56:04,650 - INFO - Secuencias creadas para 32400: 40
2025-10-04 18:56:04,651 - INFO - Procesando código postal 33450 (9/10)
2025-10-04 18:56:04,651 - INFO - Cargadas 34 coordenadas desde caché
2025-10-04 18:56:04,651 - INFO - Recopilando datos climáticos para 33450 del 2025-10-03 al 2025-10-04
2025-10-04 18:56:04,651 - INFO - Usando datos sintéticos forzados (modo desarrollo)
2025-10-04 18:56:04,652 - INFO - Generando datos sintéticos para (26.100, -106.967) del 2025-10-03 al 2025-10-04
2025-10-04 18:56:04,661 - INFO - Generados 97 registros sintéticos para región 'mountains'
2025-10-04 18:56:04,661 - INFO - Datos sintéticos generados: 97 registros
2025-10-04 18:56:04,662 - INFO - Creando características derivadas para 9 variables base
2025-10-04 18:56:04,668 - INFO - Características temporales creadas: 15 nuevas variables
2025-10-04 18:56:04,677 - INFO - Características de lag creadas: 36 variables
2025-10-04 18:56:04,738 - INFO - Características rolling creadas: 108 variables
2025-10-04 18:56:04,798 - INFO - Características acumuladas creadas: 54 variables
2025-10-04 18:56:04,842 - INFO - Características de diferencias creadas: 54 variables
2025-10-04 18:56:04,903 - INFO - Características específicas del clima creadas: 9 variables
2025-10-04 18:56:04,904 - INFO - Total de características creadas: 276
2025-10-04 18:56:04,905 - INFO - Dataset final: 97 filas x 285 columnas
2025-10-04 18:56:04,907 - INFO - Características seleccionadas: 20 de 285
2025-10-04 18:56:04,968 - INFO - Limpiando datos para conversión a tensores...
2025-10-04 18:56:04,970 - INFO - Datos preparados: (97, 20), tipo: float32
2025-10-04 18:56:04,971 - INFO - Secuencias preparadas: 50 muestras, entrada (50, 24, 20), salida (50, 24, 6)
2025-10-04 18:56:04,972 - INFO - Secuencias creadas para 33450: 40
2025-10-04 18:56:04,972 - INFO - Procesando código postal 33400 (10/10)
2025-10-04 18:56:04,972 - INFO - Cargadas 34 coordenadas desde caché
2025-10-04 18:56:04,973 - INFO - Recopilando datos climáticos para 33400 del 2025-10-03 al 2025-10-04
2025-10-04 18:56:04,973 - INFO - Usando datos sintéticos forzados (modo desarrollo)
2025-10-04 18:56:04,973 - INFO - Generando datos sintéticos para (27.250, -107.917) del 2025-10-03 al 2025-10-04
2025-10-04 18:56:04,987 - INFO - Generados 97 registros sintéticos para región 'mountains'
2025-10-04 18:56:04,988 - INFO - Datos sintéticos generados: 97 registros
2025-10-04 18:56:04,988 - INFO - Creando características derivadas para 9 variables base
2025-10-04 18:56:04,994 - INFO - Características temporales creadas: 15 nuevas variables
2025-10-04 18:56:05,005 - INFO - Características de lag creadas: 36 variables
2025-10-04 18:56:05,036 - INFO - Características rolling creadas: 108 variables
2025-10-04 18:56:05,050 - INFO - Características acumuladas creadas: 54 variables
2025-10-04 18:56:05,058 - INFO - Características de diferencias creadas: 54 variables
2025-10-04 18:56:05,079 - INFO - Características específicas del clima creadas: 9 variables
2025-10-04 18:56:05,079 - INFO - Total de características creadas: 276
2025-10-04 18:56:05,079 - INFO - Dataset final: 97 filas x 285 columnas
2025-10-04 18:56:05,081 - INFO - Características seleccionadas: 20 de 285
2025-10-04 18:56:05,110 - INFO - Limpiando datos para conversión a tensores...
2025-10-04 18:56:05,111 - INFO - Datos preparados: (97, 20), tipo: float32
2025-10-04 18:56:05,113 - INFO - Secuencias preparadas: 50 muestras, entrada (50, 24, 20), salida (50, 24, 6)
2025-10-04 18:56:05,113 - INFO - Secuencias creadas para 33400: 40
2025-10-04 18:56:05,113 - INFO - Dataset combinado: 400 secuencias totales
2025-10-04 18:56:05,120 - INFO - Dataset de entrenamiento creado exitosamente:
2025-10-04 18:56:05,121 - INFO -   Train: 279 secuencias
2025-10-04 18:56:05,121 - INFO -   Val: 61 secuencias
2025-10-04 18:56:05,121 - INFO -   Test: 60 secuencias
2025-10-04 18:56:05,121 - INFO -   Features: 20, Targets: 6
2025-10-04 18:56:05,123 - INFO - Información del dataset guardada: C:\Users\USER\Desktop\backspaceaps\models\dataset_info.pkl
2025-10-04 18:56:05,125 - INFO - === ESTADÍSTICAS DEL DATASET ===
2025-10-04 18:56:05,125 - INFO - Características de entrada: 20
2025-10-04 18:56:05,126 - INFO - Variables objetivo: 6
2025-10-04 18:56:05,126 - INFO - Pasos de entrada: 24 (6 horas)
2025-10-04 18:56:05,126 - INFO - Pasos de salida: 24 (6 horas)
2025-10-04 18:56:05,126 - INFO - TRAIN_DATASET:
2025-10-04 18:56:05,126 - INFO -   Muestras: 279
2025-10-04 18:56:05,127 - INFO - .6f
2025-10-04 18:56:05,127 - INFO - .6f
2025-10-04 18:56:05,128 - INFO - VAL_DATASET:
2025-10-04 18:56:05,128 - INFO -   Muestras: 61
2025-10-04 18:56:05,129 - INFO - .6f
2025-10-04 18:56:05,129 - INFO - .6f
2025-10-04 18:56:05,129 - INFO - TEST_DATASET:
2025-10-04 18:56:05,130 - INFO -   Muestras: 60
2025-10-04 18:56:05,130 - INFO - .6f
2025-10-04 18:56:05,130 - INFO - .6f
2025-10-04 18:56:05,130 - INFO - === ENTRENANDO MODELO ===
2025-10-04 18:56:08,171 - INFO - Trainer inicializado en dispositivo: cpu
2025-10-04 18:56:08,172 - INFO - Comenzando entrenamiento por 50 épocas...
2025-10-04 18:56:33,053 - INFO - Época   1/50 - Train Loss: 3.722391 - Val Loss: 4.050811
2025-10-04 18:56:33,102 - INFO - Modelo guardado con hiperparámetros: C:\Users\USER\Desktop\backspaceaps\models\weather_model.pt
2025-10-04 18:56:34,194 - INFO - Época   2/50 - Train Loss: 3.143873 - Val Loss: 3.108681
2025-10-04 18:56:34,228 - INFO - Modelo guardado con hiperparámetros: C:\Users\USER\Desktop\backspaceaps\models\weather_model.pt
2025-10-04 18:56:35,306 - INFO - Época   3/50 - Train Loss: 2.332709 - Val Loss: 2.166303
2025-10-04 18:56:35,351 - INFO - Modelo guardado con hiperparámetros: C:\Users\USER\Desktop\backspaceaps\models\weather_model.pt
2025-10-04 18:56:36,358 - INFO - Época   4/50 - Train Loss: 1.692273 - Val Loss: 1.571891
2025-10-04 18:56:36,402 - INFO - Modelo guardado con hiperparámetros: C:\Users\USER\Desktop\backspaceaps\models\weather_model.pt
2025-10-04 18:56:37,448 - INFO - Época   5/50 - Train Loss: 1.326809 - Val Loss: 1.274944
2025-10-04 18:56:37,484 - INFO - Modelo guardado con hiperparámetros: C:\Users\USER\Desktop\backspaceaps\models\weather_model.pt
2025-10-04 18:56:38,422 - INFO - Época   6/50 - Train Loss: 1.152133 - Val Loss: 1.147036
2025-10-04 18:56:38,462 - INFO - Modelo guardado con hiperparámetros: C:\Users\USER\Desktop\backspaceaps\models\weather_model.pt
2025-10-04 18:56:39,560 - INFO - Época   7/50 - Train Loss: 1.071841 - Val Loss: 1.090362
2025-10-04 18:56:39,600 - INFO - Modelo guardado con hiperparámetros: C:\Users\USER\Desktop\backspaceaps\models\weather_model.pt
2025-10-04 18:56:40,543 - INFO - Época   8/50 - Train Loss: 1.029734 - Val Loss: 1.060144
2025-10-04 18:56:40,586 - INFO - Modelo guardado con hiperparámetros: C:\Users\USER\Desktop\backspaceaps\models\weather_model.pt
2025-10-04 18:56:41,662 - INFO - Época   9/50 - Train Loss: 1.002043 - Val Loss: 1.040069
2025-10-04 18:56:41,721 - INFO - Modelo guardado con hiperparámetros: C:\Users\USER\Desktop\backspaceaps\models\weather_model.pt
2025-10-04 18:56:43,066 - INFO - Época  10/50 - Train Loss: 0.979126 - Val Loss: 1.028316
2025-10-04 18:56:43,112 - INFO - Modelo guardado con hiperparámetros: C:\Users\USER\Desktop\backspaceaps\models\weather_model.pt
2025-10-04 18:56:44,103 - INFO - Época  11/50 - Train Loss: 0.967947 - Val Loss: 1.019008
2025-10-04 18:56:44,139 - INFO - Modelo guardado con hiperparámetros: C:\Users\USER\Desktop\backspaceaps\models\weather_model.pt
2025-10-04 18:56:45,161 - INFO - Época  12/50 - Train Loss: 0.956635 - Val Loss: 1.011593
2025-10-04 18:56:45,201 - INFO - Modelo guardado con hiperparámetros: C:\Users\USER\Desktop\backspaceaps\models\weather_model.pt
2025-10-04 18:56:46,190 - INFO - Época  13/50 - Train Loss: 0.953660 - Val Loss: 1.004526
2025-10-04 18:56:46,228 - INFO - Modelo guardado con hiperparámetros: C:\Users\USER\Desktop\backspaceaps\models\weather_model.pt
2025-10-04 18:56:47,359 - INFO - Época  14/50 - Train Loss: 0.941912 - Val Loss: 0.998004
2025-10-04 18:56:47,412 - INFO - Modelo guardado con hiperparámetros: C:\Users\USER\Desktop\backspaceaps\models\weather_model.pt
2025-10-04 18:56:48,605 - INFO - Época  15/50 - Train Loss: 0.937230 - Val Loss: 0.995267
2025-10-04 18:56:48,644 - INFO - Modelo guardado con hiperparámetros: C:\Users\USER\Desktop\backspaceaps\models\weather_model.pt
2025-10-04 18:56:49,956 - INFO - Época  16/50 - Train Loss: 0.929165 - Val Loss: 0.991985
2025-10-04 18:56:49,997 - INFO - Modelo guardado con hiperparámetros: C:\Users\USER\Desktop\backspaceaps\models\weather_model.pt
2025-10-04 18:56:51,155 - INFO - Época  17/50 - Train Loss: 0.932693 - Val Loss: 0.988482
2025-10-04 18:56:51,205 - INFO - Modelo guardado con hiperparámetros: C:\Users\USER\Desktop\backspaceaps\models\weather_model.pt
2025-10-04 18:56:52,402 - INFO - Época  18/50 - Train Loss: 0.922449 - Val Loss: 0.985370
2025-10-04 18:56:52,442 - INFO - Modelo guardado con hiperparámetros: C:\Users\USER\Desktop\backspaceaps\models\weather_model.pt
2025-10-04 18:56:53,541 - INFO - Época  19/50 - Train Loss: 0.919512 - Val Loss: 0.982462
2025-10-04 18:56:53,593 - INFO - Modelo guardado con hiperparámetros: C:\Users\USER\Desktop\backspaceaps\models\weather_model.pt
2025-10-04 18:56:54,700 - INFO - Época  20/50 - Train Loss: 0.922181 - Val Loss: 0.982988
2025-10-04 18:56:55,702 - INFO - Época  21/50 - Train Loss: 0.917720 - Val Loss: 0.978876
2025-10-04 18:56:55,748 - INFO - Modelo guardado con hiperparámetros: C:\Users\USER\Desktop\backspaceaps\models\weather_model.pt
2025-10-04 18:56:56,742 - INFO - Época  22/50 - Train Loss: 0.906383 - Val Loss: 0.976371
2025-10-04 18:56:56,788 - INFO - Modelo guardado con hiperparámetros: C:\Users\USER\Desktop\backspaceaps\models\weather_model.pt
2025-10-04 18:56:57,812 - INFO - Época  23/50 - Train Loss: 0.903957 - Val Loss: 0.974523
2025-10-04 18:56:57,859 - INFO - Modelo guardado con hiperparámetros: C:\Users\USER\Desktop\backspaceaps\models\weather_model.pt
2025-10-04 18:56:58,873 - INFO - Época  24/50 - Train Loss: 0.893981 - Val Loss: 0.972425
2025-10-04 18:56:58,906 - INFO - Modelo guardado con hiperparámetros: C:\Users\USER\Desktop\backspaceaps\models\weather_model.pt
2025-10-04 18:56:59,947 - INFO - Época  25/50 - Train Loss: 0.905493 - Val Loss: 0.970789
2025-10-04 18:56:59,989 - INFO - Modelo guardado con hiperparámetros: C:\Users\USER\Desktop\backspaceaps\models\weather_model.pt
2025-10-04 18:57:00,986 - INFO - Época  26/50 - Train Loss: 0.904326 - Val Loss: 0.969608
2025-10-04 18:57:01,022 - INFO - Modelo guardado con hiperparámetros: C:\Users\USER\Desktop\backspaceaps\models\weather_model.pt
2025-10-04 18:57:02,106 - INFO - Época  27/50 - Train Loss: 0.899085 - Val Loss: 0.967100
2025-10-04 18:57:02,140 - INFO - Modelo guardado con hiperparámetros: C:\Users\USER\Desktop\backspaceaps\models\weather_model.pt
2025-10-04 18:57:03,105 - INFO - Época  28/50 - Train Loss: 0.896072 - Val Loss: 0.963619
2025-10-04 18:57:03,151 - INFO - Modelo guardado con hiperparámetros: C:\Users\USER\Desktop\backspaceaps\models\weather_model.pt
2025-10-04 18:57:04,225 - INFO - Época  29/50 - Train Loss: 0.893537 - Val Loss: 0.962251
2025-10-04 18:57:04,263 - INFO - Modelo guardado con hiperparámetros: C:\Users\USER\Desktop\backspaceaps\models\weather_model.pt
2025-10-04 18:57:05,230 - INFO - Época  30/50 - Train Loss: 0.889892 - Val Loss: 0.960790
2025-10-04 18:57:05,279 - INFO - Modelo guardado con hiperparámetros: C:\Users\USER\Desktop\backspaceaps\models\weather_model.pt
2025-10-04 18:57:06,326 - INFO - Época  31/50 - Train Loss: 0.882496 - Val Loss: 0.960108
2025-10-04 18:57:06,372 - INFO - Modelo guardado con hiperparámetros: C:\Users\USER\Desktop\backspaceaps\models\weather_model.pt
2025-10-04 18:57:07,352 - INFO - Época  32/50 - Train Loss: 0.876736 - Val Loss: 0.958853
2025-10-04 18:57:07,391 - INFO - Modelo guardado con hiperparámetros: C:\Users\USER\Desktop\backspaceaps\models\weather_model.pt
2025-10-04 18:57:08,602 - INFO - Época  33/50 - Train Loss: 0.882846 - Val Loss: 0.956357
2025-10-04 18:57:08,650 - INFO - Modelo guardado con hiperparámetros: C:\Users\USER\Desktop\backspaceaps\models\weather_model.pt
2025-10-04 18:57:09,784 - INFO - Época  34/50 - Train Loss: 0.875042 - Val Loss: 0.953852
2025-10-04 18:57:09,836 - INFO - Modelo guardado con hiperparámetros: C:\Users\USER\Desktop\backspaceaps\models\weather_model.pt
2025-10-04 18:57:11,059 - INFO - Época  35/50 - Train Loss: 0.872064 - Val Loss: 0.953771
2025-10-04 18:57:11,105 - INFO - Modelo guardado con hiperparámetros: C:\Users\USER\Desktop\backspaceaps\models\weather_model.pt
2025-10-04 18:57:12,347 - INFO - Época  36/50 - Train Loss: 0.873816 - Val Loss: 0.953461
2025-10-04 18:57:12,410 - INFO - Modelo guardado con hiperparámetros: C:\Users\USER\Desktop\backspaceaps\models\weather_model.pt
2025-10-04 18:57:13,715 - INFO - Época  37/50 - Train Loss: 0.863400 - Val Loss: 0.952553
2025-10-04 18:57:13,769 - INFO - Modelo guardado con hiperparámetros: C:\Users\USER\Desktop\backspaceaps\models\weather_model.pt
2025-10-04 18:57:15,008 - INFO - Época  38/50 - Train Loss: 0.863686 - Val Loss: 0.950197
2025-10-04 18:57:15,044 - INFO - Modelo guardado con hiperparámetros: C:\Users\USER\Desktop\backspaceaps\models\weather_model.pt
2025-10-04 18:57:16,014 - INFO - Época  39/50 - Train Loss: 0.841898 - Val Loss: 0.951212
2025-10-04 18:57:17,060 - INFO - Época  40/50 - Train Loss: 0.853463 - Val Loss: 0.950638
2025-10-04 18:57:18,037 - INFO - Época  41/50 - Train Loss: 0.862443 - Val Loss: 0.950791
2025-10-04 18:57:19,097 - INFO - Época  42/50 - Train Loss: 0.858024 - Val Loss: 0.949757
2025-10-04 18:57:19,133 - INFO - Modelo guardado con hiperparámetros: C:\Users\USER\Desktop\backspaceaps\models\weather_model.pt
2025-10-04 18:57:20,120 - INFO - Época  43/50 - Train Loss: 0.845362 - Val Loss: 0.949791
2025-10-04 18:57:21,162 - INFO - Época  44/50 - Train Loss: 0.855102 - Val Loss: 0.950435
2025-10-04 18:57:22,073 - INFO - Época  45/50 - Train Loss: 0.853256 - Val Loss: 0.950446
2025-10-04 18:57:23,115 - INFO - Época  46/50 - Train Loss: 0.852720 - Val Loss: 0.949367
2025-10-04 18:57:23,154 - INFO - Modelo guardado con hiperparámetros: C:\Users\USER\Desktop\backspaceaps\models\weather_model.pt
2025-10-04 18:57:24,115 - INFO - Época  47/50 - Train Loss: 0.844891 - Val Loss: 0.949019
2025-10-04 18:57:24,159 - INFO - Modelo guardado con hiperparámetros: C:\Users\USER\Desktop\backspaceaps\models\weather_model.pt
2025-10-04 18:57:25,245 - INFO - Época  48/50 - Train Loss: 0.849415 - Val Loss: 0.950344
2025-10-04 18:57:26,226 - INFO - Época  49/50 - Train Loss: 0.847100 - Val Loss: 0.949151
2025-10-04 18:57:27,347 - INFO - Época  50/50 - Train Loss: 0.842111 - Val Loss: 0.950307
2025-10-04 18:57:27,347 - INFO - Entrenamiento completado. Mejor pérdida de validación: 0.949019 en época 47
2025-10-04 18:57:27,389 - INFO - Modelo guardado con hiperparámetros: C:\Users\USER\Desktop\backspaceaps\models\weather_model.pt
2025-10-04 18:57:27,390 - INFO - === RESULTADOS DEL ENTRENAMIENTO ===
2025-10-04 18:57:27,390 - INFO - Mejor época: 47
2025-10-04 18:57:27,390 - INFO - .6f
2025-10-04 18:57:27,390 - INFO - Épocas totales: 50
2025-10-04 18:57:28,990 - INFO - Gráfico de entrenamiento guardado: C:\Users\USER\Desktop\backspaceaps\logs\training_history_20251004_185728.png
2025-10-04 18:57:29,010 - INFO - === EVALUANDO MODELO ===
2025-10-04 18:57:42,038 - ERROR - Error calculando métricas: Shape of passed values is (1344, 6), indices imply (1344, 0)
2025-10-04 18:57:42,038 - INFO - === MÉTRICAS DE EVALUACIÓN ===
2025-10-04 18:57:42,038 - INFO - .6f
2025-10-04 18:57:42,038 - INFO - === GUARDANDO ARTEFACTOS DE ENTRENAMIENTO ===
2025-10-04 18:57:42,040 - INFO - Escalador guardado: C:\Users\USER\Desktop\backspaceaps\models\scaler.pkl
2025-10-04 18:57:42,041 - INFO - Columnas de features guardadas: C:\Users\USER\Desktop\backspaceaps\models\feature_columns.pkl
2025-10-04 18:57:42,042 - INFO - Información del dataset guardada: C:\Users\USER\Desktop\backspaceaps\models\dataset_info.pkl
2025-10-04 18:57:42,042 - INFO - Artefactos de entrenamiento guardados correctamente
2025-10-04 18:57:42,042 - INFO - === PIPELINE DE ENTRENAMIENTO COMPLETADO EXITOSAMENTE ===
2025-10-04 18:57:45,840 - INFO - Modelo entrenado exitosamente
