2025-10-04 18:11:20,871 - INFO - Cargadas 34 coordenadas desde caché
2025-10-04 18:11:20,872 - INFO - Cargadas 34 coordenadas desde caché
2025-10-04 18:11:20,873 - INFO - Logging configurado. Archivo: C:\Users\USER\Desktop\backspaceaps\logs\training_20251004_181120.log
2025-10-04 18:11:20,874 - INFO - Cargadas 34 coordenadas desde caché
2025-10-04 18:11:20,878 - INFO - ENTRENANDO MODELO DE PREDICCION
2025-10-04 18:11:20,878 - INFO - CONFIGURANDO BASE DE DATOS POSTAL
2025-10-04 18:11:20,879 - INFO - Base de datos postal ya configurada (34 codigos postales)
2025-10-04 18:11:20,879 - INFO - === INICIANDO PIPELINE COMPLETO DE ENTRENAMIENTO ===
2025-10-04 18:11:20,879 - INFO - === PREPARANDO DATOS DE ENTRENAMIENTO ===
2025-10-04 18:11:20,880 - INFO - Modo sintético forzado: usando 1 día de datos
2025-10-04 18:11:20,880 - INFO - Usando datos sintéticos con período de 1 días
2025-10-04 18:11:20,880 - INFO - Período de entrenamiento: 2025-10-03 - 2025-10-04
2025-10-04 18:11:20,881 - INFO - Seleccionados 10 códigos postales estratificados
2025-10-04 18:11:20,881 - INFO - Seleccionados 10 códigos postales para entrenamiento
2025-10-04 18:11:20,881 - INFO - Creando dataset de entrenamiento con 10 códigos postales
2025-10-04 18:11:20,881 - INFO - Procesando código postal 31940 (1/10)
2025-10-04 18:11:20,881 - INFO - Cargadas 34 coordenadas desde caché
2025-10-04 18:11:20,881 - INFO - Recopilando datos climáticos para 31940 del 2025-10-03 al 2025-10-04
2025-10-04 18:11:20,881 - INFO - Usando datos sintéticos forzados (modo desarrollo)
2025-10-04 18:11:20,881 - INFO - Generando datos sintéticos para (29.200, -108.133) del 2025-10-03 al 2025-10-04
2025-10-04 18:11:20,891 - INFO - Generados 97 registros sintéticos para región 'mountains'
2025-10-04 18:11:20,892 - INFO - Datos sintéticos generados: 97 registros
2025-10-04 18:11:20,894 - INFO - Creando características derivadas para 9 variables base
2025-10-04 18:11:20,899 - INFO - Características temporales creadas: 15 nuevas variables
2025-10-04 18:11:20,904 - INFO - Características de lag creadas: 36 variables
2025-10-04 18:11:20,933 - INFO - Características rolling creadas: 108 variables
2025-10-04 18:11:20,948 - INFO - Características acumuladas creadas: 54 variables
2025-10-04 18:11:20,959 - INFO - Características de diferencias creadas: 54 variables
2025-10-04 18:11:20,981 - INFO - Características específicas del clima creadas: 10 variables
2025-10-04 18:11:20,981 - INFO - Total de características creadas: 277
2025-10-04 18:11:20,981 - INFO - Dataset final: 97 filas x 286 columnas
2025-10-04 18:11:20,983 - INFO - Características seleccionadas: 20 de 286
2025-10-04 18:11:20,988 - INFO - Escalador ajustado con 20 variables
2025-10-04 18:11:20,996 - INFO - Limpiando datos para conversión a tensores...
2025-10-04 18:11:20,998 - INFO - Datos preparados: (97, 20), tipo: float32
2025-10-04 18:11:20,999 - INFO - Secuencias preparadas: 50 muestras, entrada (50, 24, 20), salida (50, 24, 6)
2025-10-04 18:11:21,000 - INFO - Secuencias creadas para 31940: 40
2025-10-04 18:11:21,000 - INFO - Procesando código postal 31820 (2/10)
2025-10-04 18:11:21,000 - INFO - Cargadas 34 coordenadas desde caché
2025-10-04 18:11:21,000 - INFO - Recopilando datos climáticos para 31820 del 2025-10-03 al 2025-10-04
2025-10-04 18:11:21,000 - INFO - Usando datos sintéticos forzados (modo desarrollo)
2025-10-04 18:11:21,000 - INFO - Generando datos sintéticos para (31.100, -107.983) del 2025-10-03 al 2025-10-04
2025-10-04 18:11:21,014 - INFO - Generados 97 registros sintéticos para región 'juarez'
2025-10-04 18:11:21,014 - INFO - Datos sintéticos generados: 97 registros
2025-10-04 18:11:21,015 - INFO - Creando características derivadas para 9 variables base
2025-10-04 18:11:21,020 - INFO - Características temporales creadas: 15 nuevas variables
2025-10-04 18:11:21,025 - INFO - Características de lag creadas: 36 variables
2025-10-04 18:11:21,054 - INFO - Características rolling creadas: 108 variables
2025-10-04 18:11:21,066 - INFO - Características acumuladas creadas: 54 variables
2025-10-04 18:11:21,073 - INFO - Características de diferencias creadas: 54 variables
2025-10-04 18:11:21,091 - INFO - Características específicas del clima creadas: 8 variables
2025-10-04 18:11:21,092 - INFO - Total de características creadas: 275
2025-10-04 18:11:21,092 - INFO - Dataset final: 97 filas x 284 columnas
2025-10-04 18:11:21,094 - INFO - Características seleccionadas: 20 de 284
2025-10-04 18:11:21,100 - INFO - Limpiando datos para conversión a tensores...
2025-10-04 18:11:21,102 - INFO - Datos preparados: (97, 20), tipo: float32
2025-10-04 18:11:21,103 - INFO - Secuencias preparadas: 50 muestras, entrada (50, 24, 20), salida (50, 24, 6)
2025-10-04 18:11:21,103 - INFO - Secuencias creadas para 31820: 40
2025-10-04 18:11:21,103 - INFO - Procesando código postal 31500 (3/10)
2025-10-04 18:11:21,104 - INFO - Cargadas 34 coordenadas desde caché
2025-10-04 18:11:21,104 - INFO - Recopilando datos climáticos para 31500 del 2025-10-03 al 2025-10-04
2025-10-04 18:11:21,104 - INFO - Usando datos sintéticos forzados (modo desarrollo)
2025-10-04 18:11:21,104 - INFO - Generando datos sintéticos para (28.408, -106.860) del 2025-10-03 al 2025-10-04
2025-10-04 18:11:21,115 - INFO - Generados 97 registros sintéticos para región 'mountains'
2025-10-04 18:11:21,115 - INFO - Datos sintéticos generados: 97 registros
2025-10-04 18:11:21,116 - INFO - Creando características derivadas para 9 variables base
2025-10-04 18:11:21,120 - INFO - Características temporales creadas: 15 nuevas variables
2025-10-04 18:11:21,129 - INFO - Características de lag creadas: 36 variables
2025-10-04 18:11:21,155 - INFO - Características rolling creadas: 108 variables
2025-10-04 18:11:21,171 - INFO - Características acumuladas creadas: 54 variables
2025-10-04 18:11:21,184 - INFO - Características de diferencias creadas: 54 variables
2025-10-04 18:11:21,202 - INFO - Características específicas del clima creadas: 9 variables
2025-10-04 18:11:21,202 - INFO - Total de características creadas: 276
2025-10-04 18:11:21,202 - INFO - Dataset final: 97 filas x 285 columnas
2025-10-04 18:11:21,203 - INFO - Características seleccionadas: 20 de 285
2025-10-04 18:11:21,209 - INFO - Limpiando datos para conversión a tensores...
2025-10-04 18:11:21,212 - INFO - Datos preparados: (97, 20), tipo: float32
2025-10-04 18:11:21,214 - INFO - Secuencias preparadas: 50 muestras, entrada (50, 24, 20), salida (50, 24, 6)
2025-10-04 18:11:21,214 - INFO - Secuencias creadas para 31500: 40
2025-10-04 18:11:21,214 - INFO - Procesando código postal 31300 (4/10)
2025-10-04 18:11:21,214 - INFO - Cargadas 34 coordenadas desde caché
2025-10-04 18:11:21,214 - INFO - Recopilando datos climáticos para 31300 del 2025-10-03 al 2025-10-04
2025-10-04 18:11:21,215 - INFO - Usando datos sintéticos forzados (modo desarrollo)
2025-10-04 18:11:21,215 - INFO - Generando datos sintéticos para (28.632, -106.069) del 2025-10-03 al 2025-10-04
2025-10-04 18:11:21,223 - INFO - Generados 97 registros sintéticos para región 'chihuahua_city'
2025-10-04 18:11:21,223 - INFO - Datos sintéticos generados: 97 registros
2025-10-04 18:11:21,224 - INFO - Creando características derivadas para 9 variables base
2025-10-04 18:11:21,229 - INFO - Características temporales creadas: 15 nuevas variables
2025-10-04 18:11:21,233 - INFO - Características de lag creadas: 36 variables
2025-10-04 18:11:21,255 - INFO - Características rolling creadas: 108 variables
2025-10-04 18:11:21,269 - INFO - Características acumuladas creadas: 54 variables
2025-10-04 18:11:21,282 - INFO - Características de diferencias creadas: 54 variables
2025-10-04 18:11:21,300 - INFO - Características específicas del clima creadas: 10 variables
2025-10-04 18:11:21,300 - INFO - Total de características creadas: 277
2025-10-04 18:11:21,301 - INFO - Dataset final: 97 filas x 286 columnas
2025-10-04 18:11:21,302 - INFO - Características seleccionadas: 20 de 286
2025-10-04 18:11:21,309 - INFO - Limpiando datos para conversión a tensores...
2025-10-04 18:11:21,311 - INFO - Datos preparados: (97, 20), tipo: float32
2025-10-04 18:11:21,313 - INFO - Secuencias preparadas: 50 muestras, entrada (50, 24, 20), salida (50, 24, 6)
2025-10-04 18:11:21,314 - INFO - Secuencias creadas para 31300: 40
2025-10-04 18:11:21,314 - INFO - Procesando código postal 32500 (5/10)
2025-10-04 18:11:21,314 - INFO - Cargadas 34 coordenadas desde caché
2025-10-04 18:11:21,315 - INFO - Recopilando datos climáticos para 32500 del 2025-10-03 al 2025-10-04
2025-10-04 18:11:21,315 - INFO - Usando datos sintéticos forzados (modo desarrollo)
2025-10-04 18:11:21,315 - INFO - Generando datos sintéticos para (31.690, -106.424) del 2025-10-03 al 2025-10-04
2025-10-04 18:11:21,326 - INFO - Generados 97 registros sintéticos para región 'juarez'
2025-10-04 18:11:21,327 - INFO - Datos sintéticos generados: 97 registros
2025-10-04 18:11:21,328 - INFO - Creando características derivadas para 9 variables base
2025-10-04 18:11:21,331 - INFO - Características temporales creadas: 15 nuevas variables
2025-10-04 18:11:21,336 - INFO - Características de lag creadas: 36 variables
2025-10-04 18:11:21,364 - INFO - Características rolling creadas: 108 variables
2025-10-04 18:11:21,382 - INFO - Características acumuladas creadas: 54 variables
2025-10-04 18:11:21,389 - INFO - Características de diferencias creadas: 54 variables
2025-10-04 18:11:21,408 - INFO - Características específicas del clima creadas: 10 variables
2025-10-04 18:11:21,409 - INFO - Total de características creadas: 277
2025-10-04 18:11:21,409 - INFO - Dataset final: 97 filas x 286 columnas
2025-10-04 18:11:21,411 - INFO - Características seleccionadas: 20 de 286
2025-10-04 18:11:21,416 - INFO - Limpiando datos para conversión a tensores...
2025-10-04 18:11:21,418 - INFO - Datos preparados: (97, 20), tipo: float32
2025-10-04 18:11:21,419 - INFO - Secuencias preparadas: 50 muestras, entrada (50, 24, 20), salida (50, 24, 6)
2025-10-04 18:11:21,419 - INFO - Secuencias creadas para 32500: 40
2025-10-04 18:11:21,420 - INFO - Procesando código postal 32800 (6/10)
2025-10-04 18:11:21,420 - INFO - Cargadas 34 coordenadas desde caché
2025-10-04 18:11:21,420 - INFO - Recopilando datos climáticos para 32800 del 2025-10-03 al 2025-10-04
2025-10-04 18:11:21,421 - INFO - Usando datos sintéticos forzados (modo desarrollo)
2025-10-04 18:11:21,421 - INFO - Generando datos sintéticos para (30.617, -106.517) del 2025-10-03 al 2025-10-04
2025-10-04 18:11:21,433 - INFO - Generados 97 registros sintéticos para región 'mountains'
2025-10-04 18:11:21,433 - INFO - Datos sintéticos generados: 97 registros
2025-10-04 18:11:21,434 - INFO - Creando características derivadas para 9 variables base
2025-10-04 18:11:21,437 - INFO - Características temporales creadas: 15 nuevas variables
2025-10-04 18:11:21,442 - INFO - Características de lag creadas: 36 variables
2025-10-04 18:11:21,478 - INFO - Características rolling creadas: 108 variables
2025-10-04 18:11:21,497 - INFO - Características acumuladas creadas: 54 variables
2025-10-04 18:11:21,506 - INFO - Características de diferencias creadas: 54 variables
2025-10-04 18:11:21,532 - INFO - Características específicas del clima creadas: 10 variables
2025-10-04 18:11:21,532 - INFO - Total de características creadas: 277
2025-10-04 18:11:21,532 - INFO - Dataset final: 97 filas x 286 columnas
2025-10-04 18:11:21,534 - INFO - Características seleccionadas: 20 de 286
2025-10-04 18:11:21,540 - INFO - Limpiando datos para conversión a tensores...
2025-10-04 18:11:21,544 - INFO - Datos preparados: (97, 20), tipo: float32
2025-10-04 18:11:21,546 - INFO - Secuencias preparadas: 50 muestras, entrada (50, 24, 20), salida (50, 24, 6)
2025-10-04 18:11:21,546 - INFO - Secuencias creadas para 32800: 40
2025-10-04 18:11:21,546 - INFO - Procesando código postal 32100 (7/10)
2025-10-04 18:11:21,547 - INFO - Cargadas 34 coordenadas desde caché
2025-10-04 18:11:21,547 - INFO - Recopilando datos climáticos para 32100 del 2025-10-03 al 2025-10-04
2025-10-04 18:11:21,548 - INFO - Usando datos sintéticos forzados (modo desarrollo)
2025-10-04 18:11:21,548 - INFO - Generando datos sintéticos para (31.690, -106.424) del 2025-10-03 al 2025-10-04
2025-10-04 18:11:21,564 - INFO - Generados 97 registros sintéticos para región 'juarez'
2025-10-04 18:11:21,565 - INFO - Datos sintéticos generados: 97 registros
2025-10-04 18:11:21,566 - INFO - Creando características derivadas para 9 variables base
2025-10-04 18:11:21,570 - INFO - Características temporales creadas: 15 nuevas variables
2025-10-04 18:11:21,581 - INFO - Características de lag creadas: 36 variables
2025-10-04 18:11:21,619 - INFO - Características rolling creadas: 108 variables
2025-10-04 18:11:21,638 - INFO - Características acumuladas creadas: 54 variables
2025-10-04 18:11:21,651 - INFO - Características de diferencias creadas: 54 variables
2025-10-04 18:11:21,674 - INFO - Características específicas del clima creadas: 8 variables
2025-10-04 18:11:21,674 - INFO - Total de características creadas: 275
2025-10-04 18:11:21,675 - INFO - Dataset final: 97 filas x 284 columnas
2025-10-04 18:11:21,679 - INFO - Características seleccionadas: 20 de 284
2025-10-04 18:11:21,688 - INFO - Limpiando datos para conversión a tensores...
2025-10-04 18:11:21,690 - INFO - Datos preparados: (97, 20), tipo: float32
2025-10-04 18:11:21,692 - INFO - Secuencias preparadas: 50 muestras, entrada (50, 24, 20), salida (50, 24, 6)
2025-10-04 18:11:21,693 - INFO - Secuencias creadas para 32100: 40
2025-10-04 18:11:21,693 - INFO - Procesando código postal 32000 (8/10)
2025-10-04 18:11:21,695 - INFO - Cargadas 34 coordenadas desde caché
2025-10-04 18:11:21,695 - INFO - Recopilando datos climáticos para 32000 del 2025-10-03 al 2025-10-04
2025-10-04 18:11:21,695 - INFO - Usando datos sintéticos forzados (modo desarrollo)
2025-10-04 18:11:21,696 - INFO - Generando datos sintéticos para (31.690, -106.424) del 2025-10-03 al 2025-10-04
2025-10-04 18:11:21,704 - INFO - Generados 97 registros sintéticos para región 'juarez'
2025-10-04 18:11:21,705 - INFO - Datos sintéticos generados: 97 registros
2025-10-04 18:11:21,705 - INFO - Creando características derivadas para 9 variables base
2025-10-04 18:11:21,712 - INFO - Características temporales creadas: 15 nuevas variables
2025-10-04 18:11:21,719 - INFO - Características de lag creadas: 36 variables
2025-10-04 18:11:21,758 - INFO - Características rolling creadas: 108 variables
2025-10-04 18:11:21,783 - INFO - Características acumuladas creadas: 54 variables
2025-10-04 18:11:21,796 - INFO - Características de diferencias creadas: 54 variables
2025-10-04 18:11:21,819 - INFO - Características específicas del clima creadas: 8 variables
2025-10-04 18:11:21,820 - INFO - Total de características creadas: 275
2025-10-04 18:11:21,820 - INFO - Dataset final: 97 filas x 284 columnas
2025-10-04 18:11:21,822 - INFO - Características seleccionadas: 20 de 284
2025-10-04 18:11:21,834 - INFO - Limpiando datos para conversión a tensores...
2025-10-04 18:11:21,837 - INFO - Datos preparados: (97, 20), tipo: float32
2025-10-04 18:11:21,839 - INFO - Secuencias preparadas: 50 muestras, entrada (50, 24, 20), salida (50, 24, 6)
2025-10-04 18:11:21,839 - INFO - Secuencias creadas para 32000: 40
2025-10-04 18:11:21,839 - INFO - Procesando código postal 33000 (9/10)
2025-10-04 18:11:21,840 - INFO - Cargadas 34 coordenadas desde caché
2025-10-04 18:11:21,840 - INFO - Recopilando datos climáticos para 33000 del 2025-10-03 al 2025-10-04
2025-10-04 18:11:21,840 - INFO - Usando datos sintéticos forzados (modo desarrollo)
2025-10-04 18:11:21,840 - INFO - Generando datos sintéticos para (28.190, -105.470) del 2025-10-03 al 2025-10-04
2025-10-04 18:11:21,854 - INFO - Generados 97 registros sintéticos para región 'chihuahua_city'
2025-10-04 18:11:21,854 - INFO - Datos sintéticos generados: 97 registros
2025-10-04 18:11:21,855 - INFO - Creando características derivadas para 9 variables base
2025-10-04 18:11:21,862 - INFO - Características temporales creadas: 15 nuevas variables
2025-10-04 18:11:21,870 - INFO - Características de lag creadas: 36 variables
2025-10-04 18:11:21,928 - INFO - Características rolling creadas: 108 variables
2025-10-04 18:11:21,948 - INFO - Características acumuladas creadas: 54 variables
2025-10-04 18:11:21,963 - INFO - Características de diferencias creadas: 54 variables
2025-10-04 18:11:21,991 - INFO - Características específicas del clima creadas: 8 variables
2025-10-04 18:11:21,991 - INFO - Total de características creadas: 275
2025-10-04 18:11:21,992 - INFO - Dataset final: 97 filas x 284 columnas
2025-10-04 18:11:21,996 - INFO - Características seleccionadas: 20 de 284
2025-10-04 18:11:22,006 - INFO - Limpiando datos para conversión a tensores...
2025-10-04 18:11:22,009 - INFO - Datos preparados: (97, 20), tipo: float32
2025-10-04 18:11:22,012 - INFO - Secuencias preparadas: 50 muestras, entrada (50, 24, 20), salida (50, 24, 6)
2025-10-04 18:11:22,013 - INFO - Secuencias creadas para 33000: 40
2025-10-04 18:11:22,013 - INFO - Procesando código postal 33450 (10/10)
2025-10-04 18:11:22,014 - INFO - Cargadas 34 coordenadas desde caché
2025-10-04 18:11:22,014 - INFO - Recopilando datos climáticos para 33450 del 2025-10-03 al 2025-10-04
2025-10-04 18:11:22,014 - INFO - Usando datos sintéticos forzados (modo desarrollo)
2025-10-04 18:11:22,015 - INFO - Generando datos sintéticos para (26.100, -106.967) del 2025-10-03 al 2025-10-04
2025-10-04 18:11:22,030 - INFO - Generados 97 registros sintéticos para región 'mountains'
2025-10-04 18:11:22,031 - INFO - Datos sintéticos generados: 97 registros
2025-10-04 18:11:22,032 - INFO - Creando características derivadas para 9 variables base
2025-10-04 18:11:22,036 - INFO - Características temporales creadas: 15 nuevas variables
2025-10-04 18:11:22,045 - INFO - Características de lag creadas: 36 variables
2025-10-04 18:11:22,088 - INFO - Características rolling creadas: 108 variables
2025-10-04 18:11:22,111 - INFO - Características acumuladas creadas: 54 variables
2025-10-04 18:11:22,125 - INFO - Características de diferencias creadas: 54 variables
2025-10-04 18:11:22,152 - INFO - Características específicas del clima creadas: 10 variables
2025-10-04 18:11:22,153 - INFO - Total de características creadas: 277
2025-10-04 18:11:22,153 - INFO - Dataset final: 97 filas x 286 columnas
2025-10-04 18:11:22,155 - INFO - Características seleccionadas: 20 de 286
2025-10-04 18:11:22,164 - INFO - Limpiando datos para conversión a tensores...
2025-10-04 18:11:22,166 - INFO - Datos preparados: (97, 20), tipo: float32
2025-10-04 18:11:22,169 - INFO - Secuencias preparadas: 50 muestras, entrada (50, 24, 20), salida (50, 24, 6)
2025-10-04 18:11:22,169 - INFO - Secuencias creadas para 33450: 40
2025-10-04 18:11:22,170 - INFO - Dataset combinado: 400 secuencias totales
2025-10-04 18:11:22,181 - INFO - Dataset de entrenamiento creado exitosamente:
2025-10-04 18:11:22,181 - INFO -   Train: 279 secuencias
2025-10-04 18:11:22,181 - INFO -   Val: 61 secuencias
2025-10-04 18:11:22,181 - INFO -   Test: 60 secuencias
2025-10-04 18:11:22,181 - INFO -   Features: 20, Targets: 6
2025-10-04 18:11:22,183 - INFO - Información del dataset guardada: C:\Users\USER\Desktop\backspaceaps\models\dataset_info.pkl
2025-10-04 18:11:22,185 - INFO - === ESTADÍSTICAS DEL DATASET ===
2025-10-04 18:11:22,185 - INFO - Características de entrada: 20
2025-10-04 18:11:22,186 - INFO - Variables objetivo: 6
2025-10-04 18:11:22,186 - INFO - Pasos de entrada: 24 (6 horas)
2025-10-04 18:11:22,186 - INFO - Pasos de salida: 24 (6 horas)
2025-10-04 18:11:22,186 - INFO - TRAIN_DATASET:
2025-10-04 18:11:22,186 - INFO -   Muestras: 279
2025-10-04 18:11:22,186 - INFO - .6f
2025-10-04 18:11:22,186 - INFO - .6f
2025-10-04 18:11:22,187 - INFO - VAL_DATASET:
2025-10-04 18:11:22,187 - INFO -   Muestras: 61
2025-10-04 18:11:22,187 - INFO - .6f
2025-10-04 18:11:22,187 - INFO - .6f
2025-10-04 18:11:22,187 - INFO - TEST_DATASET:
2025-10-04 18:11:22,187 - INFO -   Muestras: 60
2025-10-04 18:11:22,187 - INFO - .6f
2025-10-04 18:11:22,187 - INFO - .6f
2025-10-04 18:11:22,188 - INFO - === ENTRENANDO MODELO ===
2025-10-04 18:11:25,185 - INFO - Trainer inicializado en dispositivo: cpu
2025-10-04 18:11:25,185 - INFO - Comenzando entrenamiento por 50 épocas...
2025-10-04 18:11:26,479 - INFO - Época   1/50 - Train Loss: 17.528970 - Val Loss: 14.430379
2025-10-04 18:11:26,568 - INFO - Modelo guardado: C:\Users\USER\Desktop\backspaceaps\models\weather_model.pt
2025-10-04 18:11:28,122 - INFO - Época   2/50 - Train Loss: 9.217987 - Val Loss: 4.488364
2025-10-04 18:11:28,181 - INFO - Modelo guardado: C:\Users\USER\Desktop\backspaceaps\models\weather_model.pt
2025-10-04 18:11:29,645 - INFO - Época   3/50 - Train Loss: 2.586997 - Val Loss: 1.495707
2025-10-04 18:11:29,694 - INFO - Modelo guardado: C:\Users\USER\Desktop\backspaceaps\models\weather_model.pt
2025-10-04 18:11:30,785 - INFO - Época   4/50 - Train Loss: 1.571900 - Val Loss: 1.378033
2025-10-04 18:11:30,830 - INFO - Modelo guardado: C:\Users\USER\Desktop\backspaceaps\models\weather_model.pt
2025-10-04 18:11:32,203 - INFO - Época   5/50 - Train Loss: 1.507346 - Val Loss: 1.355020
2025-10-04 18:11:32,244 - INFO - Modelo guardado: C:\Users\USER\Desktop\backspaceaps\models\weather_model.pt
2025-10-04 18:11:33,256 - INFO - Época   6/50 - Train Loss: 1.471748 - Val Loss: 1.321148
2025-10-04 18:11:33,301 - INFO - Modelo guardado: C:\Users\USER\Desktop\backspaceaps\models\weather_model.pt
2025-10-04 18:11:34,365 - INFO - Época   7/50 - Train Loss: 1.417320 - Val Loss: 1.244327
2025-10-04 18:11:34,411 - INFO - Modelo guardado: C:\Users\USER\Desktop\backspaceaps\models\weather_model.pt
2025-10-04 18:11:35,555 - INFO - Época   8/50 - Train Loss: 1.360115 - Val Loss: 1.203624
2025-10-04 18:11:35,601 - INFO - Modelo guardado: C:\Users\USER\Desktop\backspaceaps\models\weather_model.pt
2025-10-04 18:11:36,739 - INFO - Época   9/50 - Train Loss: 1.309083 - Val Loss: 1.171423
2025-10-04 18:11:36,772 - INFO - Modelo guardado: C:\Users\USER\Desktop\backspaceaps\models\weather_model.pt
2025-10-04 18:11:37,782 - INFO - Época  10/50 - Train Loss: 1.281064 - Val Loss: 1.157300
2025-10-04 18:11:37,830 - INFO - Modelo guardado: C:\Users\USER\Desktop\backspaceaps\models\weather_model.pt
2025-10-04 18:11:38,950 - INFO - Época  11/50 - Train Loss: 1.261615 - Val Loss: 1.134368
2025-10-04 18:11:38,997 - INFO - Modelo guardado: C:\Users\USER\Desktop\backspaceaps\models\weather_model.pt
2025-10-04 18:11:40,226 - INFO - Época  12/50 - Train Loss: 1.246895 - Val Loss: 1.119945
2025-10-04 18:11:40,268 - INFO - Modelo guardado: C:\Users\USER\Desktop\backspaceaps\models\weather_model.pt
2025-10-04 18:11:41,159 - INFO - Época  13/50 - Train Loss: 1.230855 - Val Loss: 1.118455
2025-10-04 18:11:41,206 - INFO - Modelo guardado: C:\Users\USER\Desktop\backspaceaps\models\weather_model.pt
2025-10-04 18:11:42,344 - INFO - Época  14/50 - Train Loss: 1.222609 - Val Loss: 1.099502
2025-10-04 18:11:42,387 - INFO - Modelo guardado: C:\Users\USER\Desktop\backspaceaps\models\weather_model.pt
2025-10-04 18:11:43,729 - INFO - Época  15/50 - Train Loss: 1.204498 - Val Loss: 1.092266
2025-10-04 18:11:43,794 - INFO - Modelo guardado: C:\Users\USER\Desktop\backspaceaps\models\weather_model.pt
2025-10-04 18:11:45,042 - INFO - Época  16/50 - Train Loss: 1.190733 - Val Loss: 1.080479
2025-10-04 18:11:45,080 - INFO - Modelo guardado: C:\Users\USER\Desktop\backspaceaps\models\weather_model.pt
2025-10-04 18:11:46,211 - INFO - Época  17/50 - Train Loss: 1.176414 - Val Loss: 1.076697
2025-10-04 18:11:46,276 - INFO - Modelo guardado: C:\Users\USER\Desktop\backspaceaps\models\weather_model.pt
2025-10-04 18:11:47,743 - INFO - Época  18/50 - Train Loss: 1.172478 - Val Loss: 1.076920
2025-10-04 18:11:48,995 - INFO - Época  19/50 - Train Loss: 1.165267 - Val Loss: 1.079149
2025-10-04 18:11:49,908 - INFO - Época  20/50 - Train Loss: 1.163541 - Val Loss: 1.066444
2025-10-04 18:11:49,946 - INFO - Modelo guardado: C:\Users\USER\Desktop\backspaceaps\models\weather_model.pt
2025-10-04 18:11:51,190 - INFO - Época  21/50 - Train Loss: 1.149655 - Val Loss: 1.072836
2025-10-04 18:11:52,273 - INFO - Época  22/50 - Train Loss: 1.153750 - Val Loss: 1.070778
2025-10-04 18:11:53,345 - INFO - Época  23/50 - Train Loss: 1.135614 - Val Loss: 1.066671
2025-10-04 18:11:54,385 - INFO - Época  24/50 - Train Loss: 1.140129 - Val Loss: 1.067368
2025-10-04 18:11:55,721 - INFO - Época  25/50 - Train Loss: 1.129456 - Val Loss: 1.071068
2025-10-04 18:11:56,736 - INFO - Época  26/50 - Train Loss: 1.127863 - Val Loss: 1.068724
2025-10-04 18:11:57,724 - INFO - Época  27/50 - Train Loss: 1.119829 - Val Loss: 1.058802
2025-10-04 18:11:57,763 - INFO - Modelo guardado: C:\Users\USER\Desktop\backspaceaps\models\weather_model.pt
2025-10-04 18:11:58,791 - INFO - Época  28/50 - Train Loss: 1.112662 - Val Loss: 1.060885
2025-10-04 18:12:00,038 - INFO - Época  29/50 - Train Loss: 1.109301 - Val Loss: 1.061340
2025-10-04 18:12:01,051 - INFO - Época  30/50 - Train Loss: 1.111366 - Val Loss: 1.061750
2025-10-04 18:12:02,156 - INFO - Época  31/50 - Train Loss: 1.109879 - Val Loss: 1.060084
2025-10-04 18:12:03,635 - INFO - Época  32/50 - Train Loss: 1.104554 - Val Loss: 1.064253
2025-10-04 18:12:05,114 - INFO - Época  33/50 - Train Loss: 1.095520 - Val Loss: 1.063701
2025-10-04 18:12:06,549 - INFO - Época  34/50 - Train Loss: 1.099792 - Val Loss: 1.059559
2025-10-04 18:12:08,417 - INFO - Época  35/50 - Train Loss: 1.087937 - Val Loss: 1.062042
2025-10-04 18:12:09,728 - INFO - Época  36/50 - Train Loss: 1.095522 - Val Loss: 1.060019
2025-10-04 18:12:11,105 - INFO - Época  37/50 - Train Loss: 1.093017 - Val Loss: 1.061793
2025-10-04 18:12:11,105 - INFO - Early stopping en época 37
2025-10-04 18:12:11,105 - INFO - Entrenamiento completado. Mejor pérdida de validación: 1.058802 en época 27
2025-10-04 18:12:11,174 - INFO - Modelo guardado: C:\Users\USER\Desktop\backspaceaps\models\weather_model.pt
2025-10-04 18:12:11,175 - INFO - === RESULTADOS DEL ENTRENAMIENTO ===
2025-10-04 18:12:11,175 - INFO - Mejor época: 27
2025-10-04 18:12:11,175 - INFO - .6f
2025-10-04 18:12:11,175 - INFO - Épocas totales: 37
2025-10-04 18:12:12,334 - INFO - Gráfico de entrenamiento guardado: C:\Users\USER\Desktop\backspaceaps\logs\training_history_20251004_181211.png
2025-10-04 18:12:12,348 - INFO - === EVALUANDO MODELO ===
2025-10-04 18:12:12,404 - ERROR - Error calculando métricas: name 'torch' is not defined
2025-10-04 18:12:12,407 - INFO - === MÉTRICAS DE EVALUACIÓN ===
2025-10-04 18:12:12,408 - INFO - .6f
2025-10-04 18:12:12,408 - INFO - === GUARDANDO ARTEFACTOS DE ENTRENAMIENTO ===
2025-10-04 18:12:12,410 - INFO - Escalador guardado: C:\Users\USER\Desktop\backspaceaps\models\scaler.pkl
2025-10-04 18:12:12,412 - INFO - Columnas de features guardadas: C:\Users\USER\Desktop\backspaceaps\models\feature_columns.pkl
2025-10-04 18:12:12,413 - INFO - Información del dataset guardada: C:\Users\USER\Desktop\backspaceaps\models\dataset_info.pkl
2025-10-04 18:12:12,413 - INFO - Artefactos de entrenamiento guardados correctamente
2025-10-04 18:12:12,414 - INFO - === PIPELINE DE ENTRENAMIENTO COMPLETADO EXITOSAMENTE ===
2025-10-04 18:12:12,415 - INFO - Modelo entrenado exitosamente
