2025-10-04 18:55:34,320 - INFO - Cargadas 34 coordenadas desde caché
2025-10-04 18:55:34,321 - INFO - Cargadas 34 coordenadas desde caché
2025-10-04 18:55:34,323 - INFO - Logging configurado. Archivo: C:\Users\USER\Desktop\backspaceaps\logs\training_20251004_185534.log
2025-10-04 18:55:34,324 - INFO - Cargadas 34 coordenadas desde caché
2025-10-04 18:55:34,327 - INFO - Usando aproximación para código postal 31125 (Chihuahua)
2025-10-04 18:55:34,327 - INFO - GENERANDO PRONOSTICO PARA 31125
2025-10-04 18:55:34,327 - INFO - Usando aproximación para código postal 31125 (Chihuahua)
2025-10-04 18:55:34,328 - INFO - Coordenadas encontradas: 28.632, -106.069
2025-10-04 18:55:34,328 - INFO - Cargando modelo y artefactos...
2025-10-04 18:55:34,329 - INFO - Información del dataset cargada: C:\Users\USER\Desktop\backspaceaps\models\dataset_info.pkl
2025-10-04 18:55:34,444 - INFO - Hiperparámetros cargados: input_size=20, hidden_size=16, model_type=simple
2025-10-04 18:55:37,212 - INFO - Trainer inicializado en dispositivo: cpu
2025-10-04 18:55:37,358 - INFO - Validando hiperparámetros: guardados={'input_size': 20, 'hidden_size': 16, 'num_layers': 1, 'output_steps': 24, 'num_targets': 6, 'model_class': 'WeatherPredictorSimplified'}, actuales={'input_size': 20, 'hidden_size': 16, 'num_layers': 1, 'output_steps': 24, 'num_targets': 6, 'model_class': 'WeatherPredictorSimplified'}
2025-10-04 18:55:37,365 - INFO - Modelo cargado correctamente: C:\Users\USER\Desktop\backspaceaps\models\weather_model.pt
2025-10-04 18:55:37,366 - INFO - Modelo y artefactos cargados correctamente
2025-10-04 18:55:37,367 - INFO - Generando pronóstico para código postal: 31125
2025-10-04 18:55:37,368 - INFO - Usando aproximación para código postal 31125 (Chihuahua)
2025-10-04 18:55:37,368 - INFO - Coordenadas encontradas: (28.632, -106.069)
2025-10-04 18:55:37,368 - INFO - Creando dataset de predicción para 31125
2025-10-04 18:55:37,368 - INFO - Recopilando datos históricos para predicción en 31125
2025-10-04 18:55:37,369 - INFO - Usando fechas históricas: 2024-09-15 12:00:00 a 2024-09-15 18:00:00
2025-10-04 18:55:37,369 - WARNING - Error obteniendo datos ERA5 históricos: 'ERA5DataDownloader' object has no attribute 'get_data'
2025-10-04 18:55:37,369 - WARNING - Error obteniendo datos IMERG históricos: 'IMERGDataDownloader' object has no attribute 'get_data'
2025-10-04 18:55:37,369 - WARNING - Error obteniendo datos de estaciones históricos: 'MeteostatDataDownloader' object has no attribute 'get_data'
2025-10-04 18:55:37,369 - WARNING - No se pudieron obtener datos históricos de ninguna fuente, usando datos sintéticos
2025-10-04 18:55:37,369 - INFO - Generando datos sintéticos para (28.632, -106.069) del 2024-09-15 al 2024-09-15
2025-10-04 18:55:37,380 - INFO - Generados 25 registros sintéticos para región 'chihuahua_city'
2025-10-04 18:55:37,380 - INFO - Datos sintéticos generados para predicción: 25 registros
2025-10-04 18:55:37,381 - INFO - Creando características derivadas para 9 variables base
2025-10-04 18:55:37,390 - INFO - Características temporales creadas: 15 nuevas variables
2025-10-04 18:55:37,402 - INFO - Características de lag creadas: 36 variables
2025-10-04 18:55:37,446 - INFO - Características rolling creadas: 108 variables
2025-10-04 18:55:37,466 - INFO - Características acumuladas creadas: 54 variables
2025-10-04 18:55:37,478 - INFO - Características de diferencias creadas: 54 variables
2025-10-04 18:55:37,512 - INFO - Características específicas del clima creadas: 10 variables
2025-10-04 18:55:37,513 - INFO - Total de características creadas: 277
2025-10-04 18:55:37,513 - INFO - Dataset final: 25 filas x 286 columnas
2025-10-04 18:55:37,515 - INFO - Características seleccionadas: 20 de 286
2025-10-04 18:55:37,562 - INFO - Dataset de predicción creado: torch.Size([1, 24, 20])
2025-10-04 18:55:37,578 - ERROR - No hay escalador disponible para desnormalizar
2025-10-04 18:55:37,580 - INFO - Pronóstico generado exitosamente para 31125
2025-10-04 18:55:37,581 - INFO - Generando visualizaciones...
2025-10-04 18:55:41,076 - INFO - Gráfico de pronóstico guardado: C:\Users\USER\Desktop\backspaceaps\logs\plots\forecast_31125_20251004_185538.png
2025-10-04 18:55:42,271 - INFO - Línea temporal guardada: C:\Users\USER\Desktop\backspaceaps\logs\plots\timeline_31125_20251004_185541.png
2025-10-04 18:55:42,286 - INFO - Pronostico generado exitosamente
