2025-10-04 18:32:52,155 - INFO - Cargadas 34 coordenadas desde caché
2025-10-04 18:32:52,157 - INFO - Cargadas 34 coordenadas desde caché
2025-10-04 18:32:52,160 - INFO - Logging configurado. Archivo: C:\Users\USER\Desktop\backspaceaps\logs\training_20251004_183252.log
2025-10-04 18:32:52,161 - INFO - Cargadas 34 coordenadas desde caché
2025-10-04 18:32:52,165 - INFO - Usando aproximación para código postal 31125 (Chihuahua)
2025-10-04 18:32:52,165 - INFO - GENERANDO PRONOSTICO PARA 31125
2025-10-04 18:32:52,165 - INFO - Usando aproximación para código postal 31125 (Chihuahua)
2025-10-04 18:32:52,166 - INFO - Coordenadas encontradas: 28.632, -106.069
2025-10-04 18:32:52,166 - INFO - Cargando modelo y artefactos...
2025-10-04 18:32:52,168 - INFO - Información del dataset cargada: C:\Users\USER\Desktop\backspaceaps\models\dataset_info.pkl
2025-10-04 18:32:52,332 - INFO - Hiperparámetros cargados: input_size=20, hidden_size=16, model_type=simple
2025-10-04 18:32:54,643 - INFO - Trainer inicializado en dispositivo: cpu
2025-10-04 18:32:54,731 - INFO - Modelo cargado correctamente: C:\Users\USER\Desktop\backspaceaps\models\weather_model.pt
2025-10-04 18:32:54,733 - INFO - Modelo y artefactos cargados correctamente
2025-10-04 18:32:54,735 - INFO - Generando pronóstico para código postal: 31125
2025-10-04 18:32:54,735 - INFO - Usando aproximación para código postal 31125 (Chihuahua)
2025-10-04 18:32:54,735 - INFO - Coordenadas encontradas: (28.632, -106.069)
2025-10-04 18:32:54,735 - INFO - Creando dataset de predicción para 31125
2025-10-04 18:32:54,735 - INFO - Recopilando datos para predicción en 31125
2025-10-04 18:32:54,737 - INFO - Descargando datos IMERG recientes...
2025-10-04 18:32:54,738 - INFO - Bearer token NASA encontrado en variables de entorno
2025-10-04 18:32:54,738 - INFO - Sesión NASA configurada correctamente con bearer token
2025-10-04 18:32:54,738 - INFO - Sesión NASA configurada correctamente con bearer token
2025-10-04 18:32:54,738 - INFO - Descargando datos IMERG para (28.632, -106.069) del 2025-10-04 12:32:54.737980 al 2025-10-05 00:32:54.737980
2025-10-04 18:32:56,744 - WARNING - Error descargando datos para 2025-10-04 12:32:54.737980: HTTP Error occurred 404 Client Error: 404 for url: https://gpm1.gesdisc.eosdis.nasa.gov/opendap/GPM_L3/GPM_3IMERGHH.06/2025/10/GPM_3IMERGHH.06_20251004-S123254-E123254.RT-H5.dds - Failed to fetch data from `https://gpm1.gesdisc.eosdis.nasa.gov/opendap/GPM_L3/GPM_3IMERGHH.06/2025/10/GPM_3IMERGHH.06_20251004-S123254-E123254.RT-H5.dds`
2025-10-04 18:32:59,285 - WARNING - Error descargando datos para 2025-10-04 13:02:54.737980: HTTP Error occurred 404 Client Error: 404 for url: https://gpm1.gesdisc.eosdis.nasa.gov/opendap/GPM_L3/GPM_3IMERGHH.06/2025/10/GPM_3IMERGHH.06_20251004-S130254-E130254.RT-H5.dds - Failed to fetch data from `https://gpm1.gesdisc.eosdis.nasa.gov/opendap/GPM_L3/GPM_3IMERGHH.06/2025/10/GPM_3IMERGHH.06_20251004-S130254-E130254.RT-H5.dds`
2025-10-04 18:33:01,731 - WARNING - Error descargando datos para 2025-10-04 13:32:54.737980: HTTP Error occurred 404 Client Error: 404 for url: https://gpm1.gesdisc.eosdis.nasa.gov/opendap/GPM_L3/GPM_3IMERGHH.06/2025/10/GPM_3IMERGHH.06_20251004-S133254-E133254.RT-H5.dds - Failed to fetch data from `https://gpm1.gesdisc.eosdis.nasa.gov/opendap/GPM_L3/GPM_3IMERGHH.06/2025/10/GPM_3IMERGHH.06_20251004-S133254-E133254.RT-H5.dds`
2025-10-04 18:33:05,421 - WARNING - Error descargando datos para 2025-10-04 14:02:54.737980: HTTP Error occurred 404 Client Error: 404 for url: https://gpm1.gesdisc.eosdis.nasa.gov/opendap/GPM_L3/GPM_3IMERGHH.06/2025/10/GPM_3IMERGHH.06_20251004-S140254-E140254.RT-H5.dds - Failed to fetch data from `https://gpm1.gesdisc.eosdis.nasa.gov/opendap/GPM_L3/GPM_3IMERGHH.06/2025/10/GPM_3IMERGHH.06_20251004-S140254-E140254.RT-H5.dds`
2025-10-04 18:33:07,345 - WARNING - Error descargando datos para 2025-10-04 14:32:54.737980: HTTP Error occurred 404 Client Error: 404 for url: https://gpm1.gesdisc.eosdis.nasa.gov/opendap/GPM_L3/GPM_3IMERGHH.06/2025/10/GPM_3IMERGHH.06_20251004-S143254-E143254.RT-H5.dds - Failed to fetch data from `https://gpm1.gesdisc.eosdis.nasa.gov/opendap/GPM_L3/GPM_3IMERGHH.06/2025/10/GPM_3IMERGHH.06_20251004-S143254-E143254.RT-H5.dds`
2025-10-04 18:33:09,657 - WARNING - Error descargando datos para 2025-10-04 15:02:54.737980: HTTP Error occurred 404 Client Error: 404 for url: https://gpm1.gesdisc.eosdis.nasa.gov/opendap/GPM_L3/GPM_3IMERGHH.06/2025/10/GPM_3IMERGHH.06_20251004-S150254-E150254.RT-H5.dds - Failed to fetch data from `https://gpm1.gesdisc.eosdis.nasa.gov/opendap/GPM_L3/GPM_3IMERGHH.06/2025/10/GPM_3IMERGHH.06_20251004-S150254-E150254.RT-H5.dds`
2025-10-04 18:33:12,333 - WARNING - Error descargando datos para 2025-10-04 15:32:54.737980: HTTP Error occurred 404 Client Error: 404 for url: https://gpm1.gesdisc.eosdis.nasa.gov/opendap/GPM_L3/GPM_3IMERGHH.06/2025/10/GPM_3IMERGHH.06_20251004-S153254-E153254.RT-H5.dds - Failed to fetch data from `https://gpm1.gesdisc.eosdis.nasa.gov/opendap/GPM_L3/GPM_3IMERGHH.06/2025/10/GPM_3IMERGHH.06_20251004-S153254-E153254.RT-H5.dds`
2025-10-04 18:33:14,584 - WARNING - Error descargando datos para 2025-10-04 16:02:54.737980: HTTP Error occurred 404 Client Error: 404 for url: https://gpm1.gesdisc.eosdis.nasa.gov/opendap/GPM_L3/GPM_3IMERGHH.06/2025/10/GPM_3IMERGHH.06_20251004-S160254-E160254.RT-H5.dds - Failed to fetch data from `https://gpm1.gesdisc.eosdis.nasa.gov/opendap/GPM_L3/GPM_3IMERGHH.06/2025/10/GPM_3IMERGHH.06_20251004-S160254-E160254.RT-H5.dds`
2025-10-04 18:33:17,139 - WARNING - Error descargando datos para 2025-10-04 16:32:54.737980: HTTP Error occurred 404 Client Error: 404 for url: https://gpm1.gesdisc.eosdis.nasa.gov/opendap/GPM_L3/GPM_3IMERGHH.06/2025/10/GPM_3IMERGHH.06_20251004-S163254-E163254.RT-H5.dds - Failed to fetch data from `https://gpm1.gesdisc.eosdis.nasa.gov/opendap/GPM_L3/GPM_3IMERGHH.06/2025/10/GPM_3IMERGHH.06_20251004-S163254-E163254.RT-H5.dds`
2025-10-04 18:33:19,706 - WARNING - Error descargando datos para 2025-10-04 17:02:54.737980: HTTP Error occurred 404 Client Error: 404 for url: https://gpm1.gesdisc.eosdis.nasa.gov/opendap/GPM_L3/GPM_3IMERGHH.06/2025/10/GPM_3IMERGHH.06_20251004-S170254-E170254.RT-H5.dds - Failed to fetch data from `https://gpm1.gesdisc.eosdis.nasa.gov/opendap/GPM_L3/GPM_3IMERGHH.06/2025/10/GPM_3IMERGHH.06_20251004-S170254-E170254.RT-H5.dds`
2025-10-04 18:33:22,425 - WARNING - Error descargando datos para 2025-10-04 17:32:54.737980: HTTP Error occurred 404 Client Error: 404 for url: https://gpm1.gesdisc.eosdis.nasa.gov/opendap/GPM_L3/GPM_3IMERGHH.06/2025/10/GPM_3IMERGHH.06_20251004-S173254-E173254.RT-H5.dds - Failed to fetch data from `https://gpm1.gesdisc.eosdis.nasa.gov/opendap/GPM_L3/GPM_3IMERGHH.06/2025/10/GPM_3IMERGHH.06_20251004-S173254-E173254.RT-H5.dds`
2025-10-04 18:33:24,965 - WARNING - Error descargando datos para 2025-10-04 18:02:54.737980: HTTP Error occurred 404 Client Error: 404 for url: https://gpm1.gesdisc.eosdis.nasa.gov/opendap/GPM_L3/GPM_3IMERGHH.06/2025/10/GPM_3IMERGHH.06_20251004-S180254-E180254.RT-H5.dds - Failed to fetch data from `https://gpm1.gesdisc.eosdis.nasa.gov/opendap/GPM_L3/GPM_3IMERGHH.06/2025/10/GPM_3IMERGHH.06_20251004-S180254-E180254.RT-H5.dds`
2025-10-04 18:33:27,240 - WARNING - Error descargando datos para 2025-10-04 18:32:54.737980: HTTP Error occurred 404 Client Error: 404 for url: https://gpm1.gesdisc.eosdis.nasa.gov/opendap/GPM_L3/GPM_3IMERGHH.06/2025/10/GPM_3IMERGHH.06_20251004-S183254-E183254.RT-H5.dds - Failed to fetch data from `https://gpm1.gesdisc.eosdis.nasa.gov/opendap/GPM_L3/GPM_3IMERGHH.06/2025/10/GPM_3IMERGHH.06_20251004-S183254-E183254.RT-H5.dds`
2025-10-04 18:33:29,776 - WARNING - Error descargando datos para 2025-10-04 19:02:54.737980: HTTP Error occurred 404 Client Error: 404 for url: https://gpm1.gesdisc.eosdis.nasa.gov/opendap/GPM_L3/GPM_3IMERGHH.06/2025/10/GPM_3IMERGHH.06_20251004-S190254-E190254.RT-H5.dds - Failed to fetch data from `https://gpm1.gesdisc.eosdis.nasa.gov/opendap/GPM_L3/GPM_3IMERGHH.06/2025/10/GPM_3IMERGHH.06_20251004-S190254-E190254.RT-H5.dds`
2025-10-04 18:33:32,187 - WARNING - Error descargando datos para 2025-10-04 19:32:54.737980: HTTP Error occurred 404 Client Error: 404 for url: https://gpm1.gesdisc.eosdis.nasa.gov/opendap/GPM_L3/GPM_3IMERGHH.06/2025/10/GPM_3IMERGHH.06_20251004-S193254-E193254.RT-H5.dds - Failed to fetch data from `https://gpm1.gesdisc.eosdis.nasa.gov/opendap/GPM_L3/GPM_3IMERGHH.06/2025/10/GPM_3IMERGHH.06_20251004-S193254-E193254.RT-H5.dds`
2025-10-04 18:33:34,988 - WARNING - Error descargando datos para 2025-10-04 20:02:54.737980: HTTP Error occurred 404 Client Error: 404 for url: https://gpm1.gesdisc.eosdis.nasa.gov/opendap/GPM_L3/GPM_3IMERGHH.06/2025/10/GPM_3IMERGHH.06_20251004-S200254-E200254.RT-H5.dds - Failed to fetch data from `https://gpm1.gesdisc.eosdis.nasa.gov/opendap/GPM_L3/GPM_3IMERGHH.06/2025/10/GPM_3IMERGHH.06_20251004-S200254-E200254.RT-H5.dds`
2025-10-04 18:33:38,218 - WARNING - Error descargando datos para 2025-10-04 20:32:54.737980: HTTP Error occurred 404 Client Error: 404 for url: https://gpm1.gesdisc.eosdis.nasa.gov/opendap/GPM_L3/GPM_3IMERGHH.06/2025/10/GPM_3IMERGHH.06_20251004-S203254-E203254.RT-H5.dds - Failed to fetch data from `https://gpm1.gesdisc.eosdis.nasa.gov/opendap/GPM_L3/GPM_3IMERGHH.06/2025/10/GPM_3IMERGHH.06_20251004-S203254-E203254.RT-H5.dds`
2025-10-04 18:33:40,543 - WARNING - Error descargando datos para 2025-10-04 21:02:54.737980: HTTP Error occurred 404 Client Error: 404 for url: https://gpm1.gesdisc.eosdis.nasa.gov/opendap/GPM_L3/GPM_3IMERGHH.06/2025/10/GPM_3IMERGHH.06_20251004-S210254-E210254.RT-H5.dds - Failed to fetch data from `https://gpm1.gesdisc.eosdis.nasa.gov/opendap/GPM_L3/GPM_3IMERGHH.06/2025/10/GPM_3IMERGHH.06_20251004-S210254-E210254.RT-H5.dds`
2025-10-04 18:33:43,081 - WARNING - Error descargando datos para 2025-10-04 21:32:54.737980: HTTP Error occurred 404 Client Error: 404 for url: https://gpm1.gesdisc.eosdis.nasa.gov/opendap/GPM_L3/GPM_3IMERGHH.06/2025/10/GPM_3IMERGHH.06_20251004-S213254-E213254.RT-H5.dds - Failed to fetch data from `https://gpm1.gesdisc.eosdis.nasa.gov/opendap/GPM_L3/GPM_3IMERGHH.06/2025/10/GPM_3IMERGHH.06_20251004-S213254-E213254.RT-H5.dds`
2025-10-04 18:33:46,079 - WARNING - Error descargando datos para 2025-10-04 22:02:54.737980: HTTP Error occurred 404 Client Error: 404 for url: https://gpm1.gesdisc.eosdis.nasa.gov/opendap/GPM_L3/GPM_3IMERGHH.06/2025/10/GPM_3IMERGHH.06_20251004-S220254-E220254.RT-H5.dds - Failed to fetch data from `https://gpm1.gesdisc.eosdis.nasa.gov/opendap/GPM_L3/GPM_3IMERGHH.06/2025/10/GPM_3IMERGHH.06_20251004-S220254-E220254.RT-H5.dds`
2025-10-04 18:33:48,566 - WARNING - Error descargando datos para 2025-10-04 22:32:54.737980: HTTP Error occurred 404 Client Error: 404 for url: https://gpm1.gesdisc.eosdis.nasa.gov/opendap/GPM_L3/GPM_3IMERGHH.06/2025/10/GPM_3IMERGHH.06_20251004-S223254-E223254.RT-H5.dds - Failed to fetch data from `https://gpm1.gesdisc.eosdis.nasa.gov/opendap/GPM_L3/GPM_3IMERGHH.06/2025/10/GPM_3IMERGHH.06_20251004-S223254-E223254.RT-H5.dds`
2025-10-04 18:33:51,265 - WARNING - Error descargando datos para 2025-10-04 23:02:54.737980: HTTP Error occurred 404 Client Error: 404 for url: https://gpm1.gesdisc.eosdis.nasa.gov/opendap/GPM_L3/GPM_3IMERGHH.06/2025/10/GPM_3IMERGHH.06_20251004-S230254-E230254.RT-H5.dds - Failed to fetch data from `https://gpm1.gesdisc.eosdis.nasa.gov/opendap/GPM_L3/GPM_3IMERGHH.06/2025/10/GPM_3IMERGHH.06_20251004-S230254-E230254.RT-H5.dds`
2025-10-04 18:33:54,449 - WARNING - Error descargando datos para 2025-10-04 23:32:54.737980: HTTP Error occurred 404 Client Error: 404 for url: https://gpm1.gesdisc.eosdis.nasa.gov/opendap/GPM_L3/GPM_3IMERGHH.06/2025/10/GPM_3IMERGHH.06_20251004-S233254-E233254.RT-H5.dds - Failed to fetch data from `https://gpm1.gesdisc.eosdis.nasa.gov/opendap/GPM_L3/GPM_3IMERGHH.06/2025/10/GPM_3IMERGHH.06_20251004-S233254-E233254.RT-H5.dds`
2025-10-04 18:33:56,661 - WARNING - Error descargando datos para 2025-10-05 00:02:54.737980: HTTP Error occurred 404 Client Error: 404 for url: https://gpm1.gesdisc.eosdis.nasa.gov/opendap/GPM_L3/GPM_3IMERGHH.06/2025/10/GPM_3IMERGHH.06_20251005-S000254-E000254.RT-H5.dds - Failed to fetch data from `https://gpm1.gesdisc.eosdis.nasa.gov/opendap/GPM_L3/GPM_3IMERGHH.06/2025/10/GPM_3IMERGHH.06_20251005-S000254-E000254.RT-H5.dds`
2025-10-04 18:33:59,515 - WARNING - Error descargando datos para 2025-10-05 00:32:54.737980: HTTP Error occurred 404 Client Error: 404 for url: https://gpm1.gesdisc.eosdis.nasa.gov/opendap/GPM_L3/GPM_3IMERGHH.06/2025/10/GPM_3IMERGHH.06_20251005-S003254-E003254.RT-H5.dds - Failed to fetch data from `https://gpm1.gesdisc.eosdis.nasa.gov/opendap/GPM_L3/GPM_3IMERGHH.06/2025/10/GPM_3IMERGHH.06_20251005-S003254-E003254.RT-H5.dds`
2025-10-04 18:33:59,522 - ERROR - No se pudieron descargar datos IMERG
2025-10-04 18:33:59,525 - INFO - Descargando datos ERA5 recientes...
2025-10-04 18:33:59,525 - INFO - Credenciales CDS encontradas en variables de entorno
2025-10-04 18:34:01,739 - INFO - Cliente CDS configurado correctamente con credenciales de .env
2025-10-04 18:34:01,740 - INFO - Descargando datos ERA5 para (28.632, -106.069) del 2025-10-04 al 2025-10-05
2025-10-04 18:34:02,518 - ERROR - Error descargando datos ERA5: 400 Client Error: Bad Request for url: https://cds.climate.copernicus.eu/api/retrieve/v1/processes/reanalysis-era5-single-levels/execution
invalid request
None of the data you have requested is available yet, please revise the period requested. The latest date available for this dataset is: 2025-09-30 00:00
2025-10-04 18:34:02,518 - INFO - Descargando datos recientes de estaciones...
2025-10-04 18:34:02,518 - INFO - Buscando estaciones cercanas a (28.632, -106.069) dentro de 100km
2025-10-04 18:34:02,543 - WARNING - No se encontraron estaciones meteorológicas cercanas
2025-10-04 18:34:02,543 - WARNING - No se encontraron estaciones para combinar datos
2025-10-04 18:34:02,543 - ERROR - No se pudieron obtener datos recientes de ninguna fuente
2025-10-04 18:34:02,543 - ERROR - No se pudieron obtener datos recientes para predicción
2025-10-04 18:34:02,544 - ERROR - Error en pronostico: No se pudieron obtener datos recientes para predicción
