2025-10-04 18:38:15,760 - INFO - Cargadas 34 coordenadas desde caché
2025-10-04 18:38:15,761 - INFO - Cargadas 34 coordenadas desde caché
2025-10-04 18:38:15,763 - INFO - Logging configurado. Archivo: C:\Users\USER\Desktop\backspaceaps\logs\training_20251004_183815.log
2025-10-04 18:38:15,764 - INFO - Cargadas 34 coordenadas desde caché
2025-10-04 18:38:15,766 - INFO - Usando aproximación para código postal 31125 (Chihuahua)
2025-10-04 18:38:15,766 - INFO - GENERANDO PRONOSTICO PARA 31125
2025-10-04 18:38:15,766 - INFO - Usando aproximación para código postal 31125 (Chihuahua)
2025-10-04 18:38:15,767 - INFO - Coordenadas encontradas: 28.632, -106.069
2025-10-04 18:38:15,767 - INFO - Cargando modelo y artefactos...
2025-10-04 18:38:15,768 - INFO - Información del dataset cargada: C:\Users\USER\Desktop\backspaceaps\models\dataset_info.pkl
2025-10-04 18:38:15,873 - INFO - Hiperparámetros cargados: input_size=20, hidden_size=16, model_type=simple
2025-10-04 18:38:18,313 - INFO - Trainer inicializado en dispositivo: cpu
2025-10-04 18:38:18,426 - INFO - Validando hiperparámetros: guardados={'input_size': 20, 'hidden_size': 16, 'num_layers': 1, 'output_steps': 24, 'num_targets': 6, 'model_class': 'WeatherPredictorSimplified'}, actuales={'input_size': 20, 'hidden_size': 16, 'num_layers': 1, 'output_steps': 24, 'num_targets': 6, 'model_class': 'WeatherPredictorSimplified'}
2025-10-04 18:38:18,431 - INFO - Modelo cargado correctamente: C:\Users\USER\Desktop\backspaceaps\models\weather_model.pt
2025-10-04 18:38:18,432 - INFO - Modelo y artefactos cargados correctamente
2025-10-04 18:38:18,432 - INFO - Generando pronóstico para código postal: 31125
2025-10-04 18:38:18,433 - INFO - Usando aproximación para código postal 31125 (Chihuahua)
2025-10-04 18:38:18,433 - INFO - Coordenadas encontradas: (28.632, -106.069)
2025-10-04 18:38:18,433 - INFO - Creando dataset de predicción para 31125
2025-10-04 18:38:18,433 - INFO - Recopilando datos para predicción en 31125
2025-10-04 18:38:18,434 - INFO - Descargando datos IMERG recientes...
2025-10-04 18:38:18,434 - INFO - Bearer token NASA encontrado en variables de entorno
2025-10-04 18:38:18,434 - INFO - Sesión NASA configurada correctamente con bearer token
2025-10-04 18:38:18,434 - INFO - Sesión NASA configurada correctamente con bearer token
2025-10-04 18:38:18,434 - INFO - Descargando datos IMERG para (28.632, -106.069) del 2025-10-04 12:38:18.434150 al 2025-10-05 00:38:18.434150
2025-10-04 18:38:21,126 - WARNING - Error descargando datos para 2025-10-04 12:38:18.434150: HTTP Error occurred 404 Client Error: 404 for url: https://gpm1.gesdisc.eosdis.nasa.gov/opendap/GPM_L3/GPM_3IMERGHH.06/2025/10/GPM_3IMERGHH.06_20251004-S123818-E123818.RT-H5.dds - Failed to fetch data from `https://gpm1.gesdisc.eosdis.nasa.gov/opendap/GPM_L3/GPM_3IMERGHH.06/2025/10/GPM_3IMERGHH.06_20251004-S123818-E123818.RT-H5.dds`
2025-10-04 18:38:24,032 - WARNING - Error descargando datos para 2025-10-04 13:08:18.434150: HTTP Error occurred 404 Client Error: 404 for url: https://gpm1.gesdisc.eosdis.nasa.gov/opendap/GPM_L3/GPM_3IMERGHH.06/2025/10/GPM_3IMERGHH.06_20251004-S130818-E130818.RT-H5.dds - Failed to fetch data from `https://gpm1.gesdisc.eosdis.nasa.gov/opendap/GPM_L3/GPM_3IMERGHH.06/2025/10/GPM_3IMERGHH.06_20251004-S130818-E130818.RT-H5.dds`
2025-10-04 18:38:26,490 - WARNING - Error descargando datos para 2025-10-04 13:38:18.434150: HTTP Error occurred 404 Client Error: 404 for url: https://gpm1.gesdisc.eosdis.nasa.gov/opendap/GPM_L3/GPM_3IMERGHH.06/2025/10/GPM_3IMERGHH.06_20251004-S133818-E133818.RT-H5.dds - Failed to fetch data from `https://gpm1.gesdisc.eosdis.nasa.gov/opendap/GPM_L3/GPM_3IMERGHH.06/2025/10/GPM_3IMERGHH.06_20251004-S133818-E133818.RT-H5.dds`
2025-10-04 18:38:29,468 - WARNING - Error descargando datos para 2025-10-04 14:08:18.434150: HTTP Error occurred 404 Client Error: 404 for url: https://gpm1.gesdisc.eosdis.nasa.gov/opendap/GPM_L3/GPM_3IMERGHH.06/2025/10/GPM_3IMERGHH.06_20251004-S140818-E140818.RT-H5.dds - Failed to fetch data from `https://gpm1.gesdisc.eosdis.nasa.gov/opendap/GPM_L3/GPM_3IMERGHH.06/2025/10/GPM_3IMERGHH.06_20251004-S140818-E140818.RT-H5.dds`
2025-10-04 18:38:31,471 - WARNING - Error descargando datos para 2025-10-04 14:38:18.434150: HTTP Error occurred 404 Client Error: 404 for url: https://gpm1.gesdisc.eosdis.nasa.gov/opendap/GPM_L3/GPM_3IMERGHH.06/2025/10/GPM_3IMERGHH.06_20251004-S143818-E143818.RT-H5.dds - Failed to fetch data from `https://gpm1.gesdisc.eosdis.nasa.gov/opendap/GPM_L3/GPM_3IMERGHH.06/2025/10/GPM_3IMERGHH.06_20251004-S143818-E143818.RT-H5.dds`
2025-10-04 18:38:34,244 - WARNING - Error descargando datos para 2025-10-04 15:08:18.434150: HTTP Error occurred 404 Client Error: 404 for url: https://gpm1.gesdisc.eosdis.nasa.gov/opendap/GPM_L3/GPM_3IMERGHH.06/2025/10/GPM_3IMERGHH.06_20251004-S150818-E150818.RT-H5.dds - Failed to fetch data from `https://gpm1.gesdisc.eosdis.nasa.gov/opendap/GPM_L3/GPM_3IMERGHH.06/2025/10/GPM_3IMERGHH.06_20251004-S150818-E150818.RT-H5.dds`
2025-10-04 18:38:36,509 - WARNING - Error descargando datos para 2025-10-04 15:38:18.434150: HTTP Error occurred 404 Client Error: 404 for url: https://gpm1.gesdisc.eosdis.nasa.gov/opendap/GPM_L3/GPM_3IMERGHH.06/2025/10/GPM_3IMERGHH.06_20251004-S153818-E153818.RT-H5.dds - Failed to fetch data from `https://gpm1.gesdisc.eosdis.nasa.gov/opendap/GPM_L3/GPM_3IMERGHH.06/2025/10/GPM_3IMERGHH.06_20251004-S153818-E153818.RT-H5.dds`
2025-10-04 18:38:39,022 - WARNING - Error descargando datos para 2025-10-04 16:08:18.434150: HTTP Error occurred 404 Client Error: 404 for url: https://gpm1.gesdisc.eosdis.nasa.gov/opendap/GPM_L3/GPM_3IMERGHH.06/2025/10/GPM_3IMERGHH.06_20251004-S160818-E160818.RT-H5.dds - Failed to fetch data from `https://gpm1.gesdisc.eosdis.nasa.gov/opendap/GPM_L3/GPM_3IMERGHH.06/2025/10/GPM_3IMERGHH.06_20251004-S160818-E160818.RT-H5.dds`
2025-10-04 18:38:41,623 - WARNING - Error descargando datos para 2025-10-04 16:38:18.434150: HTTP Error occurred 404 Client Error: 404 for url: https://gpm1.gesdisc.eosdis.nasa.gov/opendap/GPM_L3/GPM_3IMERGHH.06/2025/10/GPM_3IMERGHH.06_20251004-S163818-E163818.RT-H5.dds - Failed to fetch data from `https://gpm1.gesdisc.eosdis.nasa.gov/opendap/GPM_L3/GPM_3IMERGHH.06/2025/10/GPM_3IMERGHH.06_20251004-S163818-E163818.RT-H5.dds`
2025-10-04 18:38:44,239 - WARNING - Error descargando datos para 2025-10-04 17:08:18.434150: HTTP Error occurred 404 Client Error: 404 for url: https://gpm1.gesdisc.eosdis.nasa.gov/opendap/GPM_L3/GPM_3IMERGHH.06/2025/10/GPM_3IMERGHH.06_20251004-S170818-E170818.RT-H5.dds - Failed to fetch data from `https://gpm1.gesdisc.eosdis.nasa.gov/opendap/GPM_L3/GPM_3IMERGHH.06/2025/10/GPM_3IMERGHH.06_20251004-S170818-E170818.RT-H5.dds`
2025-10-04 18:38:46,835 - WARNING - Error descargando datos para 2025-10-04 17:38:18.434150: HTTP Error occurred 404 Client Error: 404 for url: https://gpm1.gesdisc.eosdis.nasa.gov/opendap/GPM_L3/GPM_3IMERGHH.06/2025/10/GPM_3IMERGHH.06_20251004-S173818-E173818.RT-H5.dds - Failed to fetch data from `https://gpm1.gesdisc.eosdis.nasa.gov/opendap/GPM_L3/GPM_3IMERGHH.06/2025/10/GPM_3IMERGHH.06_20251004-S173818-E173818.RT-H5.dds`
2025-10-04 18:38:49,311 - WARNING - Error descargando datos para 2025-10-04 18:08:18.434150: HTTP Error occurred 404 Client Error: 404 for url: https://gpm1.gesdisc.eosdis.nasa.gov/opendap/GPM_L3/GPM_3IMERGHH.06/2025/10/GPM_3IMERGHH.06_20251004-S180818-E180818.RT-H5.dds - Failed to fetch data from `https://gpm1.gesdisc.eosdis.nasa.gov/opendap/GPM_L3/GPM_3IMERGHH.06/2025/10/GPM_3IMERGHH.06_20251004-S180818-E180818.RT-H5.dds`
2025-10-04 18:38:51,850 - WARNING - Error descargando datos para 2025-10-04 18:38:18.434150: HTTP Error occurred 404 Client Error: 404 for url: https://gpm1.gesdisc.eosdis.nasa.gov/opendap/GPM_L3/GPM_3IMERGHH.06/2025/10/GPM_3IMERGHH.06_20251004-S183818-E183818.RT-H5.dds - Failed to fetch data from `https://gpm1.gesdisc.eosdis.nasa.gov/opendap/GPM_L3/GPM_3IMERGHH.06/2025/10/GPM_3IMERGHH.06_20251004-S183818-E183818.RT-H5.dds`
2025-10-04 18:38:54,443 - WARNING - Error descargando datos para 2025-10-04 19:08:18.434150: HTTP Error occurred 404 Client Error: 404 for url: https://gpm1.gesdisc.eosdis.nasa.gov/opendap/GPM_L3/GPM_3IMERGHH.06/2025/10/GPM_3IMERGHH.06_20251004-S190818-E190818.RT-H5.dds - Failed to fetch data from `https://gpm1.gesdisc.eosdis.nasa.gov/opendap/GPM_L3/GPM_3IMERGHH.06/2025/10/GPM_3IMERGHH.06_20251004-S190818-E190818.RT-H5.dds`
2025-10-04 18:38:56,924 - WARNING - Error descargando datos para 2025-10-04 19:38:18.434150: HTTP Error occurred 404 Client Error: 404 for url: https://gpm1.gesdisc.eosdis.nasa.gov/opendap/GPM_L3/GPM_3IMERGHH.06/2025/10/GPM_3IMERGHH.06_20251004-S193818-E193818.RT-H5.dds - Failed to fetch data from `https://gpm1.gesdisc.eosdis.nasa.gov/opendap/GPM_L3/GPM_3IMERGHH.06/2025/10/GPM_3IMERGHH.06_20251004-S193818-E193818.RT-H5.dds`
2025-10-04 18:38:58,917 - WARNING - Error descargando datos para 2025-10-04 20:08:18.434150: HTTP Error occurred 404 Client Error: 404 for url: https://gpm1.gesdisc.eosdis.nasa.gov/opendap/GPM_L3/GPM_3IMERGHH.06/2025/10/GPM_3IMERGHH.06_20251004-S200818-E200818.RT-H5.dds - Failed to fetch data from `https://gpm1.gesdisc.eosdis.nasa.gov/opendap/GPM_L3/GPM_3IMERGHH.06/2025/10/GPM_3IMERGHH.06_20251004-S200818-E200818.RT-H5.dds`
2025-10-04 18:39:01,201 - WARNING - Error descargando datos para 2025-10-04 20:38:18.434150: HTTP Error occurred 404 Client Error: 404 for url: https://gpm1.gesdisc.eosdis.nasa.gov/opendap/GPM_L3/GPM_3IMERGHH.06/2025/10/GPM_3IMERGHH.06_20251004-S203818-E203818.RT-H5.dds - Failed to fetch data from `https://gpm1.gesdisc.eosdis.nasa.gov/opendap/GPM_L3/GPM_3IMERGHH.06/2025/10/GPM_3IMERGHH.06_20251004-S203818-E203818.RT-H5.dds`
2025-10-04 18:39:03,953 - WARNING - Error descargando datos para 2025-10-04 21:08:18.434150: HTTP Error occurred 404 Client Error: 404 for url: https://gpm1.gesdisc.eosdis.nasa.gov/opendap/GPM_L3/GPM_3IMERGHH.06/2025/10/GPM_3IMERGHH.06_20251004-S210818-E210818.RT-H5.dds - Failed to fetch data from `https://gpm1.gesdisc.eosdis.nasa.gov/opendap/GPM_L3/GPM_3IMERGHH.06/2025/10/GPM_3IMERGHH.06_20251004-S210818-E210818.RT-H5.dds`
2025-10-04 18:39:06,490 - WARNING - Error descargando datos para 2025-10-04 21:38:18.434150: HTTP Error occurred 404 Client Error: 404 for url: https://gpm1.gesdisc.eosdis.nasa.gov/opendap/GPM_L3/GPM_3IMERGHH.06/2025/10/GPM_3IMERGHH.06_20251004-S213818-E213818.RT-H5.dds - Failed to fetch data from `https://gpm1.gesdisc.eosdis.nasa.gov/opendap/GPM_L3/GPM_3IMERGHH.06/2025/10/GPM_3IMERGHH.06_20251004-S213818-E213818.RT-H5.dds`
2025-10-04 18:39:09,162 - WARNING - Error descargando datos para 2025-10-04 22:08:18.434150: HTTP Error occurred 404 Client Error: 404 for url: https://gpm1.gesdisc.eosdis.nasa.gov/opendap/GPM_L3/GPM_3IMERGHH.06/2025/10/GPM_3IMERGHH.06_20251004-S220818-E220818.RT-H5.dds - Failed to fetch data from `https://gpm1.gesdisc.eosdis.nasa.gov/opendap/GPM_L3/GPM_3IMERGHH.06/2025/10/GPM_3IMERGHH.06_20251004-S220818-E220818.RT-H5.dds`
2025-10-04 18:39:11,490 - WARNING - Error descargando datos para 2025-10-04 22:38:18.434150: HTTP Error occurred 404 Client Error: 404 for url: https://gpm1.gesdisc.eosdis.nasa.gov/opendap/GPM_L3/GPM_3IMERGHH.06/2025/10/GPM_3IMERGHH.06_20251004-S223818-E223818.RT-H5.dds - Failed to fetch data from `https://gpm1.gesdisc.eosdis.nasa.gov/opendap/GPM_L3/GPM_3IMERGHH.06/2025/10/GPM_3IMERGHH.06_20251004-S223818-E223818.RT-H5.dds`
2025-10-04 18:39:14,197 - WARNING - Error descargando datos para 2025-10-04 23:08:18.434150: HTTP Error occurred 404 Client Error: 404 for url: https://gpm1.gesdisc.eosdis.nasa.gov/opendap/GPM_L3/GPM_3IMERGHH.06/2025/10/GPM_3IMERGHH.06_20251004-S230818-E230818.RT-H5.dds - Failed to fetch data from `https://gpm1.gesdisc.eosdis.nasa.gov/opendap/GPM_L3/GPM_3IMERGHH.06/2025/10/GPM_3IMERGHH.06_20251004-S230818-E230818.RT-H5.dds`
2025-10-04 18:39:16,870 - WARNING - Error descargando datos para 2025-10-04 23:38:18.434150: HTTP Error occurred 404 Client Error: 404 for url: https://gpm1.gesdisc.eosdis.nasa.gov/opendap/GPM_L3/GPM_3IMERGHH.06/2025/10/GPM_3IMERGHH.06_20251004-S233818-E233818.RT-H5.dds - Failed to fetch data from `https://gpm1.gesdisc.eosdis.nasa.gov/opendap/GPM_L3/GPM_3IMERGHH.06/2025/10/GPM_3IMERGHH.06_20251004-S233818-E233818.RT-H5.dds`
2025-10-04 18:39:19,340 - WARNING - Error descargando datos para 2025-10-05 00:08:18.434150: HTTP Error occurred 404 Client Error: 404 for url: https://gpm1.gesdisc.eosdis.nasa.gov/opendap/GPM_L3/GPM_3IMERGHH.06/2025/10/GPM_3IMERGHH.06_20251005-S000818-E000818.RT-H5.dds - Failed to fetch data from `https://gpm1.gesdisc.eosdis.nasa.gov/opendap/GPM_L3/GPM_3IMERGHH.06/2025/10/GPM_3IMERGHH.06_20251005-S000818-E000818.RT-H5.dds`
2025-10-04 18:39:21,850 - WARNING - Error descargando datos para 2025-10-05 00:38:18.434150: HTTP Error occurred 404 Client Error: 404 for url: https://gpm1.gesdisc.eosdis.nasa.gov/opendap/GPM_L3/GPM_3IMERGHH.06/2025/10/GPM_3IMERGHH.06_20251005-S003818-E003818.RT-H5.dds - Failed to fetch data from `https://gpm1.gesdisc.eosdis.nasa.gov/opendap/GPM_L3/GPM_3IMERGHH.06/2025/10/GPM_3IMERGHH.06_20251005-S003818-E003818.RT-H5.dds`
2025-10-04 18:39:21,856 - ERROR - No se pudieron descargar datos IMERG
2025-10-04 18:39:21,859 - INFO - Descargando datos ERA5 recientes...
2025-10-04 18:39:21,861 - INFO - Credenciales CDS encontradas en variables de entorno
2025-10-04 18:39:24,214 - INFO - Cliente CDS configurado correctamente con credenciales de .env
2025-10-04 18:39:24,215 - INFO - Descargando datos ERA5 para (28.632, -106.069) del 2025-10-04 al 2025-10-05
2025-10-04 18:39:24,747 - ERROR - Error descargando datos ERA5: 400 Client Error: Bad Request for url: https://cds.climate.copernicus.eu/api/retrieve/v1/processes/reanalysis-era5-single-levels/execution
invalid request
None of the data you have requested is available yet, please revise the period requested. The latest date available for this dataset is: 2025-09-30 00:00
2025-10-04 18:39:24,747 - INFO - Descargando datos recientes de estaciones...
2025-10-04 18:39:24,748 - INFO - Buscando estaciones cercanas a (28.632, -106.069) dentro de 100km
2025-10-04 18:39:24,780 - WARNING - No se encontraron estaciones meteorológicas cercanas
2025-10-04 18:39:24,781 - WARNING - No se encontraron estaciones para combinar datos
2025-10-04 18:39:24,781 - ERROR - No se pudieron obtener datos recientes de ninguna fuente
2025-10-04 18:39:24,781 - ERROR - No se pudieron obtener datos recientes para predicción
2025-10-04 18:39:24,781 - ERROR - Error en pronostico: No se pudieron obtener datos recientes para predicción
